[ 2016-07-01T14:57:51+08:00 ] 127.0.0.1 /index.php/Index/get_curl_contens
INFO: [ app_init ] --START--
INFO: Run Behavior\BuildLiteBehavior [ RunTime:0.000247s ]
INFO: [ app_init ] --END-- [ RunTime:0.003062s ]
NOTIC: [8] Undefined offset: 1 E:\WWW\tpcms\ThinkPHP\Library\Think\Dispatcher.class.php 第 71 行.
INFO: [ app_begin ] --START--
INFO: Run Behavior\ReadHtmlCacheBehavior [ RunTime:0.013254s ]
INFO: [ app_begin ] --END-- [ RunTime:0.014566s ]
ERR: 非法操作:get_curl_contens

[ 2016-07-01T14:57:56+08:00 ] 127.0.0.1 /index.php/Index/get_curl_contents
INFO: [ app_init ] --START--
INFO: Run Behavior\BuildLiteBehavior [ RunTime:0.000204s ]
INFO: [ app_init ] --END-- [ RunTime:0.001659s ]
NOTIC: [8] Undefined offset: 1 E:\WWW\tpcms\ThinkPHP\Library\Think\Dispatcher.class.php 第 71 行.
INFO: [ app_begin ] --START--
INFO: Run Behavior\ReadHtmlCacheBehavior [ RunTime:0.001337s ]
INFO: [ app_begin ] --END-- [ RunTime:0.002419s ]
INFO: [ app_end ] --START--
INFO: Run Behavior\ShowPageTraceBehavior [ RunTime:0.076859s ]
INFO: [ app_end ] --END-- [ RunTime:0.078379s ]

[ 2016-07-01T14:58:05+08:00 ] 127.0.0.1 /index.php/Index/get_curl_contents
INFO: [ app_init ] --START--
INFO: Run Behavior\BuildLiteBehavior [ RunTime:0.000202s ]
INFO: [ app_init ] --END-- [ RunTime:0.001711s ]
NOTIC: [8] Undefined offset: 1 E:\WWW\tpcms\ThinkPHP\Library\Think\Dispatcher.class.php 第 71 行.
INFO: [ app_begin ] --START--
INFO: Run Behavior\ReadHtmlCacheBehavior [ RunTime:0.002282s ]
INFO: [ app_begin ] --END-- [ RunTime:0.003536s ]
INFO: [ app_end ] --START--
INFO: Run Behavior\ShowPageTraceBehavior [ RunTime:0.001833s ]
INFO: [ app_end ] --END-- [ RunTime:0.003159s ]

[ 2016-07-01T14:59:52+08:00 ] 127.0.0.1 /index.php/Index/get_curl_contents
INFO: [ app_init ] --START--
INFO: Run Behavior\BuildLiteBehavior [ RunTime:0.000239s ]
INFO: [ app_init ] --END-- [ RunTime:0.003030s ]
NOTIC: [8] Undefined offset: 1 E:\WWW\tpcms\ThinkPHP\Library\Think\Dispatcher.class.php 第 71 行.
INFO: [ app_begin ] --START--
INFO: Run Behavior\ReadHtmlCacheBehavior [ RunTime:0.001344s ]
INFO: [ app_begin ] --END-- [ RunTime:0.002717s ]
INFO: [ app_end ] --START--
INFO: Run Behavior\ShowPageTraceBehavior [ RunTime:0.001419s ]
INFO: [ app_end ] --END-- [ RunTime:0.002657s ]

[ 2016-07-01T15:02:37+08:00 ] 127.0.0.1 /index.php/Index/get_curl_contents
INFO: [ app_init ] --START--
INFO: Run Behavior\BuildLiteBehavior [ RunTime:0.000206s ]
INFO: [ app_init ] --END-- [ RunTime:0.002365s ]
NOTIC: [8] Undefined offset: 1 E:\WWW\tpcms\ThinkPHP\Library\Think\Dispatcher.class.php 第 71 行.
INFO: [ app_begin ] --START--
INFO: Run Behavior\ReadHtmlCacheBehavior [ RunTime:0.001385s ]
INFO: [ app_begin ] --END-- [ RunTime:0.002511s ]
ERR: 参数错误或者未定义:url

[ 2016-07-01T15:04:44+08:00 ] 127.0.0.1 /index.php/Index/index
INFO: [ app_init ] --START--
INFO: Run Behavior\BuildLiteBehavior [ RunTime:0.000203s ]
INFO: [ app_init ] --END-- [ RunTime:0.001720s ]
NOTIC: [8] Undefined offset: 1 E:\WWW\tpcms\ThinkPHP\Library\Think\Dispatcher.class.php 第 71 行.
INFO: [ app_begin ] --START--
INFO: Run Behavior\ReadHtmlCacheBehavior [ RunTime:0.001404s ]
INFO: [ app_begin ] --END-- [ RunTime:0.002415s ]
INFO: [ app_end ] --START--
INFO: Run Behavior\ShowPageTraceBehavior [ RunTime:0.001648s ]
INFO: [ app_end ] --END-- [ RunTime:0.002660s ]

[ 2016-07-01T15:05:24+08:00 ] 127.0.0.1 /index.php/Index/index
INFO: [ app_init ] --START--
INFO: Run Behavior\BuildLiteBehavior [ RunTime:0.000239s ]
INFO: [ app_init ] --END-- [ RunTime:0.002348s ]
NOTIC: [8] Undefined offset: 1 E:\WWW\tpcms\ThinkPHP\Library\Think\Dispatcher.class.php 第 71 行.
INFO: [ app_begin ] --START--
INFO: Run Behavior\ReadHtmlCacheBehavior [ RunTime:0.001290s ]
INFO: [ app_begin ] --END-- [ RunTime:0.002388s ]
INFO: [ app_end ] --START--
INFO: Run Behavior\ShowPageTraceBehavior [ RunTime:0.001419s ]
INFO: [ app_end ] --END-- [ RunTime:0.002753s ]

[ 2016-07-01T15:05:29+08:00 ] 127.0.0.1 /index.php/Index/index
INFO: [ app_init ] --START--
INFO: Run Behavior\BuildLiteBehavior [ RunTime:0.000203s ]
INFO: [ app_init ] --END-- [ RunTime:0.001729s ]
NOTIC: [8] Undefined offset: 1 E:\WWW\tpcms\ThinkPHP\Library\Think\Dispatcher.class.php 第 71 行.
INFO: [ app_begin ] --START--
INFO: Run Behavior\ReadHtmlCacheBehavior [ RunTime:0.001532s ]
INFO: [ app_begin ] --END-- [ RunTime:0.002561s ]
INFO: [ app_end ] --START--
INFO: Run Behavior\ShowPageTraceBehavior [ RunTime:0.001660s ]
INFO: [ app_end ] --END-- [ RunTime:0.002928s ]

[ 2016-07-01T15:07:10+08:00 ] 127.0.0.1 /index.php/Index/index
INFO: [ app_init ] --START--
INFO: Run Behavior\BuildLiteBehavior [ RunTime:0.000225s ]
INFO: [ app_init ] --END-- [ RunTime:0.002028s ]
NOTIC: [8] Undefined offset: 1 E:\WWW\tpcms\ThinkPHP\Library\Think\Dispatcher.class.php 第 71 行.
INFO: [ app_begin ] --START--
INFO: Run Behavior\ReadHtmlCacheBehavior [ RunTime:0.001290s ]
INFO: [ app_begin ] --END-- [ RunTime:0.002335s ]
INFO: [ app_end ] --START--
INFO: Run Behavior\ShowPageTraceBehavior [ RunTime:0.001321s ]
INFO: [ app_end ] --END-- [ RunTime:0.002314s ]

[ 2016-07-01T15:21:14+08:00 ] 127.0.0.1 /index.php/Index/index
INFO: [ app_init ] --START--
INFO: Run Behavior\BuildLiteBehavior [ RunTime:0.000268s ]
INFO: [ app_init ] --END-- [ RunTime:0.002859s ]
NOTIC: [8] Undefined offset: 1 E:\WWW\tpcms\ThinkPHP\Library\Think\Dispatcher.class.php 第 71 行.
INFO: [ app_begin ] --START--
INFO: Run Behavior\ReadHtmlCacheBehavior [ RunTime:0.001472s ]
INFO: [ app_begin ] --END-- [ RunTime:0.002640s ]

[ 2016-07-01T15:21:27+08:00 ] 127.0.0.1 /index.php/Index/index2
INFO: [ app_init ] --START--
INFO: Run Behavior\BuildLiteBehavior [ RunTime:0.000209s ]
INFO: [ app_init ] --END-- [ RunTime:0.001879s ]
NOTIC: [8] Undefined offset: 1 E:\WWW\tpcms\ThinkPHP\Library\Think\Dispatcher.class.php 第 71 行.
INFO: [ app_begin ] --START--
INFO: Run Behavior\ReadHtmlCacheBehavior [ RunTime:0.001124s ]
INFO: [ app_begin ] --END-- [ RunTime:0.002087s ]

[ 2016-07-01T15:21:27+08:00 ] 127.0.0.1 /index.php/Index/index
INFO: [ app_init ] --START--
INFO: Run Behavior\BuildLiteBehavior [ RunTime:0.000231s ]
INFO: [ app_init ] --END-- [ RunTime:0.001911s ]
NOTIC: [8] Undefined offset: 1 E:\WWW\tpcms\ThinkPHP\Library\Think\Dispatcher.class.php 第 71 行.
INFO: [ app_begin ] --START--
INFO: Run Behavior\ReadHtmlCacheBehavior [ RunTime:0.001195s ]
INFO: [ app_begin ] --END-- [ RunTime:0.002142s ]
INFO: [ app_end ] --START--
INFO: Run Behavior\ShowPageTraceBehavior [ RunTime:0.001484s ]
INFO: [ app_end ] --END-- [ RunTime:0.002692s ]

[ 2016-07-01T15:21:27+08:00 ] 127.0.0.1 /index.php/Index/index2
INFO: [ app_init ] --START--
INFO: Run Behavior\BuildLiteBehavior [ RunTime:0.000204s ]
INFO: [ app_init ] --END-- [ RunTime:0.001722s ]
NOTIC: [8] Undefined offset: 1 E:\WWW\tpcms\ThinkPHP\Library\Think\Dispatcher.class.php 第 71 行.
INFO: [ app_begin ] --START--
INFO: Run Behavior\ReadHtmlCacheBehavior [ RunTime:0.001390s ]
INFO: [ app_begin ] --END-- [ RunTime:0.002504s ]

[ 2016-07-01T15:21:27+08:00 ] 127.0.0.1 /index.php/Index/index
INFO: [ app_init ] --START--
INFO: Run Behavior\BuildLiteBehavior [ RunTime:0.000213s ]
INFO: [ app_init ] --END-- [ RunTime:0.001765s ]
NOTIC: [8] Undefined offset: 1 E:\WWW\tpcms\ThinkPHP\Library\Think\Dispatcher.class.php 第 71 行.
INFO: [ app_begin ] --START--
INFO: Run Behavior\ReadHtmlCacheBehavior [ RunTime:0.001196s ]
INFO: [ app_begin ] --END-- [ RunTime:0.002180s ]
INFO: [ app_end ] --START--
INFO: Run Behavior\ShowPageTraceBehavior [ RunTime:0.001661s ]
INFO: [ app_end ] --END-- [ RunTime:0.002833s ]

[ 2016-07-01T15:21:42+08:00 ] 127.0.0.1 /index.php/Index/index2
INFO: [ app_init ] --START--
INFO: Run Behavior\BuildLiteBehavior [ RunTime:0.000226s ]
INFO: [ app_init ] --END-- [ RunTime:0.002360s ]
NOTIC: [8] Undefined offset: 1 E:\WWW\tpcms\ThinkPHP\Library\Think\Dispatcher.class.php 第 71 行.
INFO: [ app_begin ] --START--
INFO: Run Behavior\ReadHtmlCacheBehavior [ RunTime:0.001259s ]
INFO: [ app_begin ] --END-- [ RunTime:0.002395s ]

[ 2016-07-01T15:21:42+08:00 ] 127.0.0.1 /index.php/Index/index
INFO: [ app_init ] --START--
INFO: Run Behavior\BuildLiteBehavior [ RunTime:0.000207s ]
INFO: [ app_init ] --END-- [ RunTime:0.001928s ]
NOTIC: [8] Undefined offset: 1 E:\WWW\tpcms\ThinkPHP\Library\Think\Dispatcher.class.php 第 71 行.
INFO: [ app_begin ] --START--
INFO: Run Behavior\ReadHtmlCacheBehavior [ RunTime:0.001234s ]
INFO: [ app_begin ] --END-- [ RunTime:0.002183s ]
INFO: [ app_end ] --START--
INFO: Run Behavior\ShowPageTraceBehavior [ RunTime:0.001886s ]
INFO: [ app_end ] --END-- [ RunTime:0.002923s ]

[ 2016-07-01T15:21:58+08:00 ] 127.0.0.1 /index.php/Index/index2
INFO: [ app_init ] --START--
INFO: Run Behavior\BuildLiteBehavior [ RunTime:0.000208s ]
INFO: [ app_init ] --END-- [ RunTime:0.001696s ]
NOTIC: [8] Undefined offset: 1 E:\WWW\tpcms\ThinkPHP\Library\Think\Dispatcher.class.php 第 71 行.
INFO: [ app_begin ] --START--
INFO: Run Behavior\ReadHtmlCacheBehavior [ RunTime:0.001028s ]
INFO: [ app_begin ] --END-- [ RunTime:0.002027s ]

[ 2016-07-01T15:21:58+08:00 ] 127.0.0.1 /index.php/Index/index
INFO: [ app_init ] --START--
INFO: Run Behavior\BuildLiteBehavior [ RunTime:0.000248s ]
INFO: [ app_init ] --END-- [ RunTime:0.002522s ]
NOTIC: [8] Undefined offset: 1 E:\WWW\tpcms\ThinkPHP\Library\Think\Dispatcher.class.php 第 71 行.
INFO: [ app_begin ] --START--
INFO: Run Behavior\ReadHtmlCacheBehavior [ RunTime:0.001601s ]
INFO: [ app_begin ] --END-- [ RunTime:0.003036s ]
INFO: [ app_end ] --START--
INFO: Run Behavior\ShowPageTraceBehavior [ RunTime:0.001421s ]
INFO: [ app_end ] --END-- [ RunTime:0.002421s ]

