[ 2016-07-26T15:25:59+08:00 ] 127.0.0.1 /index.php/Auth/add
INFO: [ app_init ] --START--
INFO: Run Behavior\BuildLiteBehavior [ RunTime:0.000213s ]
INFO: [ app_init ] --END-- [ RunTime:0.002672s ]
INFO: [ app_begin ] --START--
INFO: Run Behavior\ReadHtmlCacheBehavior [ RunTime:0.007316s ]
INFO: [ app_begin ] --END-- [ RunTime:0.008355s ]
SQL: SHOW COLUMNS FROM `wym_auth` [ RunTime:0.1036s ]
SQL: SHOW COLUMNS FROM `wym_auth` [ RunTime:0.0058s ]
SQL: SELECT * FROM `wym_auth`  [ RunTime:0.0008s ]
NOTIC: [2] Invalid argument supplied for foreach() E:\WWW\tpcms\Application\Common\Common\function.php 第 13 行.
INFO: [ view_parse ] --START--
INFO: [ template_filter ] --START--
INFO: Run Behavior\ContentReplaceBehavior [ RunTime:0.000594s ]
INFO: [ template_filter ] --END-- [ RunTime:0.001592s ]
INFO: Run Behavior\ParseTemplateBehavior [ RunTime:0.117048s ]
INFO: [ view_parse ] --END-- [ RunTime:0.118402s ]
INFO: [ view_filter ] --START--
INFO: Run Behavior\WriteHtmlCacheBehavior [ RunTime:0.016498s ]
INFO: [ view_filter ] --END-- [ RunTime:0.018031s ]
INFO: [ app_end ] --START--
INFO: Run Behavior\ShowPageTraceBehavior [ RunTime:0.027512s ]
INFO: [ app_end ] --END-- [ RunTime:0.028702s ]

[ 2016-07-26T15:48:11+08:00 ] 127.0.0.1 /index.php/Auth/add
INFO: [ app_init ] --START--
INFO: Run Behavior\BuildLiteBehavior [ RunTime:0.000227s ]
INFO: [ app_init ] --END-- [ RunTime:0.002337s ]
INFO: [ app_begin ] --START--
INFO: Run Behavior\ReadHtmlCacheBehavior [ RunTime:0.001283s ]
INFO: [ app_begin ] --END-- [ RunTime:0.002297s ]
SQL: SHOW COLUMNS FROM `wym_auth` [ RunTime:0.0081s ]
SQL: SHOW COLUMNS FROM `wym_auth` [ RunTime:0.0047s ]
SQL: SELECT * FROM `wym_auth`  [ RunTime:0.0007s ]
NOTIC: [2] Invalid argument supplied for foreach() E:\WWW\tpcms\Application\Common\Common\function.php 第 13 行.
INFO: [ view_parse ] --START--
INFO: [ template_filter ] --START--
INFO: Run Behavior\ContentReplaceBehavior [ RunTime:0.000861s ]
INFO: [ template_filter ] --END-- [ RunTime:0.002132s ]
INFO: Run Behavior\ParseTemplateBehavior [ RunTime:0.042753s ]
INFO: [ view_parse ] --END-- [ RunTime:0.043899s ]
INFO: [ view_filter ] --START--
INFO: Run Behavior\WriteHtmlCacheBehavior [ RunTime:0.001139s ]
INFO: [ view_filter ] --END-- [ RunTime:0.002208s ]
INFO: [ app_end ] --START--
INFO: Run Behavior\ShowPageTraceBehavior [ RunTime:0.001465s ]
INFO: [ app_end ] --END-- [ RunTime:0.002683s ]

[ 2016-07-26T15:49:07+08:00 ] 127.0.0.1 /
INFO: [ app_init ] --START--
INFO: Run Behavior\BuildLiteBehavior [ RunTime:0.000205s ]
INFO: [ app_init ] --END-- [ RunTime:0.001642s ]
INFO: [ app_begin ] --START--
INFO: Run Behavior\ReadHtmlCacheBehavior [ RunTime:0.001337s ]
INFO: [ app_begin ] --END-- [ RunTime:0.003038s ]
INFO: [ view_parse ] --START--
INFO: [ template_filter ] --START--
INFO: Run Behavior\ContentReplaceBehavior [ RunTime:0.000625s ]
INFO: [ template_filter ] --END-- [ RunTime:0.001916s ]
INFO: Run Behavior\ParseTemplateBehavior [ RunTime:0.049919s ]
INFO: [ view_parse ] --END-- [ RunTime:0.051405s ]
INFO: [ view_filter ] --START--
INFO: Run Behavior\WriteHtmlCacheBehavior [ RunTime:0.001957s ]
INFO: [ view_filter ] --END-- [ RunTime:0.003097s ]
INFO: [ app_end ] --START--
INFO: Run Behavior\ShowPageTraceBehavior [ RunTime:0.001908s ]
INFO: [ app_end ] --END-- [ RunTime:0.003493s ]

[ 2016-07-26T15:49:07+08:00 ] 127.0.0.1 /index.php/index/top
INFO: [ app_init ] --START--
INFO: Run Behavior\BuildLiteBehavior [ RunTime:0.000240s ]
INFO: [ app_init ] --END-- [ RunTime:0.002174s ]
INFO: [ app_begin ] --START--
INFO: Run Behavior\ReadHtmlCacheBehavior [ RunTime:0.002107s ]
INFO: [ app_begin ] --END-- [ RunTime:0.003522s ]
INFO: [ view_parse ] --START--
INFO: [ template_filter ] --START--
INFO: Run Behavior\ContentReplaceBehavior [ RunTime:0.000584s ]
INFO: [ template_filter ] --END-- [ RunTime:0.001693s ]
INFO: Run Behavior\ParseTemplateBehavior [ RunTime:0.046709s ]
INFO: [ view_parse ] --END-- [ RunTime:0.047757s ]
INFO: [ view_filter ] --START--
INFO: Run Behavior\WriteHtmlCacheBehavior [ RunTime:0.000969s ]
INFO: [ view_filter ] --END-- [ RunTime:0.001958s ]
INFO: [ app_end ] --START--
INFO: Run Behavior\ShowPageTraceBehavior [ RunTime:0.001329s ]
INFO: [ app_end ] --END-- [ RunTime:0.003299s ]

[ 2016-07-26T15:49:08+08:00 ] 127.0.0.1 /index.php/index/left
INFO: [ app_init ] --START--
INFO: Run Behavior\BuildLiteBehavior [ RunTime:0.000219s ]
INFO: [ app_init ] --END-- [ RunTime:0.002089s ]
INFO: [ app_begin ] --START--
INFO: Run Behavior\ReadHtmlCacheBehavior [ RunTime:0.001898s ]
INFO: [ app_begin ] --END-- [ RunTime:0.003088s ]
INFO: [ view_parse ] --START--
INFO: [ template_filter ] --START--
INFO: Run Behavior\ContentReplaceBehavior [ RunTime:0.000579s ]
INFO: [ template_filter ] --END-- [ RunTime:0.001579s ]
INFO: Run Behavior\ParseTemplateBehavior [ RunTime:0.018747s ]
INFO: [ view_parse ] --END-- [ RunTime:0.019853s ]
INFO: [ view_filter ] --START--
INFO: Run Behavior\WriteHtmlCacheBehavior [ RunTime:0.000986s ]
INFO: [ view_filter ] --END-- [ RunTime:0.002010s ]
INFO: [ app_end ] --START--
INFO: Run Behavior\ShowPageTraceBehavior [ RunTime:0.001415s ]
INFO: [ app_end ] --END-- [ RunTime:0.002427s ]

[ 2016-07-26T15:49:08+08:00 ] 127.0.0.1 /index.php/index/main
INFO: [ app_init ] --START--
INFO: Run Behavior\BuildLiteBehavior [ RunTime:0.000236s ]
INFO: [ app_init ] --END-- [ RunTime:0.001961s ]
INFO: [ app_begin ] --START--
INFO: Run Behavior\ReadHtmlCacheBehavior [ RunTime:0.002662s ]
INFO: [ app_begin ] --END-- [ RunTime:0.003898s ]
INFO: [ view_parse ] --START--
INFO: [ template_filter ] --START--
INFO: Run Behavior\ContentReplaceBehavior [ RunTime:0.000598s ]
INFO: [ template_filter ] --END-- [ RunTime:0.001847s ]
INFO: Run Behavior\ParseTemplateBehavior [ RunTime:0.037442s ]
INFO: [ view_parse ] --END-- [ RunTime:0.039177s ]
INFO: [ view_filter ] --START--
INFO: Run Behavior\WriteHtmlCacheBehavior [ RunTime:0.001286s ]
INFO: [ view_filter ] --END-- [ RunTime:0.002362s ]
INFO: [ app_end ] --START--
INFO: Run Behavior\ShowPageTraceBehavior [ RunTime:0.001206s ]
INFO: [ app_end ] --END-- [ RunTime:0.002151s ]

[ 2016-07-26T15:50:32+08:00 ] 127.0.0.1 /index.php/Auth/add
INFO: [ app_init ] --START--
INFO: Run Behavior\BuildLiteBehavior [ RunTime:0.000217s ]
INFO: [ app_init ] --END-- [ RunTime:0.001963s ]
INFO: [ app_begin ] --START--
INFO: Run Behavior\ReadHtmlCacheBehavior [ RunTime:0.001840s ]
INFO: [ app_begin ] --END-- [ RunTime:0.002941s ]
SQL: SHOW COLUMNS FROM `wym_auth` [ RunTime:0.0059s ]
SQL: SHOW COLUMNS FROM `wym_auth` [ RunTime:0.0048s ]
SQL: SELECT * FROM `wym_auth`  [ RunTime:0.0006s ]
NOTIC: [2] Invalid argument supplied for foreach() E:\WWW\tpcms\Application\Common\Common\function.php 第 13 行.
INFO: [ view_parse ] --START--
INFO: [ template_filter ] --START--
INFO: Run Behavior\ContentReplaceBehavior [ RunTime:0.000593s ]
INFO: [ template_filter ] --END-- [ RunTime:0.001646s ]
INFO: Run Behavior\ParseTemplateBehavior [ RunTime:0.027003s ]
INFO: [ view_parse ] --END-- [ RunTime:0.028125s ]
INFO: [ view_filter ] --START--
INFO: Run Behavior\WriteHtmlCacheBehavior [ RunTime:0.001130s ]
INFO: [ view_filter ] --END-- [ RunTime:0.002657s ]
INFO: [ app_end ] --START--
INFO: Run Behavior\ShowPageTraceBehavior [ RunTime:0.001177s ]
INFO: [ app_end ] --END-- [ RunTime:0.002176s ]

[ 2016-07-26T15:52:24+08:00 ] 127.0.0.1 /index.php/Auth/add
INFO: [ app_init ] --START--
INFO: Run Behavior\BuildLiteBehavior [ RunTime:0.000209s ]
INFO: [ app_init ] --END-- [ RunTime:0.001964s ]
INFO: [ app_begin ] --START--
INFO: Run Behavior\ReadHtmlCacheBehavior [ RunTime:0.001500s ]
INFO: [ app_begin ] --END-- [ RunTime:0.002507s ]
SQL: SHOW COLUMNS FROM `wym_auth` [ RunTime:0.0049s ]
SQL: SHOW COLUMNS FROM `wym_auth` [ RunTime:0.0047s ]
SQL: SELECT * FROM `wym_auth`  [ RunTime:0.0006s ]
NOTIC: [2] Invalid argument supplied for foreach() E:\WWW\tpcms\Application\Common\Common\function.php 第 13 行.
INFO: [ view_parse ] --START--
INFO: [ template_filter ] --START--
INFO: Run Behavior\ContentReplaceBehavior [ RunTime:0.000583s ]
INFO: [ template_filter ] --END-- [ RunTime:0.001552s ]
INFO: Run Behavior\ParseTemplateBehavior [ RunTime:0.027600s ]
INFO: [ view_parse ] --END-- [ RunTime:0.028614s ]
INFO: [ view_filter ] --START--
INFO: Run Behavior\WriteHtmlCacheBehavior [ RunTime:0.001054s ]
INFO: [ view_filter ] --END-- [ RunTime:0.002044s ]
INFO: [ app_end ] --START--
INFO: Run Behavior\ShowPageTraceBehavior [ RunTime:0.002892s ]
INFO: [ app_end ] --END-- [ RunTime:0.004012s ]

[ 2016-07-26T15:52:37+08:00 ] 127.0.0.1 /index.php/Auth/add
INFO: [ app_init ] --START--
INFO: Run Behavior\BuildLiteBehavior [ RunTime:0.000281s ]
INFO: [ app_init ] --END-- [ RunTime:0.002143s ]
INFO: [ app_begin ] --START--
INFO: Run Behavior\ReadHtmlCacheBehavior [ RunTime:0.001148s ]
INFO: [ app_begin ] --END-- [ RunTime:0.002119s ]
SQL: SHOW COLUMNS FROM `wym_auth` [ RunTime:0.0107s ]
SQL: SHOW COLUMNS FROM `wym_auth` [ RunTime:0.0095s ]
SQL: SELECT * FROM `wym_auth`  [ RunTime:0.0008s ]
NOTIC: [2] Invalid argument supplied for foreach() E:\WWW\tpcms\Application\Common\Common\function.php 第 13 行.
INFO: [ view_parse ] --START--
INFO: [ template_filter ] --START--
INFO: Run Behavior\ContentReplaceBehavior [ RunTime:0.000644s ]
INFO: [ template_filter ] --END-- [ RunTime:0.001695s ]
INFO: Run Behavior\ParseTemplateBehavior [ RunTime:0.033780s ]
INFO: [ view_parse ] --END-- [ RunTime:0.035066s ]
INFO: [ view_filter ] --START--
INFO: Run Behavior\WriteHtmlCacheBehavior [ RunTime:0.000916s ]
INFO: [ view_filter ] --END-- [ RunTime:0.001883s ]
INFO: [ app_end ] --START--
INFO: Run Behavior\ShowPageTraceBehavior [ RunTime:0.001461s ]
INFO: [ app_end ] --END-- [ RunTime:0.002547s ]

[ 2016-07-26T15:53:27+08:00 ] 127.0.0.1 /index.php/Auth/add
INFO: [ app_init ] --START--
INFO: Run Behavior\BuildLiteBehavior [ RunTime:0.000201s ]
INFO: [ app_init ] --END-- [ RunTime:0.001866s ]
INFO: [ app_begin ] --START--
INFO: Run Behavior\ReadHtmlCacheBehavior [ RunTime:0.001138s ]
INFO: [ app_begin ] --END-- [ RunTime:0.002101s ]
SQL: SHOW COLUMNS FROM `wym_auth` [ RunTime:0.0051s ]
SQL: SHOW COLUMNS FROM `wym_auth` [ RunTime:0.0050s ]
SQL: SELECT * FROM `wym_auth`  [ RunTime:0.0006s ]
NOTIC: [2] Invalid argument supplied for foreach() E:\WWW\tpcms\Application\Common\Common\function.php 第 13 行.
INFO: [ view_parse ] --START--
INFO: [ template_filter ] --START--
INFO: Run Behavior\ContentReplaceBehavior [ RunTime:0.000640s ]
INFO: [ template_filter ] --END-- [ RunTime:0.001641s ]
INFO: Run Behavior\ParseTemplateBehavior [ RunTime:0.026989s ]
INFO: [ view_parse ] --END-- [ RunTime:0.028066s ]
INFO: [ view_filter ] --START--
INFO: Run Behavior\WriteHtmlCacheBehavior [ RunTime:0.000986s ]
INFO: [ view_filter ] --END-- [ RunTime:0.001944s ]
INFO: [ app_end ] --START--
INFO: Run Behavior\ShowPageTraceBehavior [ RunTime:0.001093s ]
INFO: [ app_end ] --END-- [ RunTime:0.002109s ]

[ 2016-07-26T15:53:33+08:00 ] 127.0.0.1 /index.php/auth/add
INFO: [ app_init ] --START--
INFO: Run Behavior\BuildLiteBehavior [ RunTime:0.000200s ]
INFO: [ app_init ] --END-- [ RunTime:0.001656s ]
INFO: [ app_begin ] --START--
INFO: Run Behavior\ReadHtmlCacheBehavior [ RunTime:0.001156s ]
INFO: [ app_begin ] --END-- [ RunTime:0.001932s ]
SQL: SHOW COLUMNS FROM `wym_auth` [ RunTime:0.0044s ]
SQL: SHOW COLUMNS FROM `wym_auth` [ RunTime:0.0049s ]
SQL: INSERT INTO `wym_auth` (`auth_name`,`auth_controller`,`auth_action`,`pid`) VALUES ('系统管理','','','0') [ RunTime:0.1311s ]
SQL: UPDATE `wym_auth` SET `auth_id_path`='1',`auth_level`='0' WHERE `auth_id` = 1 [ RunTime:0.0280s ]
INFO: [ app_end ] --START--
INFO: Run Behavior\ShowPageTraceBehavior [ RunTime:0.001200s ]
INFO: [ app_end ] --END-- [ RunTime:0.001960s ]

[ 2016-07-26T15:55:59+08:00 ] 127.0.0.1 /index.php/Auth/add
INFO: [ app_init ] --START--
INFO: Run Behavior\BuildLiteBehavior [ RunTime:0.000199s ]
INFO: [ app_init ] --END-- [ RunTime:0.001777s ]
INFO: [ app_begin ] --START--
INFO: Run Behavior\ReadHtmlCacheBehavior [ RunTime:0.001329s ]
INFO: [ app_begin ] --END-- [ RunTime:0.002341s ]
SQL: SHOW COLUMNS FROM `wym_auth` [ RunTime:0.0055s ]
SQL: SHOW COLUMNS FROM `wym_auth` [ RunTime:0.0055s ]
SQL: SELECT * FROM `wym_auth`  [ RunTime:0.0006s ]
NOTIC: [8] Undefined index: id E:\WWW\tpcms\Application\Common\Common\function.php 第 18 行.
INFO: [ view_parse ] --START--
INFO: [ template_filter ] --START--
INFO: Run Behavior\ContentReplaceBehavior [ RunTime:0.000602s ]
INFO: [ template_filter ] --END-- [ RunTime:0.001596s ]
INFO: Run Behavior\ParseTemplateBehavior [ RunTime:0.027688s ]
INFO: [ view_parse ] --END-- [ RunTime:0.028725s ]
INFO: [ view_filter ] --START--
INFO: Run Behavior\WriteHtmlCacheBehavior [ RunTime:0.001129s ]
INFO: [ view_filter ] --END-- [ RunTime:0.002102s ]
INFO: [ app_end ] --START--
INFO: Run Behavior\ShowPageTraceBehavior [ RunTime:0.001415s ]
INFO: [ app_end ] --END-- [ RunTime:0.002443s ]

[ 2016-07-26T15:56:23+08:00 ] 127.0.0.1 /index.php/Auth/add
INFO: [ app_init ] --START--
INFO: Run Behavior\BuildLiteBehavior [ RunTime:0.000207s ]
INFO: [ app_init ] --END-- [ RunTime:0.001708s ]
INFO: [ app_begin ] --START--
INFO: Run Behavior\ReadHtmlCacheBehavior [ RunTime:0.001261s ]
INFO: [ app_begin ] --END-- [ RunTime:0.002250s ]
SQL: SHOW COLUMNS FROM `wym_auth` [ RunTime:0.0104s ]
SQL: SHOW COLUMNS FROM `wym_auth` [ RunTime:0.0069s ]
SQL: SELECT * FROM `wym_auth`  [ RunTime:0.0008s ]
NOTIC: [8] Undefined index: id E:\WWW\tpcms\Application\Common\Common\function.php 第 18 行.
INFO: [ view_parse ] --START--
INFO: [ template_filter ] --START--
INFO: Run Behavior\ContentReplaceBehavior [ RunTime:0.000574s ]
INFO: [ template_filter ] --END-- [ RunTime:0.001502s ]
INFO: Run Behavior\ParseTemplateBehavior [ RunTime:0.029280s ]
INFO: [ view_parse ] --END-- [ RunTime:0.030384s ]
INFO: [ view_filter ] --START--
INFO: Run Behavior\WriteHtmlCacheBehavior [ RunTime:0.000924s ]
INFO: [ view_filter ] --END-- [ RunTime:0.001918s ]
INFO: [ app_end ] --START--
INFO: Run Behavior\ShowPageTraceBehavior [ RunTime:0.001115s ]
INFO: [ app_end ] --END-- [ RunTime:0.002075s ]

[ 2016-07-26T15:56:35+08:00 ] 127.0.0.1 /index.php/Auth/add
INFO: [ app_init ] --START--
INFO: Run Behavior\BuildLiteBehavior [ RunTime:0.000199s ]
INFO: [ app_init ] --END-- [ RunTime:0.001766s ]
INFO: [ app_begin ] --START--
INFO: Run Behavior\ReadHtmlCacheBehavior [ RunTime:0.001585s ]
INFO: [ app_begin ] --END-- [ RunTime:0.002654s ]
SQL: SHOW COLUMNS FROM `wym_auth` [ RunTime:0.0107s ]
SQL: SHOW COLUMNS FROM `wym_auth` [ RunTime:0.0100s ]
SQL: SELECT * FROM `wym_auth`  [ RunTime:0.0010s ]
NOTIC: [8] Undefined index: id E:\WWW\tpcms\Application\Common\Common\function.php 第 18 行.
INFO: [ view_parse ] --START--
INFO: [ template_filter ] --START--
INFO: Run Behavior\ContentReplaceBehavior [ RunTime:0.000573s ]
INFO: [ template_filter ] --END-- [ RunTime:0.001553s ]
INFO: Run Behavior\ParseTemplateBehavior [ RunTime:0.031474s ]
INFO: [ view_parse ] --END-- [ RunTime:0.032599s ]
INFO: [ view_filter ] --START--
INFO: Run Behavior\WriteHtmlCacheBehavior [ RunTime:0.001067s ]
INFO: [ view_filter ] --END-- [ RunTime:0.002014s ]
INFO: [ app_end ] --START--
INFO: Run Behavior\ShowPageTraceBehavior [ RunTime:0.001257s ]
INFO: [ app_end ] --END-- [ RunTime:0.002287s ]

[ 2016-07-26T15:57:00+08:00 ] 127.0.0.1 /index.php/Auth/add
INFO: [ app_init ] --START--
INFO: Run Behavior\BuildLiteBehavior [ RunTime:0.000226s ]
INFO: [ app_init ] --END-- [ RunTime:0.001798s ]
INFO: [ app_begin ] --START--
INFO: Run Behavior\ReadHtmlCacheBehavior [ RunTime:0.001103s ]
INFO: [ app_begin ] --END-- [ RunTime:0.002057s ]
SQL: SHOW COLUMNS FROM `wym_auth` [ RunTime:0.0065s ]
SQL: SHOW COLUMNS FROM `wym_auth` [ RunTime:0.0058s ]
SQL: SELECT * FROM `wym_auth`  [ RunTime:0.0009s ]
NOTIC: [8] Undefined index: id E:\WWW\tpcms\Application\Common\Common\function.php 第 18 行.
INFO: [ view_parse ] --START--
INFO: [ template_filter ] --START--
INFO: Run Behavior\ContentReplaceBehavior [ RunTime:0.000798s ]
INFO: [ template_filter ] --END-- [ RunTime:0.002247s ]
INFO: Run Behavior\ParseTemplateBehavior [ RunTime:0.035102s ]
INFO: [ view_parse ] --END-- [ RunTime:0.036431s ]
INFO: [ view_filter ] --START--
INFO: Run Behavior\WriteHtmlCacheBehavior [ RunTime:0.001281s ]
INFO: [ view_filter ] --END-- [ RunTime:0.002502s ]
INFO: [ app_end ] --START--
INFO: Run Behavior\ShowPageTraceBehavior [ RunTime:0.002015s ]
INFO: [ app_end ] --END-- [ RunTime:0.003690s ]

[ 2016-07-26T15:57:03+08:00 ] 127.0.0.1 /index.php/Auth/add
INFO: [ app_init ] --START--
INFO: Run Behavior\BuildLiteBehavior [ RunTime:0.000199s ]
INFO: [ app_init ] --END-- [ RunTime:0.001760s ]
INFO: [ app_begin ] --START--
INFO: Run Behavior\ReadHtmlCacheBehavior [ RunTime:0.001456s ]
INFO: [ app_begin ] --END-- [ RunTime:0.002494s ]
SQL: SHOW COLUMNS FROM `wym_auth` [ RunTime:0.0113s ]
SQL: SHOW COLUMNS FROM `wym_auth` [ RunTime:0.0090s ]
SQL: SELECT * FROM `wym_auth`  [ RunTime:0.0007s ]
NOTIC: [8] Undefined index: id E:\WWW\tpcms\Application\Common\Common\function.php 第 18 行.
INFO: [ view_parse ] --START--
INFO: [ template_filter ] --START--
INFO: Run Behavior\ContentReplaceBehavior [ RunTime:0.000581s ]
INFO: [ template_filter ] --END-- [ RunTime:0.001551s ]
INFO: Run Behavior\ParseTemplateBehavior [ RunTime:0.028963s ]
INFO: [ view_parse ] --END-- [ RunTime:0.030021s ]
INFO: [ view_filter ] --START--
INFO: Run Behavior\WriteHtmlCacheBehavior [ RunTime:0.001170s ]
INFO: [ view_filter ] --END-- [ RunTime:0.002243s ]
INFO: [ app_end ] --START--
INFO: Run Behavior\ShowPageTraceBehavior [ RunTime:0.001146s ]
INFO: [ app_end ] --END-- [ RunTime:0.002126s ]

[ 2016-07-26T15:57:40+08:00 ] 127.0.0.1 /index.php/Auth/add
INFO: [ app_init ] --START--
INFO: Run Behavior\BuildLiteBehavior [ RunTime:0.000242s ]
INFO: [ app_init ] --END-- [ RunTime:0.001938s ]
INFO: [ app_begin ] --START--
INFO: Run Behavior\ReadHtmlCacheBehavior [ RunTime:0.001215s ]
INFO: [ app_begin ] --END-- [ RunTime:0.002221s ]
SQL: SHOW COLUMNS FROM `wym_auth` [ RunTime:0.0094s ]
SQL: SHOW COLUMNS FROM `wym_auth` [ RunTime:0.0114s ]
SQL: SELECT * FROM `wym_auth`  [ RunTime:0.0009s ]
NOTIC: [8] Undefined index: id E:\WWW\tpcms\Application\Common\Common\function.php 第 18 行.
INFO: [ view_parse ] --START--
INFO: [ template_filter ] --START--
INFO: Run Behavior\ContentReplaceBehavior [ RunTime:0.000948s ]
INFO: [ template_filter ] --END-- [ RunTime:0.003754s ]
INFO: Run Behavior\ParseTemplateBehavior [ RunTime:0.027943s ]
INFO: [ view_parse ] --END-- [ RunTime:0.028924s ]
INFO: [ view_filter ] --START--
INFO: Run Behavior\WriteHtmlCacheBehavior [ RunTime:0.000923s ]
INFO: [ view_filter ] --END-- [ RunTime:0.001864s ]
INFO: [ app_end ] --START--
INFO: Run Behavior\ShowPageTraceBehavior [ RunTime:0.001119s ]
INFO: [ app_end ] --END-- [ RunTime:0.002061s ]

[ 2016-07-26T15:58:04+08:00 ] 127.0.0.1 /index.php/Auth/add
INFO: [ app_init ] --START--
INFO: Run Behavior\BuildLiteBehavior [ RunTime:0.000298s ]
INFO: [ app_init ] --END-- [ RunTime:0.002105s ]
INFO: [ app_begin ] --START--
INFO: Run Behavior\ReadHtmlCacheBehavior [ RunTime:0.001477s ]
INFO: [ app_begin ] --END-- [ RunTime:0.002498s ]
SQL: SHOW COLUMNS FROM `wym_auth` [ RunTime:0.0047s ]
SQL: SHOW COLUMNS FROM `wym_auth` [ RunTime:0.0060s ]
SQL: SELECT * FROM `wym_auth`  [ RunTime:0.0007s ]
NOTIC: [8] Undefined index: id E:\WWW\tpcms\Application\Common\Common\function.php 第 18 行.
INFO: [ view_parse ] --START--
INFO: [ template_filter ] --START--
INFO: Run Behavior\ContentReplaceBehavior [ RunTime:0.000558s ]
INFO: [ template_filter ] --END-- [ RunTime:0.001595s ]
INFO: Run Behavior\ParseTemplateBehavior [ RunTime:0.026757s ]
INFO: [ view_parse ] --END-- [ RunTime:0.027772s ]
INFO: [ view_filter ] --START--
INFO: Run Behavior\WriteHtmlCacheBehavior [ RunTime:0.001104s ]
INFO: [ view_filter ] --END-- [ RunTime:0.002088s ]
INFO: [ app_end ] --START--
INFO: Run Behavior\ShowPageTraceBehavior [ RunTime:0.001312s ]
INFO: [ app_end ] --END-- [ RunTime:0.002274s ]

[ 2016-07-26T15:58:33+08:00 ] 127.0.0.1 /index.php/auth/add
INFO: [ app_init ] --START--
INFO: Run Behavior\BuildLiteBehavior [ RunTime:0.000235s ]
INFO: [ app_init ] --END-- [ RunTime:0.002110s ]
INFO: [ app_begin ] --START--
INFO: Run Behavior\ReadHtmlCacheBehavior [ RunTime:0.001168s ]
INFO: [ app_begin ] --END-- [ RunTime:0.001988s ]
SQL: SHOW COLUMNS FROM `wym_auth` [ RunTime:0.0104s ]
SQL: SHOW COLUMNS FROM `wym_auth` [ RunTime:0.0065s ]
SQL: INSERT INTO `wym_auth` (`auth_name`,`auth_controller`,`auth_action`,`pid`) VALUES ('权限管理','Auth','index','1') [ RunTime:0.0160s ]
SQL: SELECT * FROM `wym_auth` WHERE auth_id=1 LIMIT 1   [ RunTime:0.0008s ]

[ 2016-07-26T15:58:46+08:00 ] 127.0.0.1 /index.php/Auth/add
INFO: [ app_init ] --START--
INFO: Run Behavior\BuildLiteBehavior [ RunTime:0.000249s ]
INFO: [ app_init ] --END-- [ RunTime:0.002531s ]
INFO: [ app_begin ] --START--
INFO: Run Behavior\ReadHtmlCacheBehavior [ RunTime:0.001413s ]
INFO: [ app_begin ] --END-- [ RunTime:0.002441s ]
SQL: SHOW COLUMNS FROM `wym_auth` [ RunTime:0.0101s ]
SQL: SHOW COLUMNS FROM `wym_auth` [ RunTime:0.0098s ]
SQL: SELECT * FROM `wym_auth`  [ RunTime:0.0007s ]
NOTIC: [8] Undefined index: id E:\WWW\tpcms\Application\Common\Common\function.php 第 18 行.
INFO: [ view_parse ] --START--
INFO: [ template_filter ] --START--
INFO: Run Behavior\ContentReplaceBehavior [ RunTime:0.001022s ]
INFO: [ template_filter ] --END-- [ RunTime:0.002423s ]
INFO: Run Behavior\ParseTemplateBehavior [ RunTime:0.037014s ]
INFO: [ view_parse ] --END-- [ RunTime:0.038073s ]
INFO: [ view_filter ] --START--
INFO: Run Behavior\WriteHtmlCacheBehavior [ RunTime:0.001126s ]
INFO: [ view_filter ] --END-- [ RunTime:0.002085s ]
INFO: [ app_end ] --START--
INFO: Run Behavior\ShowPageTraceBehavior [ RunTime:0.001353s ]
INFO: [ app_end ] --END-- [ RunTime:0.002321s ]

[ 2016-07-26T15:59:40+08:00 ] 127.0.0.1 /index.php/Auth/add
INFO: [ app_init ] --START--
INFO: Run Behavior\BuildLiteBehavior [ RunTime:0.000213s ]
INFO: [ app_init ] --END-- [ RunTime:0.002034s ]
INFO: [ app_begin ] --START--
INFO: Run Behavior\ReadHtmlCacheBehavior [ RunTime:0.001180s ]
INFO: [ app_begin ] --END-- [ RunTime:0.002199s ]
SQL: SHOW COLUMNS FROM `wym_auth` [ RunTime:0.0096s ]
SQL: SHOW COLUMNS FROM `wym_auth` [ RunTime:0.0100s ]
SQL: SELECT * FROM `wym_auth`  [ RunTime:0.0014s ]
NOTIC: [8] Undefined index: id E:\WWW\tpcms\Application\Common\Common\function.php 第 18 行.
INFO: [ view_parse ] --START--
INFO: [ template_filter ] --START--
INFO: Run Behavior\ContentReplaceBehavior [ RunTime:0.000963s ]
INFO: [ template_filter ] --END-- [ RunTime:0.002331s ]
INFO: Run Behavior\ParseTemplateBehavior [ RunTime:0.037252s ]
INFO: [ view_parse ] --END-- [ RunTime:0.038424s ]
INFO: [ view_filter ] --START--
INFO: Run Behavior\WriteHtmlCacheBehavior [ RunTime:0.000933s ]
INFO: [ view_filter ] --END-- [ RunTime:0.001903s ]
INFO: [ app_end ] --START--
INFO: Run Behavior\ShowPageTraceBehavior [ RunTime:0.001618s ]
INFO: [ app_end ] --END-- [ RunTime:0.002702s ]

[ 2016-07-26T16:00:03+08:00 ] 127.0.0.1 /index.php/auth/add
INFO: [ app_init ] --START--
INFO: Run Behavior\BuildLiteBehavior [ RunTime:0.000228s ]
INFO: [ app_init ] --END-- [ RunTime:0.002023s ]
INFO: [ app_begin ] --START--
INFO: Run Behavior\ReadHtmlCacheBehavior [ RunTime:0.001314s ]
INFO: [ app_begin ] --END-- [ RunTime:0.002133s ]
SQL: SHOW COLUMNS FROM `wym_auth` [ RunTime:0.0061s ]
SQL: SHOW COLUMNS FROM `wym_auth` [ RunTime:0.0059s ]
SQL: INSERT INTO `wym_auth` (`auth_name`,`auth_controller`,`auth_action`,`pid`) VALUES ('角色管理','Role','index','1') [ RunTime:0.0020s ]
SQL: SELECT * FROM `wym_auth` WHERE auth_id=1 LIMIT 1   [ RunTime:0.0010s ]

[ 2016-07-26T16:01:32+08:00 ] 127.0.0.1 /index.php/Auth/add
INFO: [ app_init ] --START--
INFO: Run Behavior\BuildLiteBehavior [ RunTime:0.000272s ]
INFO: [ app_init ] --END-- [ RunTime:0.002294s ]
INFO: [ app_begin ] --START--
INFO: Run Behavior\ReadHtmlCacheBehavior [ RunTime:0.001143s ]
INFO: [ app_begin ] --END-- [ RunTime:0.002422s ]
SQL: SHOW COLUMNS FROM `wym_auth` [ RunTime:0.0058s ]
SQL: SHOW COLUMNS FROM `wym_auth` [ RunTime:0.0073s ]
SQL: SELECT * FROM `wym_auth`  [ RunTime:0.0008s ]
NOTIC: [8] Undefined index: id E:\WWW\tpcms\Application\Common\Common\function.php 第 18 行.
INFO: [ view_parse ] --START--
INFO: [ template_filter ] --START--
INFO: Run Behavior\ContentReplaceBehavior [ RunTime:0.000585s ]
INFO: [ template_filter ] --END-- [ RunTime:0.001596s ]
INFO: Run Behavior\ParseTemplateBehavior [ RunTime:0.027552s ]
INFO: [ view_parse ] --END-- [ RunTime:0.028654s ]
INFO: [ view_filter ] --START--
INFO: Run Behavior\WriteHtmlCacheBehavior [ RunTime:0.001097s ]
INFO: [ view_filter ] --END-- [ RunTime:0.002063s ]
INFO: [ app_end ] --START--
INFO: Run Behavior\ShowPageTraceBehavior [ RunTime:0.001336s ]
INFO: [ app_end ] --END-- [ RunTime:0.002297s ]

[ 2016-07-26T16:01:57+08:00 ] 127.0.0.1 /index.php/auth/add
INFO: [ app_init ] --START--
INFO: Run Behavior\BuildLiteBehavior [ RunTime:0.000208s ]
INFO: [ app_init ] --END-- [ RunTime:0.001746s ]
INFO: [ app_begin ] --START--
INFO: Run Behavior\ReadHtmlCacheBehavior [ RunTime:0.001273s ]
INFO: [ app_begin ] --END-- [ RunTime:0.002063s ]
SQL: SHOW COLUMNS FROM `wym_auth` [ RunTime:0.0052s ]
SQL: SHOW COLUMNS FROM `wym_auth` [ RunTime:0.0052s ]
SQL: INSERT INTO `wym_auth` (`auth_name`,`auth_controller`,`auth_action`,`pid`) VALUES ('管理员管理','Adminuser','index','1') [ RunTime:0.0012s ]
SQL: SELECT * FROM `wym_auth` WHERE auth_id=1 LIMIT 1   [ RunTime:0.0007s ]

[ 2016-07-26T16:04:02+08:00 ] 127.0.0.1 /index.php/Auth/add
INFO: [ app_init ] --START--
INFO: Run Behavior\BuildLiteBehavior [ RunTime:0.000273s ]
INFO: [ app_init ] --END-- [ RunTime:0.002701s ]
INFO: [ app_begin ] --START--
INFO: Run Behavior\ReadHtmlCacheBehavior [ RunTime:0.001303s ]
INFO: [ app_begin ] --END-- [ RunTime:0.002421s ]
SQL: SHOW COLUMNS FROM `wym_auth` [ RunTime:0.0057s ]
SQL: SHOW COLUMNS FROM `wym_auth` [ RunTime:0.0065s ]
SQL: SELECT * FROM `wym_auth`  [ RunTime:0.0008s ]
NOTIC: [8] Undefined index: id E:\WWW\tpcms\Application\Common\Common\function.php 第 18 行.
INFO: [ view_parse ] --START--
INFO: [ template_filter ] --START--
INFO: Run Behavior\ContentReplaceBehavior [ RunTime:0.000666s ]
INFO: [ template_filter ] --END-- [ RunTime:0.001662s ]
INFO: Run Behavior\ParseTemplateBehavior [ RunTime:0.033595s ]
INFO: [ view_parse ] --END-- [ RunTime:0.035112s ]
INFO: [ view_filter ] --START--
INFO: Run Behavior\WriteHtmlCacheBehavior [ RunTime:0.000966s ]
INFO: [ view_filter ] --END-- [ RunTime:0.001921s ]
INFO: [ app_end ] --START--
INFO: Run Behavior\ShowPageTraceBehavior [ RunTime:0.001171s ]
INFO: [ app_end ] --END-- [ RunTime:0.002135s ]

[ 2016-07-26T16:04:33+08:00 ] 127.0.0.1 /index.php/Auth/add
INFO: [ app_init ] --START--
INFO: Run Behavior\BuildLiteBehavior [ RunTime:0.000248s ]
INFO: [ app_init ] --END-- [ RunTime:0.002064s ]
INFO: [ app_begin ] --START--
INFO: Run Behavior\ReadHtmlCacheBehavior [ RunTime:0.001569s ]
INFO: [ app_begin ] --END-- [ RunTime:0.002664s ]
SQL: SHOW COLUMNS FROM `wym_auth` [ RunTime:0.0053s ]
SQL: SHOW COLUMNS FROM `wym_auth` [ RunTime:0.0051s ]
SQL: SELECT * FROM `wym_auth`  [ RunTime:0.0008s ]
NOTIC: [8] Undefined index: id E:\WWW\tpcms\Application\Common\Common\function.php 第 18 行.
INFO: [ view_parse ] --START--
INFO: [ template_filter ] --START--
INFO: Run Behavior\ContentReplaceBehavior [ RunTime:0.000596s ]
INFO: [ template_filter ] --END-- [ RunTime:0.001562s ]
INFO: Run Behavior\ParseTemplateBehavior [ RunTime:0.028197s ]
INFO: [ view_parse ] --END-- [ RunTime:0.029231s ]
INFO: [ view_filter ] --START--
INFO: Run Behavior\WriteHtmlCacheBehavior [ RunTime:0.000870s ]
INFO: [ view_filter ] --END-- [ RunTime:0.001932s ]
INFO: [ app_end ] --START--
INFO: Run Behavior\ShowPageTraceBehavior [ RunTime:0.001659s ]
INFO: [ app_end ] --END-- [ RunTime:0.002905s ]

[ 2016-07-26T16:04:45+08:00 ] 127.0.0.1 /index.php/Auth/add
INFO: [ app_init ] --START--
INFO: Run Behavior\BuildLiteBehavior [ RunTime:0.000196s ]
INFO: [ app_init ] --END-- [ RunTime:0.001748s ]
INFO: [ app_begin ] --START--
INFO: Run Behavior\ReadHtmlCacheBehavior [ RunTime:0.001171s ]
INFO: [ app_begin ] --END-- [ RunTime:0.002190s ]
SQL: SHOW COLUMNS FROM `wym_auth` [ RunTime:0.0102s ]
SQL: SHOW COLUMNS FROM `wym_auth` [ RunTime:0.0103s ]
SQL: SELECT * FROM `wym_auth`  [ RunTime:0.0007s ]
NOTIC: [8] Undefined index: id E:\WWW\tpcms\Application\Common\Common\function.php 第 18 行.
INFO: [ view_parse ] --START--
INFO: [ template_filter ] --START--
INFO: Run Behavior\ContentReplaceBehavior [ RunTime:0.000574s ]
INFO: [ template_filter ] --END-- [ RunTime:0.001558s ]
INFO: Run Behavior\ParseTemplateBehavior [ RunTime:0.029096s ]
INFO: [ view_parse ] --END-- [ RunTime:0.030217s ]
INFO: [ view_filter ] --START--
INFO: Run Behavior\WriteHtmlCacheBehavior [ RunTime:0.000982s ]
INFO: [ view_filter ] --END-- [ RunTime:0.001932s ]
INFO: [ app_end ] --START--
INFO: Run Behavior\ShowPageTraceBehavior [ RunTime:0.001230s ]
INFO: [ app_end ] --END-- [ RunTime:0.002204s ]

[ 2016-07-26T16:07:17+08:00 ] 127.0.0.1 /index.php/Auth/add
INFO: [ app_init ] --START--
INFO: Run Behavior\BuildLiteBehavior [ RunTime:0.000225s ]
INFO: [ app_init ] --END-- [ RunTime:0.002100s ]
INFO: [ app_begin ] --START--
INFO: Run Behavior\ReadHtmlCacheBehavior [ RunTime:0.001688s ]
INFO: [ app_begin ] --END-- [ RunTime:0.002731s ]
SQL: SHOW COLUMNS FROM `wym_auth` [ RunTime:0.0051s ]
SQL: SHOW COLUMNS FROM `wym_auth` [ RunTime:0.0052s ]
SQL: SELECT * FROM `wym_auth`  [ RunTime:0.0006s ]

[ 2016-07-26T16:08:06+08:00 ] 127.0.0.1 /index.php/Auth/add
INFO: [ app_init ] --START--
INFO: Run Behavior\BuildLiteBehavior [ RunTime:0.000240s ]
INFO: [ app_init ] --END-- [ RunTime:0.002150s ]
INFO: [ app_begin ] --START--
INFO: Run Behavior\ReadHtmlCacheBehavior [ RunTime:0.001279s ]
INFO: [ app_begin ] --END-- [ RunTime:0.002256s ]
SQL: SHOW COLUMNS FROM `wym_auth` [ RunTime:0.0055s ]
SQL: SHOW COLUMNS FROM `wym_auth` [ RunTime:0.0047s ]
SQL: SELECT * FROM `wym_auth`  [ RunTime:0.0007s ]
NOTIC: [8] Undefined index: id E:\WWW\tpcms\Application\Common\Common\function.php 第 18 行.
INFO: [ view_parse ] --START--
INFO: [ template_filter ] --START--
INFO: Run Behavior\ContentReplaceBehavior [ RunTime:0.000654s ]
INFO: [ template_filter ] --END-- [ RunTime:0.001598s ]
INFO: Run Behavior\ParseTemplateBehavior [ RunTime:0.035713s ]
INFO: [ view_parse ] --END-- [ RunTime:0.036673s ]
INFO: [ view_filter ] --START--
INFO: Run Behavior\WriteHtmlCacheBehavior [ RunTime:0.000968s ]
INFO: [ view_filter ] --END-- [ RunTime:0.001947s ]
INFO: [ app_end ] --START--
INFO: Run Behavior\ShowPageTraceBehavior [ RunTime:0.001535s ]
INFO: [ app_end ] --END-- [ RunTime:0.002934s ]

[ 2016-07-26T16:08:15+08:00 ] 127.0.0.1 /index.php/Auth/add
INFO: [ app_init ] --START--
INFO: Run Behavior\BuildLiteBehavior [ RunTime:0.000208s ]
INFO: [ app_init ] --END-- [ RunTime:0.001734s ]
INFO: [ app_begin ] --START--
INFO: Run Behavior\ReadHtmlCacheBehavior [ RunTime:0.001139s ]
INFO: [ app_begin ] --END-- [ RunTime:0.002223s ]
SQL: SHOW COLUMNS FROM `wym_auth` [ RunTime:0.0058s ]
SQL: SHOW COLUMNS FROM `wym_auth` [ RunTime:0.0064s ]
SQL: SELECT * FROM `wym_auth`  [ RunTime:0.0007s ]
NOTIC: [8] Undefined index: id E:\WWW\tpcms\Application\Common\Common\function.php 第 18 行.
INFO: [ view_parse ] --START--
INFO: [ template_filter ] --START--
INFO: Run Behavior\ContentReplaceBehavior [ RunTime:0.001363s ]
INFO: [ template_filter ] --END-- [ RunTime:0.002812s ]
INFO: Run Behavior\ParseTemplateBehavior [ RunTime:0.027965s ]
INFO: [ view_parse ] --END-- [ RunTime:0.029004s ]
INFO: [ view_filter ] --START--
INFO: Run Behavior\WriteHtmlCacheBehavior [ RunTime:0.000906s ]
INFO: [ view_filter ] --END-- [ RunTime:0.001890s ]
INFO: [ app_end ] --START--
INFO: Run Behavior\ShowPageTraceBehavior [ RunTime:0.001268s ]
INFO: [ app_end ] --END-- [ RunTime:0.002205s ]

[ 2016-07-26T16:08:48+08:00 ] 127.0.0.1 /index.php/Auth/add
INFO: [ app_init ] --START--
INFO: Run Behavior\BuildLiteBehavior [ RunTime:0.000210s ]
INFO: [ app_init ] --END-- [ RunTime:0.002257s ]
INFO: [ app_begin ] --START--
INFO: Run Behavior\ReadHtmlCacheBehavior [ RunTime:0.001120s ]
INFO: [ app_begin ] --END-- [ RunTime:0.002135s ]
SQL: SHOW COLUMNS FROM `wym_auth` [ RunTime:0.0094s ]
SQL: SHOW COLUMNS FROM `wym_auth` [ RunTime:0.0104s ]
SQL: SELECT * FROM `wym_auth`  [ RunTime:0.0013s ]
NOTIC: [8] Undefined index: id E:\WWW\tpcms\Application\Common\Common\function.php 第 18 行.
INFO: [ view_parse ] --START--
INFO: [ template_filter ] --START--
INFO: Run Behavior\ContentReplaceBehavior [ RunTime:0.000629s ]
INFO: [ template_filter ] --END-- [ RunTime:0.001701s ]
INFO: Run Behavior\ParseTemplateBehavior [ RunTime:0.030122s ]
INFO: [ view_parse ] --END-- [ RunTime:0.031727s ]
INFO: [ view_filter ] --START--
INFO: Run Behavior\WriteHtmlCacheBehavior [ RunTime:0.002003s ]
INFO: [ view_filter ] --END-- [ RunTime:0.003450s ]
INFO: [ app_end ] --START--
INFO: Run Behavior\ShowPageTraceBehavior [ RunTime:0.001384s ]
INFO: [ app_end ] --END-- [ RunTime:0.002429s ]

[ 2016-07-26T16:09:17+08:00 ] 127.0.0.1 /index.php/Auth/add
INFO: [ app_init ] --START--
INFO: Run Behavior\BuildLiteBehavior [ RunTime:0.000204s ]
INFO: [ app_init ] --END-- [ RunTime:0.001817s ]
INFO: [ app_begin ] --START--
INFO: Run Behavior\ReadHtmlCacheBehavior [ RunTime:0.001332s ]
INFO: [ app_begin ] --END-- [ RunTime:0.002389s ]
SQL: SHOW COLUMNS FROM `wym_auth` [ RunTime:0.0047s ]
SQL: SHOW COLUMNS FROM `wym_auth` [ RunTime:0.0058s ]
SQL: SELECT * FROM `wym_auth`  [ RunTime:0.0007s ]
NOTIC: [8] Undefined index: id E:\WWW\tpcms\Application\Common\Common\function.php 第 18 行.
INFO: [ view_parse ] --START--
INFO: [ template_filter ] --START--
INFO: Run Behavior\ContentReplaceBehavior [ RunTime:0.000571s ]
INFO: [ template_filter ] --END-- [ RunTime:0.001566s ]
INFO: Run Behavior\ParseTemplateBehavior [ RunTime:0.027106s ]
INFO: [ view_parse ] --END-- [ RunTime:0.028115s ]
INFO: [ view_filter ] --START--
INFO: Run Behavior\WriteHtmlCacheBehavior [ RunTime:0.000949s ]
INFO: [ view_filter ] --END-- [ RunTime:0.002024s ]
INFO: [ app_end ] --START--
INFO: Run Behavior\ShowPageTraceBehavior [ RunTime:0.001554s ]
INFO: [ app_end ] --END-- [ RunTime:0.002515s ]

[ 2016-07-26T16:10:14+08:00 ] 127.0.0.1 /index.php/Auth/add
INFO: [ app_init ] --START--
INFO: Run Behavior\BuildLiteBehavior [ RunTime:0.000223s ]
INFO: [ app_init ] --END-- [ RunTime:0.002246s ]
INFO: [ app_begin ] --START--
INFO: Run Behavior\ReadHtmlCacheBehavior [ RunTime:0.001166s ]
INFO: [ app_begin ] --END-- [ RunTime:0.002148s ]
SQL: SHOW COLUMNS FROM `wym_auth` [ RunTime:0.0100s ]
SQL: SHOW COLUMNS FROM `wym_auth` [ RunTime:0.0112s ]
SQL: SELECT * FROM `wym_auth`  [ RunTime:0.0013s ]
NOTIC: [8] Undefined index: id E:\WWW\tpcms\Application\Common\Common\function.php 第 18 行.
INFO: [ view_parse ] --START--
INFO: [ template_filter ] --START--
INFO: Run Behavior\ContentReplaceBehavior [ RunTime:0.000807s ]
INFO: [ template_filter ] --END-- [ RunTime:0.001951s ]
INFO: Run Behavior\ParseTemplateBehavior [ RunTime:0.044105s ]
INFO: [ view_parse ] --END-- [ RunTime:0.045739s ]
INFO: [ view_filter ] --START--
INFO: Run Behavior\WriteHtmlCacheBehavior [ RunTime:0.001118s ]
INFO: [ view_filter ] --END-- [ RunTime:0.002287s ]
INFO: [ app_end ] --START--
INFO: Run Behavior\ShowPageTraceBehavior [ RunTime:0.001340s ]
INFO: [ app_end ] --END-- [ RunTime:0.002391s ]

[ 2016-07-26T16:10:59+08:00 ] 127.0.0.1 /index.php/Auth/add
INFO: [ app_init ] --START--
INFO: Run Behavior\BuildLiteBehavior [ RunTime:0.000200s ]
INFO: [ app_init ] --END-- [ RunTime:0.001643s ]
INFO: [ app_begin ] --START--
INFO: Run Behavior\ReadHtmlCacheBehavior [ RunTime:0.001413s ]
INFO: [ app_begin ] --END-- [ RunTime:0.002970s ]
SQL: SHOW COLUMNS FROM `wym_auth` [ RunTime:0.0102s ]
SQL: SHOW COLUMNS FROM `wym_auth` [ RunTime:0.0104s ]
SQL: SELECT * FROM `wym_auth`  [ RunTime:0.0008s ]
NOTIC: [8] Undefined index: id E:\WWW\tpcms\Application\Common\Common\function.php 第 20 行.
NOTIC: [2] Invalid argument supplied for foreach() E:\WWW\tpcms\Application\Common\Common\function.php 第 28 行.
INFO: [ view_parse ] --START--
INFO: [ template_filter ] --START--
INFO: Run Behavior\ContentReplaceBehavior [ RunTime:0.000738s ]
INFO: [ template_filter ] --END-- [ RunTime:0.001975s ]
INFO: Run Behavior\ParseTemplateBehavior [ RunTime:0.034788s ]
INFO: [ view_parse ] --END-- [ RunTime:0.036077s ]
INFO: [ view_filter ] --START--
INFO: Run Behavior\WriteHtmlCacheBehavior [ RunTime:0.001267s ]
INFO: [ view_filter ] --END-- [ RunTime:0.002655s ]
INFO: [ app_end ] --START--
INFO: Run Behavior\ShowPageTraceBehavior [ RunTime:0.002942s ]
INFO: [ app_end ] --END-- [ RunTime:0.004509s ]

[ 2016-07-26T16:11:43+08:00 ] 127.0.0.1 /index.php/Auth/add
INFO: [ app_init ] --START--
INFO: Run Behavior\BuildLiteBehavior [ RunTime:0.000245s ]
INFO: [ app_init ] --END-- [ RunTime:0.002448s ]
INFO: [ app_begin ] --START--
INFO: Run Behavior\ReadHtmlCacheBehavior [ RunTime:0.002051s ]
INFO: [ app_begin ] --END-- [ RunTime:0.003101s ]
SQL: SHOW COLUMNS FROM `wym_auth` [ RunTime:0.0095s ]
SQL: SHOW COLUMNS FROM `wym_auth` [ RunTime:0.0111s ]
SQL: SELECT * FROM `wym_auth`  [ RunTime:0.0012s ]
INFO: [ view_parse ] --START--
INFO: [ template_filter ] --START--
INFO: Run Behavior\ContentReplaceBehavior [ RunTime:0.000675s ]
INFO: [ template_filter ] --END-- [ RunTime:0.001850s ]
INFO: Run Behavior\ParseTemplateBehavior [ RunTime:0.035646s ]
INFO: [ view_parse ] --END-- [ RunTime:0.037359s ]
INFO: [ view_filter ] --START--
INFO: Run Behavior\WriteHtmlCacheBehavior [ RunTime:0.001096s ]
INFO: [ view_filter ] --END-- [ RunTime:0.002377s ]
INFO: [ app_end ] --START--
INFO: Run Behavior\ShowPageTraceBehavior [ RunTime:0.001591s ]
INFO: [ app_end ] --END-- [ RunTime:0.002635s ]

[ 2016-07-26T16:13:32+08:00 ] 127.0.0.1 /index.php/Auth/add
INFO: [ app_init ] --START--
INFO: Run Behavior\BuildLiteBehavior [ RunTime:0.000229s ]
INFO: [ app_init ] --END-- [ RunTime:0.001758s ]
INFO: [ app_begin ] --START--
INFO: Run Behavior\ReadHtmlCacheBehavior [ RunTime:0.001294s ]
INFO: [ app_begin ] --END-- [ RunTime:0.002291s ]
SQL: SHOW COLUMNS FROM `wym_auth` [ RunTime:0.0049s ]
SQL: SHOW COLUMNS FROM `wym_auth` [ RunTime:0.0056s ]
SQL: SELECT * FROM `wym_auth`  [ RunTime:0.0010s ]
NOTIC: [2] array_push() expects parameter 1 to be array, null given E:\WWW\tpcms\Application\Common\Common\function.php 第 16 行.
NOTIC: [2] array_push() expects parameter 1 to be array, null given E:\WWW\tpcms\Application\Common\Common\function.php 第 16 行.
NOTIC: [2] array_push() expects parameter 1 to be array, null given E:\WWW\tpcms\Application\Common\Common\function.php 第 16 行.
NOTIC: [2] array_push() expects parameter 1 to be array, null given E:\WWW\tpcms\Application\Common\Common\function.php 第 16 行.
INFO: [ view_parse ] --START--
INFO: [ template_filter ] --START--
INFO: Run Behavior\ContentReplaceBehavior [ RunTime:0.000623s ]
INFO: [ template_filter ] --END-- [ RunTime:0.001584s ]
INFO: Run Behavior\ParseTemplateBehavior [ RunTime:0.027136s ]
INFO: [ view_parse ] --END-- [ RunTime:0.028139s ]
INFO: [ view_filter ] --START--
INFO: Run Behavior\WriteHtmlCacheBehavior [ RunTime:0.000953s ]
INFO: [ view_filter ] --END-- [ RunTime:0.001955s ]
INFO: [ app_end ] --START--
INFO: Run Behavior\ShowPageTraceBehavior [ RunTime:0.001165s ]
INFO: [ app_end ] --END-- [ RunTime:0.002181s ]

[ 2016-07-26T16:13:48+08:00 ] 127.0.0.1 /index.php/Auth/add
INFO: [ app_init ] --START--
INFO: Run Behavior\BuildLiteBehavior [ RunTime:0.000302s ]
INFO: [ app_init ] --END-- [ RunTime:0.002237s ]
INFO: [ app_begin ] --START--
INFO: Run Behavior\ReadHtmlCacheBehavior [ RunTime:0.001356s ]
INFO: [ app_begin ] --END-- [ RunTime:0.002418s ]
SQL: SHOW COLUMNS FROM `wym_auth` [ RunTime:0.0057s ]
SQL: SHOW COLUMNS FROM `wym_auth` [ RunTime:0.0061s ]
SQL: SELECT * FROM `wym_auth`  [ RunTime:0.0008s ]
NOTIC: [2] array_push() expects parameter 1 to be array, null given E:\WWW\tpcms\Application\Common\Common\function.php 第 16 行.
NOTIC: [2] array_push() expects parameter 1 to be array, null given E:\WWW\tpcms\Application\Common\Common\function.php 第 16 行.
NOTIC: [2] array_push() expects parameter 1 to be array, null given E:\WWW\tpcms\Application\Common\Common\function.php 第 16 行.
NOTIC: [2] array_push() expects parameter 1 to be array, null given E:\WWW\tpcms\Application\Common\Common\function.php 第 16 行.
INFO: [ view_parse ] --START--
INFO: [ template_filter ] --START--
INFO: Run Behavior\ContentReplaceBehavior [ RunTime:0.000742s ]
INFO: [ template_filter ] --END-- [ RunTime:0.001915s ]
INFO: Run Behavior\ParseTemplateBehavior [ RunTime:0.032504s ]
INFO: [ view_parse ] --END-- [ RunTime:0.033603s ]
INFO: [ view_filter ] --START--
INFO: Run Behavior\WriteHtmlCacheBehavior [ RunTime:0.000831s ]
INFO: [ view_filter ] --END-- [ RunTime:0.001807s ]
INFO: [ app_end ] --START--
INFO: Run Behavior\ShowPageTraceBehavior [ RunTime:0.001678s ]
INFO: [ app_end ] --END-- [ RunTime:0.025281s ]

[ 2016-07-26T16:13:57+08:00 ] 127.0.0.1 /index.php/Auth/add
INFO: [ app_init ] --START--
INFO: Run Behavior\BuildLiteBehavior [ RunTime:0.000201s ]
INFO: [ app_init ] --END-- [ RunTime:0.001693s ]
INFO: [ app_begin ] --START--
INFO: Run Behavior\ReadHtmlCacheBehavior [ RunTime:0.001868s ]
INFO: [ app_begin ] --END-- [ RunTime:0.002922s ]
SQL: SHOW COLUMNS FROM `wym_auth` [ RunTime:0.0099s ]
SQL: SHOW COLUMNS FROM `wym_auth` [ RunTime:0.0101s ]
SQL: SELECT * FROM `wym_auth`  [ RunTime:0.0009s ]
INFO: [ view_parse ] --START--
INFO: [ template_filter ] --START--
INFO: Run Behavior\ContentReplaceBehavior [ RunTime:0.000752s ]
INFO: [ template_filter ] --END-- [ RunTime:0.001987s ]
INFO: Run Behavior\ParseTemplateBehavior [ RunTime:0.034932s ]
INFO: [ view_parse ] --END-- [ RunTime:0.036331s ]
INFO: [ view_filter ] --START--
INFO: Run Behavior\WriteHtmlCacheBehavior [ RunTime:0.001475s ]
INFO: [ view_filter ] --END-- [ RunTime:0.002762s ]
INFO: [ app_end ] --START--
INFO: Run Behavior\ShowPageTraceBehavior [ RunTime:0.001620s ]
INFO: [ app_end ] --END-- [ RunTime:0.002903s ]

[ 2016-07-26T16:15:35+08:00 ] 127.0.0.1 /index.php/Auth/add
INFO: [ app_init ] --START--
INFO: Run Behavior\BuildLiteBehavior [ RunTime:0.000208s ]
INFO: [ app_init ] --END-- [ RunTime:0.001827s ]
INFO: [ app_begin ] --START--
INFO: Run Behavior\ReadHtmlCacheBehavior [ RunTime:0.001496s ]
INFO: [ app_begin ] --END-- [ RunTime:0.002629s ]
SQL: SHOW COLUMNS FROM `wym_auth` [ RunTime:0.0118s ]
SQL: SHOW COLUMNS FROM `wym_auth` [ RunTime:0.0101s ]
SQL: SELECT * FROM `wym_auth`  [ RunTime:0.0009s ]

[ 2016-07-26T16:15:58+08:00 ] 127.0.0.1 /index.php/Auth/add
INFO: [ app_init ] --START--
INFO: Run Behavior\BuildLiteBehavior [ RunTime:0.000243s ]
INFO: [ app_init ] --END-- [ RunTime:0.001889s ]
INFO: [ app_begin ] --START--
INFO: Run Behavior\ReadHtmlCacheBehavior [ RunTime:0.001235s ]
INFO: [ app_begin ] --END-- [ RunTime:0.002215s ]
SQL: SHOW COLUMNS FROM `wym_auth` [ RunTime:0.0092s ]
SQL: SHOW COLUMNS FROM `wym_auth` [ RunTime:0.0102s ]
SQL: SELECT * FROM `wym_auth`  [ RunTime:0.0009s ]
INFO: [ view_parse ] --START--
INFO: [ template_filter ] --START--
INFO: Run Behavior\ContentReplaceBehavior [ RunTime:0.000575s ]
INFO: [ template_filter ] --END-- [ RunTime:0.001547s ]
INFO: Run Behavior\ParseTemplateBehavior [ RunTime:0.041440s ]
INFO: [ view_parse ] --END-- [ RunTime:0.042616s ]
INFO: [ view_filter ] --START--
INFO: Run Behavior\WriteHtmlCacheBehavior [ RunTime:0.001345s ]
INFO: [ view_filter ] --END-- [ RunTime:0.002760s ]
INFO: [ app_end ] --START--
INFO: Run Behavior\ShowPageTraceBehavior [ RunTime:0.001412s ]
INFO: [ app_end ] --END-- [ RunTime:0.002380s ]

[ 2016-07-26T16:19:30+08:00 ] 127.0.0.1 /index.php/Auth/add
INFO: [ app_init ] --START--
INFO: Run Behavior\BuildLiteBehavior [ RunTime:0.000216s ]
INFO: [ app_init ] --END-- [ RunTime:0.001727s ]
INFO: [ app_begin ] --START--
INFO: Run Behavior\ReadHtmlCacheBehavior [ RunTime:0.001261s ]
INFO: [ app_begin ] --END-- [ RunTime:0.002434s ]
SQL: SHOW COLUMNS FROM `wym_auth` [ RunTime:0.0104s ]
SQL: SHOW COLUMNS FROM `wym_auth` [ RunTime:0.0099s ]
SQL: SELECT * FROM `wym_auth`  [ RunTime:0.0017s ]
NOTIC: [8] Undefined index: level E:\WWW\tpcms\Application\Common\Common\function.php 第 28 行.
INFO: [ view_parse ] --START--
INFO: [ template_filter ] --START--
INFO: Run Behavior\ContentReplaceBehavior [ RunTime:0.000713s ]
INFO: [ template_filter ] --END-- [ RunTime:0.001797s ]
INFO: Run Behavior\ParseTemplateBehavior [ RunTime:0.030568s ]
INFO: [ view_parse ] --END-- [ RunTime:0.032142s ]
INFO: [ view_filter ] --START--
INFO: Run Behavior\WriteHtmlCacheBehavior [ RunTime:0.001212s ]
INFO: [ view_filter ] --END-- [ RunTime:0.002499s ]
INFO: [ app_end ] --START--
INFO: Run Behavior\ShowPageTraceBehavior [ RunTime:0.001395s ]
INFO: [ app_end ] --END-- [ RunTime:0.002377s ]

[ 2016-07-26T16:22:16+08:00 ] 127.0.0.1 /index.php/Auth/add
INFO: [ app_init ] --START--
INFO: Run Behavior\BuildLiteBehavior [ RunTime:0.000282s ]
INFO: [ app_init ] --END-- [ RunTime:0.002240s ]
INFO: [ app_begin ] --START--
INFO: Run Behavior\ReadHtmlCacheBehavior [ RunTime:0.001273s ]
INFO: [ app_begin ] --END-- [ RunTime:0.002258s ]
SQL: SHOW COLUMNS FROM `wym_auth` [ RunTime:0.0101s ]
SQL: SHOW COLUMNS FROM `wym_auth` [ RunTime:0.0071s ]
SQL: SELECT * FROM `wym_auth`  [ RunTime:0.0010s ]
NOTIC: [8] Undefined index: level E:\WWW\tpcms\Application\Common\Common\function.php 第 29 行.
INFO: [ view_parse ] --START--
INFO: [ template_filter ] --START--
INFO: Run Behavior\ContentReplaceBehavior [ RunTime:0.000594s ]
INFO: [ template_filter ] --END-- [ RunTime:0.001574s ]
INFO: Run Behavior\ParseTemplateBehavior [ RunTime:0.044044s ]
INFO: [ view_parse ] --END-- [ RunTime:0.045168s ]
INFO: [ view_filter ] --START--
INFO: Run Behavior\WriteHtmlCacheBehavior [ RunTime:0.000898s ]
INFO: [ view_filter ] --END-- [ RunTime:0.001855s ]
INFO: [ app_end ] --START--
INFO: Run Behavior\ShowPageTraceBehavior [ RunTime:0.001232s ]
INFO: [ app_end ] --END-- [ RunTime:0.002173s ]

[ 2016-07-26T16:22:40+08:00 ] 127.0.0.1 /index.php/Auth/add
INFO: [ app_init ] --START--
INFO: Run Behavior\BuildLiteBehavior [ RunTime:0.000199s ]
INFO: [ app_init ] --END-- [ RunTime:0.001668s ]
INFO: [ app_begin ] --START--
INFO: Run Behavior\ReadHtmlCacheBehavior [ RunTime:0.001172s ]
INFO: [ app_begin ] --END-- [ RunTime:0.002150s ]
SQL: SHOW COLUMNS FROM `wym_auth` [ RunTime:0.0100s ]
SQL: SHOW COLUMNS FROM `wym_auth` [ RunTime:0.0116s ]
SQL: SELECT * FROM `wym_auth`  [ RunTime:0.0008s ]
NOTIC: [8] Undefined index: level E:\WWW\tpcms\Application\Common\Common\function.php 第 29 行.
INFO: [ view_parse ] --START--
INFO: [ template_filter ] --START--
INFO: Run Behavior\ContentReplaceBehavior [ RunTime:0.000771s ]
INFO: [ template_filter ] --END-- [ RunTime:0.002023s ]
INFO: Run Behavior\ParseTemplateBehavior [ RunTime:0.034750s ]
INFO: [ view_parse ] --END-- [ RunTime:0.036060s ]
INFO: [ view_filter ] --START--
INFO: Run Behavior\WriteHtmlCacheBehavior [ RunTime:0.001170s ]
INFO: [ view_filter ] --END-- [ RunTime:0.002412s ]
INFO: [ app_end ] --START--
INFO: Run Behavior\ShowPageTraceBehavior [ RunTime:0.001803s ]
INFO: [ app_end ] --END-- [ RunTime:0.003801s ]

[ 2016-07-26T16:22:45+08:00 ] 127.0.0.1 /index.php/Auth/add
INFO: [ app_init ] --START--
INFO: Run Behavior\BuildLiteBehavior [ RunTime:0.000199s ]
INFO: [ app_init ] --END-- [ RunTime:0.001614s ]
INFO: [ app_begin ] --START--
INFO: Run Behavior\ReadHtmlCacheBehavior [ RunTime:0.001110s ]
INFO: [ app_begin ] --END-- [ RunTime:0.002072s ]
SQL: SHOW COLUMNS FROM `wym_auth` [ RunTime:0.0095s ]
SQL: SHOW COLUMNS FROM `wym_auth` [ RunTime:0.0118s ]
SQL: SELECT * FROM `wym_auth`  [ RunTime:0.0008s ]
NOTIC: [8] Undefined index: level E:\WWW\tpcms\Application\Common\Common\function.php 第 29 行.
INFO: [ view_parse ] --START--
INFO: [ template_filter ] --START--
INFO: Run Behavior\ContentReplaceBehavior [ RunTime:0.000612s ]
INFO: [ template_filter ] --END-- [ RunTime:0.002068s ]
INFO: Run Behavior\ParseTemplateBehavior [ RunTime:0.031744s ]
INFO: [ view_parse ] --END-- [ RunTime:0.032901s ]
INFO: [ view_filter ] --START--
INFO: Run Behavior\WriteHtmlCacheBehavior [ RunTime:0.000854s ]
INFO: [ view_filter ] --END-- [ RunTime:0.001810s ]
INFO: [ app_end ] --START--
INFO: Run Behavior\ShowPageTraceBehavior [ RunTime:0.001531s ]
INFO: [ app_end ] --END-- [ RunTime:0.002890s ]

[ 2016-07-26T16:25:45+08:00 ] 127.0.0.1 /index.php/Auth/add
INFO: [ app_init ] --START--
INFO: Run Behavior\BuildLiteBehavior [ RunTime:0.000226s ]
INFO: [ app_init ] --END-- [ RunTime:0.002073s ]
INFO: [ app_begin ] --START--
INFO: Run Behavior\ReadHtmlCacheBehavior [ RunTime:0.001266s ]
INFO: [ app_begin ] --END-- [ RunTime:0.002271s ]
SQL: SHOW COLUMNS FROM `wym_auth` [ RunTime:0.0050s ]
SQL: SHOW COLUMNS FROM `wym_auth` [ RunTime:0.0055s ]
SQL: SELECT * FROM `wym_auth`  [ RunTime:0.0006s ]
NOTIC: [8] Undefined index: level E:\WWW\tpcms\Application\Common\Common\function.php 第 29 行.
NOTIC: [8] Undefined index: level E:\WWW\tpcms\Application\Common\Common\function.php 第 29 行.
NOTIC: [8] Undefined index: level E:\WWW\tpcms\Application\Common\Common\function.php 第 29 行.
NOTIC: [8] Undefined index: level E:\WWW\tpcms\Application\Common\Common\function.php 第 29 行.
INFO: [ view_parse ] --START--
INFO: [ template_filter ] --START--
INFO: Run Behavior\ContentReplaceBehavior [ RunTime:0.000627s ]
INFO: [ template_filter ] --END-- [ RunTime:0.001756s ]
INFO: Run Behavior\ParseTemplateBehavior [ RunTime:0.038928s ]
INFO: [ view_parse ] --END-- [ RunTime:0.040016s ]
INFO: [ view_filter ] --START--
INFO: Run Behavior\WriteHtmlCacheBehavior [ RunTime:0.001275s ]
INFO: [ view_filter ] --END-- [ RunTime:0.002479s ]
INFO: [ app_end ] --START--
INFO: Run Behavior\ShowPageTraceBehavior [ RunTime:0.001175s ]
INFO: [ app_end ] --END-- [ RunTime:0.002171s ]

[ 2016-07-26T16:26:03+08:00 ] 127.0.0.1 /index.php/Auth/add
INFO: [ app_init ] --START--
INFO: Run Behavior\BuildLiteBehavior [ RunTime:0.000211s ]
INFO: [ app_init ] --END-- [ RunTime:0.001941s ]
INFO: [ app_begin ] --START--
INFO: Run Behavior\ReadHtmlCacheBehavior [ RunTime:0.001285s ]
INFO: [ app_begin ] --END-- [ RunTime:0.002260s ]
SQL: SHOW COLUMNS FROM `wym_auth` [ RunTime:0.0115s ]
SQL: SHOW COLUMNS FROM `wym_auth` [ RunTime:0.0104s ]
SQL: SELECT * FROM `wym_auth`  [ RunTime:0.0018s ]
NOTIC: [8] Undefined index: level E:\WWW\tpcms\Application\Common\Common\function.php 第 28 行.
NOTIC: [8] Undefined index: level E:\WWW\tpcms\Application\Common\Common\function.php 第 28 行.
NOTIC: [8] Undefined index: level E:\WWW\tpcms\Application\Common\Common\function.php 第 28 行.
NOTIC: [8] Undefined index: level E:\WWW\tpcms\Application\Common\Common\function.php 第 28 行.
INFO: [ view_parse ] --START--
INFO: [ template_filter ] --START--
INFO: Run Behavior\ContentReplaceBehavior [ RunTime:0.000752s ]
INFO: [ template_filter ] --END-- [ RunTime:0.002014s ]
INFO: Run Behavior\ParseTemplateBehavior [ RunTime:0.034077s ]
INFO: [ view_parse ] --END-- [ RunTime:0.035639s ]
INFO: [ view_filter ] --START--
INFO: Run Behavior\WriteHtmlCacheBehavior [ RunTime:0.000889s ]
INFO: [ view_filter ] --END-- [ RunTime:0.001866s ]
INFO: [ app_end ] --START--
INFO: Run Behavior\ShowPageTraceBehavior [ RunTime:0.001158s ]
INFO: [ app_end ] --END-- [ RunTime:0.002143s ]

[ 2016-07-26T16:27:07+08:00 ] 127.0.0.1 /index.php/Auth/add
INFO: [ app_init ] --START--
INFO: Run Behavior\BuildLiteBehavior [ RunTime:0.000198s ]
INFO: [ app_init ] --END-- [ RunTime:0.001684s ]
INFO: [ app_begin ] --START--
INFO: Run Behavior\ReadHtmlCacheBehavior [ RunTime:0.001557s ]
INFO: [ app_begin ] --END-- [ RunTime:0.002578s ]
SQL: SHOW COLUMNS FROM `wym_auth` [ RunTime:0.0103s ]
SQL: SHOW COLUMNS FROM `wym_auth` [ RunTime:0.0103s ]
SQL: SELECT * FROM `wym_auth`  [ RunTime:0.0013s ]
NOTIC: [8] Undefined index: level E:\WWW\tpcms\Application\Common\Common\function.php 第 28 行.
NOTIC: [8] Undefined index: level E:\WWW\tpcms\Application\Common\Common\function.php 第 28 行.
NOTIC: [8] Undefined index: level E:\WWW\tpcms\Application\Common\Common\function.php 第 28 行.
NOTIC: [8] Undefined index: level E:\WWW\tpcms\Application\Common\Common\function.php 第 28 行.
INFO: [ view_parse ] --START--
INFO: [ template_filter ] --START--
INFO: Run Behavior\ContentReplaceBehavior [ RunTime:0.000582s ]
INFO: [ template_filter ] --END-- [ RunTime:0.001537s ]
INFO: Run Behavior\ParseTemplateBehavior [ RunTime:0.026148s ]
INFO: [ view_parse ] --END-- [ RunTime:0.027197s ]
INFO: [ view_filter ] --START--
INFO: Run Behavior\WriteHtmlCacheBehavior [ RunTime:0.002047s ]
INFO: [ view_filter ] --END-- [ RunTime:0.003291s ]
INFO: [ app_end ] --START--
INFO: Run Behavior\ShowPageTraceBehavior [ RunTime:0.001315s ]
INFO: [ app_end ] --END-- [ RunTime:0.002297s ]

[ 2016-07-26T16:31:23+08:00 ] 127.0.0.1 /index.php/Auth/add
INFO: [ app_init ] --START--
INFO: Run Behavior\BuildLiteBehavior [ RunTime:0.000229s ]
INFO: [ app_init ] --END-- [ RunTime:0.002177s ]
INFO: [ app_begin ] --START--
INFO: Run Behavior\ReadHtmlCacheBehavior [ RunTime:0.001265s ]
INFO: [ app_begin ] --END-- [ RunTime:0.002347s ]
SQL: SHOW COLUMNS FROM `wym_auth` [ RunTime:0.0095s ]
SQL: SHOW COLUMNS FROM `wym_auth` [ RunTime:0.0107s ]
SQL: SELECT * FROM `wym_auth`  [ RunTime:0.0013s ]
NOTIC: [8] Undefined index: level E:\WWW\tpcms\Application\Common\Common\function.php 第 28 行.
NOTIC: [8] Undefined index: level E:\WWW\tpcms\Application\Common\Common\function.php 第 28 行.
NOTIC: [8] Undefined index: level E:\WWW\tpcms\Application\Common\Common\function.php 第 28 行.
NOTIC: [8] Undefined index: level E:\WWW\tpcms\Application\Common\Common\function.php 第 28 行.
INFO: [ view_parse ] --START--
INFO: [ template_filter ] --START--
INFO: Run Behavior\ContentReplaceBehavior [ RunTime:0.000631s ]
INFO: [ template_filter ] --END-- [ RunTime:0.001689s ]
INFO: Run Behavior\ParseTemplateBehavior [ RunTime:0.029482s ]
INFO: [ view_parse ] --END-- [ RunTime:0.030514s ]
INFO: [ view_filter ] --START--
INFO: Run Behavior\WriteHtmlCacheBehavior [ RunTime:0.001043s ]
INFO: [ view_filter ] --END-- [ RunTime:0.002021s ]
INFO: [ app_end ] --START--
INFO: Run Behavior\ShowPageTraceBehavior [ RunTime:0.001191s ]
INFO: [ app_end ] --END-- [ RunTime:0.002172s ]

[ 2016-07-26T16:32:08+08:00 ] 127.0.0.1 /index.php/Auth/add
INFO: [ app_init ] --START--
INFO: Run Behavior\BuildLiteBehavior [ RunTime:0.000232s ]
INFO: [ app_init ] --END-- [ RunTime:0.002367s ]
INFO: [ app_begin ] --START--
INFO: Run Behavior\ReadHtmlCacheBehavior [ RunTime:0.001177s ]
INFO: [ app_begin ] --END-- [ RunTime:0.002184s ]
SQL: SHOW COLUMNS FROM `wym_auth` [ RunTime:0.0118s ]
SQL: SHOW COLUMNS FROM `wym_auth` [ RunTime:0.0101s ]
SQL: SELECT * FROM `wym_auth`  [ RunTime:0.0007s ]
NOTIC: [8] Undefined index: level E:\WWW\tpcms\Application\Common\Common\function.php 第 28 行.
INFO: [ view_parse ] --START--
INFO: [ template_filter ] --START--
INFO: Run Behavior\ContentReplaceBehavior [ RunTime:0.000657s ]
INFO: [ template_filter ] --END-- [ RunTime:0.001740s ]
INFO: Run Behavior\ParseTemplateBehavior [ RunTime:0.028537s ]
INFO: [ view_parse ] --END-- [ RunTime:0.029622s ]
INFO: [ view_filter ] --START--
INFO: Run Behavior\WriteHtmlCacheBehavior [ RunTime:0.000858s ]
INFO: [ view_filter ] --END-- [ RunTime:0.001824s ]
INFO: [ app_end ] --START--
INFO: Run Behavior\ShowPageTraceBehavior [ RunTime:0.002178s ]
INFO: [ app_end ] --END-- [ RunTime:0.003364s ]

[ 2016-07-26T16:32:22+08:00 ] 127.0.0.1 /index.php/auth/add
INFO: [ app_init ] --START--
INFO: Run Behavior\BuildLiteBehavior [ RunTime:0.000206s ]
INFO: [ app_init ] --END-- [ RunTime:0.001928s ]
INFO: [ app_begin ] --START--
INFO: Run Behavior\ReadHtmlCacheBehavior [ RunTime:0.001214s ]
INFO: [ app_begin ] --END-- [ RunTime:0.002053s ]
SQL: SHOW COLUMNS FROM `wym_auth` [ RunTime:0.0101s ]
SQL: SHOW COLUMNS FROM `wym_auth` [ RunTime:0.0107s ]
SQL: INSERT INTO `wym_auth` (`auth_name`,`auth_controller`,`auth_action`,`pid`) VALUES ('权限管理','Auth','index','1') [ RunTime:0.0012s ]
SQL: SELECT * FROM `wym_auth` WHERE auth_id=1 LIMIT 1   [ RunTime:0.0008s ]

[ 2016-07-26T16:35:55+08:00 ] 127.0.0.1 /index.php/Auth/add
INFO: [ app_init ] --START--
INFO: Run Behavior\BuildLiteBehavior [ RunTime:0.000225s ]
INFO: [ app_init ] --END-- [ RunTime:0.001827s ]
INFO: [ app_begin ] --START--
INFO: Run Behavior\ReadHtmlCacheBehavior [ RunTime:0.001489s ]
INFO: [ app_begin ] --END-- [ RunTime:0.002647s ]
SQL: SHOW COLUMNS FROM `wym_auth` [ RunTime:0.0056s ]
SQL: SHOW COLUMNS FROM `wym_auth` [ RunTime:0.0052s ]
SQL: SELECT * FROM `wym_auth`  [ RunTime:0.0009s ]
NOTIC: [8] Undefined index: level E:\WWW\tpcms\Application\Common\Common\function.php 第 28 行.
NOTIC: [8] Undefined index: level E:\WWW\tpcms\Application\Common\Common\function.php 第 28 行.
INFO: [ view_parse ] --START--
INFO: [ template_filter ] --START--
INFO: Run Behavior\ContentReplaceBehavior [ RunTime:0.001050s ]
INFO: [ template_filter ] --END-- [ RunTime:0.002354s ]
INFO: Run Behavior\ParseTemplateBehavior [ RunTime:0.038021s ]
INFO: [ view_parse ] --END-- [ RunTime:0.039042s ]
INFO: [ view_filter ] --START--
INFO: Run Behavior\WriteHtmlCacheBehavior [ RunTime:0.000907s ]
INFO: [ view_filter ] --END-- [ RunTime:0.001861s ]
INFO: [ app_end ] --START--
INFO: Run Behavior\ShowPageTraceBehavior [ RunTime:0.001393s ]
INFO: [ app_end ] --END-- [ RunTime:0.002443s ]

[ 2016-07-26T16:36:11+08:00 ] 127.0.0.1 /index.php/auth/add
INFO: [ app_init ] --START--
INFO: Run Behavior\BuildLiteBehavior [ RunTime:0.000222s ]
INFO: [ app_init ] --END-- [ RunTime:0.001934s ]
INFO: [ app_begin ] --START--
INFO: Run Behavior\ReadHtmlCacheBehavior [ RunTime:0.001524s ]
INFO: [ app_begin ] --END-- [ RunTime:0.002789s ]
SQL: SHOW COLUMNS FROM `wym_auth` [ RunTime:0.0051s ]
SQL: SHOW COLUMNS FROM `wym_auth` [ RunTime:0.0058s ]
SQL: INSERT INTO `wym_auth` (`auth_name`,`auth_controller`,`auth_action`,`pid`) VALUES ('角色管理','Role','index','1') [ RunTime:0.0011s ]
SQL: SELECT * FROM `wym_auth` WHERE auth_id=1 LIMIT 1   [ RunTime:0.0008s ]

[ 2016-07-26T16:36:55+08:00 ] 127.0.0.1 /index.php/auth/add
INFO: [ app_init ] --START--
INFO: Run Behavior\BuildLiteBehavior [ RunTime:0.000200s ]
INFO: [ app_init ] --END-- [ RunTime:0.001619s ]
INFO: [ app_begin ] --START--
INFO: Run Behavior\ReadHtmlCacheBehavior [ RunTime:0.001116s ]
INFO: [ app_begin ] --END-- [ RunTime:0.001873s ]
SQL: SHOW COLUMNS FROM `wym_auth` [ RunTime:0.0052s ]
SQL: SHOW COLUMNS FROM `wym_auth` [ RunTime:0.0071s ]
SQL: INSERT INTO `wym_auth` (`auth_name`,`auth_controller`,`auth_action`,`pid`) VALUES ('管理员管理','Adminuser','index','1') [ RunTime:0.0009s ]
SQL: SELECT * FROM `wym_auth` WHERE auth_id=1 LIMIT 1   [ RunTime:0.0007s ]

[ 2016-07-26T16:38:22+08:00 ] 127.0.0.1 /index.php/auth/add
INFO: [ app_init ] --START--
INFO: Run Behavior\BuildLiteBehavior [ RunTime:0.000233s ]
INFO: [ app_init ] --END-- [ RunTime:0.001854s ]
INFO: [ app_begin ] --START--
INFO: Run Behavior\ReadHtmlCacheBehavior [ RunTime:0.001143s ]
INFO: [ app_begin ] --END-- [ RunTime:0.001954s ]
SQL: SHOW COLUMNS FROM `wym_auth` [ RunTime:0.0068s ]
SQL: SHOW COLUMNS FROM `wym_auth` [ RunTime:0.0052s ]
SQL: INSERT INTO `wym_auth` (`auth_name`,`auth_controller`,`auth_action`,`pid`) VALUES ('管理员管理','Adminuser','index','1') [ RunTime:0.0010s ]
SQL: SELECT * FROM `wym_auth` WHERE auth_id=1 LIMIT 1   [ RunTime:0.0007s ]

[ 2016-07-26T16:40:16+08:00 ] 127.0.0.1 /index.php/Auth/add
INFO: [ app_init ] --START--
INFO: Run Behavior\BuildLiteBehavior [ RunTime:0.000201s ]
INFO: [ app_init ] --END-- [ RunTime:0.001900s ]
INFO: [ app_begin ] --START--
INFO: Run Behavior\ReadHtmlCacheBehavior [ RunTime:0.001100s ]
INFO: [ app_begin ] --END-- [ RunTime:0.002092s ]
SQL: SHOW COLUMNS FROM `wym_auth` [ RunTime:0.0051s ]
SQL: SHOW COLUMNS FROM `wym_auth` [ RunTime:0.0054s ]
SQL: SELECT * FROM `wym_auth`  [ RunTime:0.0006s ]
NOTIC: [8] Undefined index: level E:\WWW\tpcms\Application\Common\Common\function.php 第 28 行.
INFO: [ view_parse ] --START--
INFO: [ template_filter ] --START--
INFO: Run Behavior\ContentReplaceBehavior [ RunTime:0.000566s ]
INFO: [ template_filter ] --END-- [ RunTime:0.001533s ]
INFO: Run Behavior\ParseTemplateBehavior [ RunTime:0.027743s ]
INFO: [ view_parse ] --END-- [ RunTime:0.028903s ]
INFO: [ view_filter ] --START--
INFO: Run Behavior\WriteHtmlCacheBehavior [ RunTime:0.001096s ]
INFO: [ view_filter ] --END-- [ RunTime:0.002035s ]
INFO: [ app_end ] --START--
INFO: Run Behavior\ShowPageTraceBehavior [ RunTime:0.001199s ]
INFO: [ app_end ] --END-- [ RunTime:0.002149s ]

[ 2016-07-26T16:40:32+08:00 ] 127.0.0.1 /index.php/auth/add
INFO: [ app_init ] --START--
INFO: Run Behavior\BuildLiteBehavior [ RunTime:0.000202s ]
INFO: [ app_init ] --END-- [ RunTime:0.001797s ]
INFO: [ app_begin ] --START--
INFO: Run Behavior\ReadHtmlCacheBehavior [ RunTime:0.001199s ]
INFO: [ app_begin ] --END-- [ RunTime:0.001996s ]
SQL: SHOW COLUMNS FROM `wym_auth` [ RunTime:0.0063s ]
SQL: SHOW COLUMNS FROM `wym_auth` [ RunTime:0.0055s ]
SQL: INSERT INTO `wym_auth` (`auth_name`,`auth_controller`,`auth_action`,`pid`) VALUES ('管理员管理','Adminuser','index','1') [ RunTime:0.0010s ]
SQL: SELECT * FROM `wym_auth` WHERE auth_id=1 LIMIT 1   [ RunTime:0.0008s ]

[ 2016-07-26T16:41:02+08:00 ] 127.0.0.1 /index.php/Auth/add
INFO: [ app_init ] --START--
INFO: Run Behavior\BuildLiteBehavior [ RunTime:0.000206s ]
INFO: [ app_init ] --END-- [ RunTime:0.001633s ]
INFO: [ app_begin ] --START--
INFO: Run Behavior\ReadHtmlCacheBehavior [ RunTime:0.001182s ]
INFO: [ app_begin ] --END-- [ RunTime:0.002167s ]
SQL: SHOW COLUMNS FROM `wym_auth` [ RunTime:0.0110s ]
SQL: SHOW COLUMNS FROM `wym_auth` [ RunTime:0.0111s ]
SQL: SELECT * FROM `wym_auth`  [ RunTime:0.0012s ]
NOTIC: [8] Undefined index: level E:\WWW\tpcms\Application\Common\Common\function.php 第 28 行.
NOTIC: [8] Undefined index: level E:\WWW\tpcms\Application\Common\Common\function.php 第 28 行.
INFO: [ view_parse ] --START--
INFO: [ template_filter ] --START--
INFO: Run Behavior\ContentReplaceBehavior [ RunTime:0.000634s ]
INFO: [ template_filter ] --END-- [ RunTime:0.001899s ]
INFO: Run Behavior\ParseTemplateBehavior [ RunTime:0.030950s ]
INFO: [ view_parse ] --END-- [ RunTime:0.032073s ]
INFO: [ view_filter ] --START--
INFO: Run Behavior\WriteHtmlCacheBehavior [ RunTime:0.000844s ]
INFO: [ view_filter ] --END-- [ RunTime:0.001841s ]
INFO: [ app_end ] --START--
INFO: Run Behavior\ShowPageTraceBehavior [ RunTime:0.001124s ]
INFO: [ app_end ] --END-- [ RunTime:0.002133s ]

[ 2016-07-26T16:41:33+08:00 ] 127.0.0.1 /index.php/auth/add
INFO: [ app_init ] --START--
INFO: Run Behavior\BuildLiteBehavior [ RunTime:0.000201s ]
INFO: [ app_init ] --END-- [ RunTime:0.001760s ]
INFO: [ app_begin ] --START--
INFO: Run Behavior\ReadHtmlCacheBehavior [ RunTime:0.001243s ]
INFO: [ app_begin ] --END-- [ RunTime:0.002254s ]
SQL: SHOW COLUMNS FROM `wym_auth` [ RunTime:0.0047s ]
SQL: SHOW COLUMNS FROM `wym_auth` [ RunTime:0.0051s ]
SQL: INSERT INTO `wym_auth` (`auth_name`,`auth_controller`,`auth_action`,`pid`) VALUES ('权限管理','Auth','index','1') [ RunTime:0.0011s ]
SQL: SELECT * FROM `wym_auth` WHERE auth_id=1 LIMIT 1   [ RunTime:0.0008s ]
SQL: UPDATE `wym_auth` SET `auth_id_path`='1-10',`auth_level`='1' WHERE `auth_id` = 10 [ RunTime:0.0008s ]
INFO: [ app_end ] --START--
INFO: Run Behavior\ShowPageTraceBehavior [ RunTime:0.001130s ]
INFO: [ app_end ] --END-- [ RunTime:0.001917s ]

[ 2016-07-26T16:42:08+08:00 ] 127.0.0.1 /index.php/Auth/add
INFO: [ app_init ] --START--
INFO: Run Behavior\BuildLiteBehavior [ RunTime:0.000198s ]
INFO: [ app_init ] --END-- [ RunTime:0.001619s ]
INFO: [ app_begin ] --START--
INFO: Run Behavior\ReadHtmlCacheBehavior [ RunTime:0.001241s ]
INFO: [ app_begin ] --END-- [ RunTime:0.002326s ]
SQL: SHOW COLUMNS FROM `wym_auth` [ RunTime:0.0048s ]
SQL: SHOW COLUMNS FROM `wym_auth` [ RunTime:0.0048s ]
SQL: SELECT * FROM `wym_auth`  [ RunTime:0.0007s ]
NOTIC: [8] Undefined index: level E:\WWW\tpcms\Application\Common\Common\function.php 第 28 行.
INFO: [ view_parse ] --START--
INFO: [ template_filter ] --START--
INFO: Run Behavior\ContentReplaceBehavior [ RunTime:0.000592s ]
INFO: [ template_filter ] --END-- [ RunTime:0.001539s ]
INFO: Run Behavior\ParseTemplateBehavior [ RunTime:0.025827s ]
INFO: [ view_parse ] --END-- [ RunTime:0.026838s ]
INFO: [ view_filter ] --START--
INFO: Run Behavior\WriteHtmlCacheBehavior [ RunTime:0.001047s ]
INFO: [ view_filter ] --END-- [ RunTime:0.002114s ]
INFO: [ app_end ] --START--
INFO: Run Behavior\ShowPageTraceBehavior [ RunTime:0.001438s ]
INFO: [ app_end ] --END-- [ RunTime:0.002528s ]

[ 2016-07-26T16:42:21+08:00 ] 127.0.0.1 /index.php/auth/add
INFO: [ app_init ] --START--
INFO: Run Behavior\BuildLiteBehavior [ RunTime:0.000201s ]
INFO: [ app_init ] --END-- [ RunTime:0.001643s ]
INFO: [ app_begin ] --START--
INFO: Run Behavior\ReadHtmlCacheBehavior [ RunTime:0.001174s ]
INFO: [ app_begin ] --END-- [ RunTime:0.001954s ]
SQL: SHOW COLUMNS FROM `wym_auth` [ RunTime:0.0048s ]
SQL: SHOW COLUMNS FROM `wym_auth` [ RunTime:0.0049s ]
SQL: INSERT INTO `wym_auth` (`auth_name`,`auth_controller`,`auth_action`,`pid`) VALUES ('权限管理','Auth','index','1') [ RunTime:0.0010s ]
SQL: SELECT * FROM `wym_auth` WHERE auth_id=1 LIMIT 1   [ RunTime:0.0007s ]
SQL: UPDATE `wym_auth` SET `auth_id_path`='1-11',`auth_level`='1' WHERE `auth_id` = 11 [ RunTime:0.0009s ]
INFO: [ app_end ] --START--
INFO: Run Behavior\ShowPageTraceBehavior [ RunTime:0.001214s ]
INFO: [ app_end ] --END-- [ RunTime:0.002073s ]

[ 2016-07-26T16:42:23+08:00 ] 127.0.0.1 /index.php/Auth/add
INFO: [ app_init ] --START--
INFO: Run Behavior\BuildLiteBehavior [ RunTime:0.000212s ]
INFO: [ app_init ] --END-- [ RunTime:0.001874s ]
INFO: [ app_begin ] --START--
INFO: Run Behavior\ReadHtmlCacheBehavior [ RunTime:0.001190s ]
INFO: [ app_begin ] --END-- [ RunTime:0.002160s ]
SQL: SHOW COLUMNS FROM `wym_auth` [ RunTime:0.0094s ]
SQL: SHOW COLUMNS FROM `wym_auth` [ RunTime:0.0104s ]
SQL: SELECT * FROM `wym_auth`  [ RunTime:0.0008s ]
NOTIC: [8] Undefined index: level E:\WWW\tpcms\Application\Common\Common\function.php 第 28 行.
NOTIC: [8] Undefined index: level E:\WWW\tpcms\Application\Common\Common\function.php 第 28 行.
INFO: [ view_parse ] --START--
INFO: [ template_filter ] --START--
INFO: Run Behavior\ContentReplaceBehavior [ RunTime:0.000621s ]
INFO: [ template_filter ] --END-- [ RunTime:0.001584s ]
INFO: Run Behavior\ParseTemplateBehavior [ RunTime:0.031953s ]
INFO: [ view_parse ] --END-- [ RunTime:0.033063s ]
INFO: [ view_filter ] --START--
INFO: Run Behavior\WriteHtmlCacheBehavior [ RunTime:0.001323s ]
INFO: [ view_filter ] --END-- [ RunTime:0.002326s ]
INFO: [ app_end ] --START--
INFO: Run Behavior\ShowPageTraceBehavior [ RunTime:0.001530s ]
INFO: [ app_end ] --END-- [ RunTime:0.003126s ]

[ 2016-07-26T16:45:08+08:00 ] 127.0.0.1 /index.php/Auth/add
INFO: [ app_init ] --START--
INFO: Run Behavior\BuildLiteBehavior [ RunTime:0.000213s ]
INFO: [ app_init ] --END-- [ RunTime:0.002544s ]
INFO: [ app_begin ] --START--
INFO: Run Behavior\ReadHtmlCacheBehavior [ RunTime:0.002912s ]
INFO: [ app_begin ] --END-- [ RunTime:0.004455s ]
SQL: SHOW COLUMNS FROM `wym_auth` [ RunTime:0.0125s ]
SQL: SHOW COLUMNS FROM `wym_auth` [ RunTime:0.0056s ]
SQL: SELECT * FROM `wym_auth`  [ RunTime:0.0009s ]
NOTIC: [8] Undefined index: level E:\WWW\tpcms\Application\Common\Common\function.php 第 28 行.
NOTIC: [8] Undefined index: level E:\WWW\tpcms\Application\Common\Common\function.php 第 28 行.
INFO: [ view_parse ] --START--
INFO: [ template_filter ] --START--
INFO: Run Behavior\ContentReplaceBehavior [ RunTime:0.000665s ]
INFO: [ template_filter ] --END-- [ RunTime:0.001693s ]
INFO: Run Behavior\ParseTemplateBehavior [ RunTime:0.039784s ]
INFO: [ view_parse ] --END-- [ RunTime:0.040965s ]
INFO: [ view_filter ] --START--
INFO: Run Behavior\WriteHtmlCacheBehavior [ RunTime:0.002337s ]
INFO: [ view_filter ] --END-- [ RunTime:0.003535s ]
INFO: [ app_end ] --START--
INFO: Run Behavior\ShowPageTraceBehavior [ RunTime:0.001431s ]
INFO: [ app_end ] --END-- [ RunTime:0.002511s ]

[ 2016-07-26T16:46:32+08:00 ] 127.0.0.1 /index.php/Auth/add
INFO: [ app_init ] --START--
INFO: Run Behavior\BuildLiteBehavior [ RunTime:0.000210s ]
INFO: [ app_init ] --END-- [ RunTime:0.001716s ]
INFO: [ app_begin ] --START--
INFO: Run Behavior\ReadHtmlCacheBehavior [ RunTime:0.001245s ]
INFO: [ app_begin ] --END-- [ RunTime:0.002339s ]
SQL: SHOW COLUMNS FROM `wym_auth` [ RunTime:0.0047s ]
SQL: SHOW COLUMNS FROM `wym_auth` [ RunTime:0.0057s ]
SQL: SELECT * FROM `wym_auth`  [ RunTime:0.0006s ]
NOTIC: [8] Undefined index: level E:\WWW\tpcms\Application\Common\Common\function.php 第 28 行.
NOTIC: [8] Undefined index: level E:\WWW\tpcms\Application\Common\Common\function.php 第 28 行.
INFO: [ view_parse ] --START--
INFO: [ template_filter ] --START--
INFO: Run Behavior\ContentReplaceBehavior [ RunTime:0.000571s ]
INFO: [ template_filter ] --END-- [ RunTime:0.001593s ]
INFO: Run Behavior\ParseTemplateBehavior [ RunTime:0.026789s ]
INFO: [ view_parse ] --END-- [ RunTime:0.027810s ]
INFO: [ view_filter ] --START--
INFO: Run Behavior\WriteHtmlCacheBehavior [ RunTime:0.000965s ]
INFO: [ view_filter ] --END-- [ RunTime:0.001978s ]
INFO: [ app_end ] --START--
INFO: Run Behavior\ShowPageTraceBehavior [ RunTime:0.001424s ]
INFO: [ app_end ] --END-- [ RunTime:0.002616s ]

[ 2016-07-26T16:48:39+08:00 ] 127.0.0.1 /index.php/Auth/add
INFO: [ app_init ] --START--
INFO: Run Behavior\BuildLiteBehavior [ RunTime:0.000208s ]
INFO: [ app_init ] --END-- [ RunTime:0.001810s ]
INFO: [ app_begin ] --START--
INFO: Run Behavior\ReadHtmlCacheBehavior [ RunTime:0.001204s ]
INFO: [ app_begin ] --END-- [ RunTime:0.002179s ]
SQL: SHOW COLUMNS FROM `wym_auth` [ RunTime:0.0079s ]
SQL: SHOW COLUMNS FROM `wym_auth` [ RunTime:0.0067s ]
SQL: SELECT * FROM `wym_auth`  [ RunTime:0.0008s ]
NOTIC: [8] Undefined index: level E:\WWW\tpcms\Application\Common\Common\function.php 第 28 行.
NOTIC: [8] Undefined index: level E:\WWW\tpcms\Application\Common\Common\function.php 第 28 行.
INFO: [ view_parse ] --START--
INFO: [ template_filter ] --START--
INFO: Run Behavior\ContentReplaceBehavior [ RunTime:0.000575s ]
INFO: [ template_filter ] --END-- [ RunTime:0.001642s ]
INFO: Run Behavior\ParseTemplateBehavior [ RunTime:0.028779s ]
INFO: [ view_parse ] --END-- [ RunTime:0.030006s ]
INFO: [ view_filter ] --START--
INFO: Run Behavior\WriteHtmlCacheBehavior [ RunTime:0.001097s ]
INFO: [ view_filter ] --END-- [ RunTime:0.002129s ]
INFO: [ app_end ] --START--
INFO: Run Behavior\ShowPageTraceBehavior [ RunTime:0.001457s ]
INFO: [ app_end ] --END-- [ RunTime:0.002807s ]

[ 2016-07-26T16:49:28+08:00 ] 127.0.0.1 /index.php/Auth/add
INFO: [ app_init ] --START--
INFO: Run Behavior\BuildLiteBehavior [ RunTime:0.000212s ]
INFO: [ app_init ] --END-- [ RunTime:0.001870s ]
INFO: [ app_begin ] --START--
INFO: Run Behavior\ReadHtmlCacheBehavior [ RunTime:0.001176s ]
INFO: [ app_begin ] --END-- [ RunTime:0.002157s ]
SQL: SHOW COLUMNS FROM `wym_auth` [ RunTime:0.0105s ]
SQL: SHOW COLUMNS FROM `wym_auth` [ RunTime:0.0100s ]
SQL: SELECT * FROM `wym_auth`  [ RunTime:0.0012s ]
NOTIC: [8] Undefined index: level E:\WWW\tpcms\Application\Common\Common\function.php 第 28 行.
NOTIC: [8] Undefined index: level E:\WWW\tpcms\Application\Common\Common\function.php 第 28 行.
INFO: [ view_parse ] --START--
INFO: [ template_filter ] --START--
INFO: Run Behavior\ContentReplaceBehavior [ RunTime:0.000591s ]
INFO: [ template_filter ] --END-- [ RunTime:0.001568s ]
INFO: Run Behavior\ParseTemplateBehavior [ RunTime:0.028201s ]
INFO: [ view_parse ] --END-- [ RunTime:0.030019s ]
INFO: [ view_filter ] --START--
INFO: Run Behavior\WriteHtmlCacheBehavior [ RunTime:0.001206s ]
INFO: [ view_filter ] --END-- [ RunTime:0.002611s ]
INFO: [ app_end ] --START--
INFO: Run Behavior\ShowPageTraceBehavior [ RunTime:0.001386s ]
INFO: [ app_end ] --END-- [ RunTime:0.002479s ]

[ 2016-07-26T16:50:37+08:00 ] 127.0.0.1 /index.php/Auth/add
INFO: [ app_init ] --START--
INFO: Run Behavior\BuildLiteBehavior [ RunTime:0.000208s ]
INFO: [ app_init ] --END-- [ RunTime:0.002417s ]
INFO: [ app_begin ] --START--
INFO: Run Behavior\ReadHtmlCacheBehavior [ RunTime:0.001132s ]
INFO: [ app_begin ] --END-- [ RunTime:0.002135s ]
SQL: SHOW COLUMNS FROM `wym_auth` [ RunTime:0.0095s ]
SQL: SHOW COLUMNS FROM `wym_auth` [ RunTime:0.0100s ]
SQL: SELECT * FROM `wym_auth`  [ RunTime:0.0013s ]
NOTIC: [8] Undefined index: level E:\WWW\tpcms\Application\Common\Common\function.php 第 28 行.
NOTIC: [8] Undefined index: level E:\WWW\tpcms\Application\Common\Common\function.php 第 28 行.
INFO: [ view_parse ] --START--
INFO: [ template_filter ] --START--
INFO: Run Behavior\ContentReplaceBehavior [ RunTime:0.000694s ]
INFO: [ template_filter ] --END-- [ RunTime:0.001906s ]
INFO: Run Behavior\ParseTemplateBehavior [ RunTime:0.035703s ]
INFO: [ view_parse ] --END-- [ RunTime:0.037372s ]
INFO: [ view_filter ] --START--
INFO: Run Behavior\WriteHtmlCacheBehavior [ RunTime:0.001077s ]
INFO: [ view_filter ] --END-- [ RunTime:0.002127s ]
INFO: [ app_end ] --START--
INFO: Run Behavior\ShowPageTraceBehavior [ RunTime:0.003187s ]
INFO: [ app_end ] --END-- [ RunTime:0.004290s ]

[ 2016-07-26T16:53:51+08:00 ] 127.0.0.1 /index.php/Auth/add
INFO: [ app_init ] --START--
INFO: Run Behavior\BuildLiteBehavior [ RunTime:0.000208s ]
INFO: [ app_init ] --END-- [ RunTime:0.001963s ]
INFO: [ app_begin ] --START--
INFO: Run Behavior\ReadHtmlCacheBehavior [ RunTime:0.001648s ]
INFO: [ app_begin ] --END-- [ RunTime:0.002832s ]
SQL: SHOW COLUMNS FROM `wym_auth` [ RunTime:0.0258s ]
SQL: SHOW COLUMNS FROM `wym_auth` [ RunTime:0.0056s ]
SQL: SELECT * FROM `wym_auth`  [ RunTime:0.0006s ]
NOTIC: [8] Undefined index: level E:\WWW\tpcms\Application\Common\Common\function.php 第 27 行.
NOTIC: [8] Undefined index: level E:\WWW\tpcms\Application\Common\Common\function.php 第 27 行.
INFO: [ view_parse ] --START--
INFO: [ template_filter ] --START--
INFO: Run Behavior\ContentReplaceBehavior [ RunTime:0.000636s ]
INFO: [ template_filter ] --END-- [ RunTime:0.001658s ]
INFO: Run Behavior\ParseTemplateBehavior [ RunTime:0.040795s ]
INFO: [ view_parse ] --END-- [ RunTime:0.042298s ]
INFO: [ view_filter ] --START--
INFO: Run Behavior\WriteHtmlCacheBehavior [ RunTime:0.001134s ]
INFO: [ view_filter ] --END-- [ RunTime:0.002132s ]
INFO: [ app_end ] --START--
INFO: Run Behavior\ShowPageTraceBehavior [ RunTime:0.001204s ]
INFO: [ app_end ] --END-- [ RunTime:0.002246s ]

[ 2016-07-26T16:54:36+08:00 ] 127.0.0.1 /index.php/Auth/add
INFO: [ app_init ] --START--
INFO: Run Behavior\BuildLiteBehavior [ RunTime:0.000213s ]
INFO: [ app_init ] --END-- [ RunTime:0.001901s ]
INFO: [ app_begin ] --START--
INFO: Run Behavior\ReadHtmlCacheBehavior [ RunTime:0.001228s ]
INFO: [ app_begin ] --END-- [ RunTime:0.002234s ]
SQL: SHOW COLUMNS FROM `wym_auth` [ RunTime:0.0047s ]
SQL: SHOW COLUMNS FROM `wym_auth` [ RunTime:0.0058s ]
SQL: SELECT * FROM `wym_auth`  [ RunTime:0.0008s ]
NOTIC: [8] Undefined index: level E:\WWW\tpcms\Application\Common\Common\function.php 第 27 行.
NOTIC: [8] Undefined index: level E:\WWW\tpcms\Application\Common\Common\function.php 第 27 行.
INFO: [ view_parse ] --START--
INFO: [ template_filter ] --START--
INFO: Run Behavior\ContentReplaceBehavior [ RunTime:0.000619s ]
INFO: [ template_filter ] --END-- [ RunTime:0.001607s ]
INFO: Run Behavior\ParseTemplateBehavior [ RunTime:0.027982s ]
INFO: [ view_parse ] --END-- [ RunTime:0.029543s ]
INFO: [ view_filter ] --START--
INFO: Run Behavior\WriteHtmlCacheBehavior [ RunTime:0.001314s ]
INFO: [ view_filter ] --END-- [ RunTime:0.002422s ]
INFO: [ app_end ] --START--
INFO: Run Behavior\ShowPageTraceBehavior [ RunTime:0.001509s ]
INFO: [ app_end ] --END-- [ RunTime:0.002902s ]

[ 2016-07-26T16:55:59+08:00 ] 127.0.0.1 /index.php/Auth/add
INFO: [ app_init ] --START--
INFO: Run Behavior\BuildLiteBehavior [ RunTime:0.000212s ]
INFO: [ app_init ] --END-- [ RunTime:0.002263s ]
INFO: [ app_begin ] --START--
INFO: Run Behavior\ReadHtmlCacheBehavior [ RunTime:0.001262s ]
INFO: [ app_begin ] --END-- [ RunTime:0.002228s ]
SQL: SHOW COLUMNS FROM `wym_auth` [ RunTime:0.0049s ]
SQL: SHOW COLUMNS FROM `wym_auth` [ RunTime:0.0061s ]
SQL: SELECT * FROM `wym_auth`  [ RunTime:0.0006s ]
NOTIC: [8] Undefined index: level E:\WWW\tpcms\Application\Common\Common\function.php 第 27 行.
NOTIC: [8] Undefined index: level E:\WWW\tpcms\Application\Common\Common\function.php 第 27 行.
INFO: [ view_parse ] --START--
INFO: [ template_filter ] --START--
INFO: Run Behavior\ContentReplaceBehavior [ RunTime:0.001920s ]
INFO: [ template_filter ] --END-- [ RunTime:0.003661s ]
INFO: Run Behavior\ParseTemplateBehavior [ RunTime:0.029380s ]
INFO: [ view_parse ] --END-- [ RunTime:0.030490s ]
INFO: [ view_filter ] --START--
INFO: Run Behavior\WriteHtmlCacheBehavior [ RunTime:0.000901s ]
INFO: [ view_filter ] --END-- [ RunTime:0.001855s ]
INFO: [ app_end ] --START--
INFO: Run Behavior\ShowPageTraceBehavior [ RunTime:0.001161s ]
INFO: [ app_end ] --END-- [ RunTime:0.002146s ]

[ 2016-07-26T16:56:18+08:00 ] 127.0.0.1 /index.php/Auth/add
INFO: [ app_init ] --START--
INFO: Run Behavior\BuildLiteBehavior [ RunTime:0.000209s ]
INFO: [ app_init ] --END-- [ RunTime:0.001654s ]
INFO: [ app_begin ] --START--
INFO: Run Behavior\ReadHtmlCacheBehavior [ RunTime:0.001249s ]
INFO: [ app_begin ] --END-- [ RunTime:0.002232s ]
SQL: SHOW COLUMNS FROM `wym_auth` [ RunTime:0.0111s ]
SQL: SHOW COLUMNS FROM `wym_auth` [ RunTime:0.0108s ]
SQL: SELECT * FROM `wym_auth`  [ RunTime:0.0008s ]
NOTIC: [8] Undefined index: level E:\WWW\tpcms\Application\Common\Common\function.php 第 27 行.
NOTIC: [8] Undefined index: level E:\WWW\tpcms\Application\Common\Common\function.php 第 27 行.
INFO: [ view_parse ] --START--
INFO: [ template_filter ] --START--
INFO: Run Behavior\ContentReplaceBehavior [ RunTime:0.000585s ]
INFO: [ template_filter ] --END-- [ RunTime:0.001548s ]
INFO: Run Behavior\ParseTemplateBehavior [ RunTime:0.029084s ]
INFO: [ view_parse ] --END-- [ RunTime:0.030139s ]
INFO: [ view_filter ] --START--
INFO: Run Behavior\WriteHtmlCacheBehavior [ RunTime:0.000881s ]
INFO: [ view_filter ] --END-- [ RunTime:0.001856s ]
INFO: [ app_end ] --START--
INFO: Run Behavior\ShowPageTraceBehavior [ RunTime:0.001126s ]
INFO: [ app_end ] --END-- [ RunTime:0.002397s ]

[ 2016-07-26T16:56:27+08:00 ] 127.0.0.1 /index.php/Auth/add
INFO: [ app_init ] --START--
INFO: Run Behavior\BuildLiteBehavior [ RunTime:0.000206s ]
INFO: [ app_init ] --END-- [ RunTime:0.001708s ]
INFO: [ app_begin ] --START--
INFO: Run Behavior\ReadHtmlCacheBehavior [ RunTime:0.001538s ]
INFO: [ app_begin ] --END-- [ RunTime:0.002718s ]
SQL: SHOW COLUMNS FROM `wym_auth` [ RunTime:0.0047s ]
SQL: SHOW COLUMNS FROM `wym_auth` [ RunTime:0.0065s ]
SQL: SELECT * FROM `wym_auth`  [ RunTime:0.0008s ]
NOTIC: [8] Undefined index: level E:\WWW\tpcms\Application\Common\Common\function.php 第 27 行.
NOTIC: [8] Undefined index: level E:\WWW\tpcms\Application\Common\Common\function.php 第 27 行.
INFO: [ view_parse ] --START--
INFO: [ template_filter ] --START--
INFO: Run Behavior\ContentReplaceBehavior [ RunTime:0.000610s ]
INFO: [ template_filter ] --END-- [ RunTime:0.001662s ]
INFO: Run Behavior\ParseTemplateBehavior [ RunTime:0.026600s ]
INFO: [ view_parse ] --END-- [ RunTime:0.028180s ]
INFO: [ view_filter ] --START--
INFO: Run Behavior\WriteHtmlCacheBehavior [ RunTime:0.000852s ]
INFO: [ view_filter ] --END-- [ RunTime:0.001814s ]
INFO: [ app_end ] --START--
INFO: Run Behavior\ShowPageTraceBehavior [ RunTime:0.003197s ]
INFO: [ app_end ] --END-- [ RunTime:0.004236s ]

[ 2016-07-26T16:56:29+08:00 ] 127.0.0.1 /index.php/Auth/add
INFO: [ app_init ] --START--
INFO: Run Behavior\BuildLiteBehavior [ RunTime:0.000202s ]
INFO: [ app_init ] --END-- [ RunTime:0.001637s ]
INFO: [ app_begin ] --START--
INFO: Run Behavior\ReadHtmlCacheBehavior [ RunTime:0.001285s ]
INFO: [ app_begin ] --END-- [ RunTime:0.002274s ]
SQL: SHOW COLUMNS FROM `wym_auth` [ RunTime:0.0059s ]
SQL: SHOW COLUMNS FROM `wym_auth` [ RunTime:0.0060s ]
SQL: SELECT * FROM `wym_auth`  [ RunTime:0.0008s ]
NOTIC: [8] Undefined index: level E:\WWW\tpcms\Application\Common\Common\function.php 第 27 行.
NOTIC: [8] Undefined index: level E:\WWW\tpcms\Application\Common\Common\function.php 第 27 行.
INFO: [ view_parse ] --START--
INFO: [ template_filter ] --START--
INFO: Run Behavior\ContentReplaceBehavior [ RunTime:0.000586s ]
INFO: [ template_filter ] --END-- [ RunTime:0.001562s ]
INFO: Run Behavior\ParseTemplateBehavior [ RunTime:0.026174s ]
INFO: [ view_parse ] --END-- [ RunTime:0.027494s ]
INFO: [ view_filter ] --START--
INFO: Run Behavior\WriteHtmlCacheBehavior [ RunTime:0.000966s ]
INFO: [ view_filter ] --END-- [ RunTime:0.002036s ]
INFO: [ app_end ] --START--
INFO: Run Behavior\ShowPageTraceBehavior [ RunTime:0.001200s ]
INFO: [ app_end ] --END-- [ RunTime:0.002187s ]

[ 2016-07-26T16:56:30+08:00 ] 127.0.0.1 /index.php/Auth/add
INFO: [ app_init ] --START--
INFO: Run Behavior\BuildLiteBehavior [ RunTime:0.000228s ]
INFO: [ app_init ] --END-- [ RunTime:0.002047s ]
INFO: [ app_begin ] --START--
INFO: Run Behavior\ReadHtmlCacheBehavior [ RunTime:0.001262s ]
INFO: [ app_begin ] --END-- [ RunTime:0.002292s ]
SQL: SHOW COLUMNS FROM `wym_auth` [ RunTime:0.0050s ]
SQL: SHOW COLUMNS FROM `wym_auth` [ RunTime:0.0295s ]
SQL: SELECT * FROM `wym_auth`  [ RunTime:0.0007s ]
NOTIC: [8] Undefined index: level E:\WWW\tpcms\Application\Common\Common\function.php 第 27 行.
NOTIC: [8] Undefined index: level E:\WWW\tpcms\Application\Common\Common\function.php 第 27 行.
INFO: [ view_parse ] --START--
INFO: [ template_filter ] --START--
INFO: Run Behavior\ContentReplaceBehavior [ RunTime:0.000579s ]
INFO: [ template_filter ] --END-- [ RunTime:0.001551s ]
INFO: Run Behavior\ParseTemplateBehavior [ RunTime:0.038941s ]
INFO: [ view_parse ] --END-- [ RunTime:0.039902s ]
INFO: [ view_filter ] --START--
INFO: Run Behavior\WriteHtmlCacheBehavior [ RunTime:0.000861s ]
INFO: [ view_filter ] --END-- [ RunTime:0.001793s ]
INFO: [ app_end ] --START--
INFO: Run Behavior\ShowPageTraceBehavior [ RunTime:0.001421s ]
INFO: [ app_end ] --END-- [ RunTime:0.002396s ]

[ 2016-07-26T16:57:47+08:00 ] 127.0.0.1 /index.php/Auth/add
INFO: [ app_init ] --START--
INFO: Run Behavior\BuildLiteBehavior [ RunTime:0.000244s ]
INFO: [ app_init ] --END-- [ RunTime:0.002204s ]
INFO: [ app_begin ] --START--
INFO: Run Behavior\ReadHtmlCacheBehavior [ RunTime:0.001166s ]
INFO: [ app_begin ] --END-- [ RunTime:0.002126s ]
SQL: SHOW COLUMNS FROM `wym_auth` [ RunTime:0.0050s ]
SQL: SHOW COLUMNS FROM `wym_auth` [ RunTime:0.0056s ]
SQL: SELECT * FROM `wym_auth`  [ RunTime:0.0007s ]
INFO: [ view_parse ] --START--
INFO: [ template_filter ] --START--
INFO: Run Behavior\ContentReplaceBehavior [ RunTime:0.001133s ]
INFO: [ template_filter ] --END-- [ RunTime:0.002666s ]
INFO: Run Behavior\ParseTemplateBehavior [ RunTime:0.028297s ]
INFO: [ view_parse ] --END-- [ RunTime:0.029326s ]
INFO: [ view_filter ] --START--
INFO: Run Behavior\WriteHtmlCacheBehavior [ RunTime:0.001070s ]
INFO: [ view_filter ] --END-- [ RunTime:0.002215s ]
INFO: [ app_end ] --START--
INFO: Run Behavior\ShowPageTraceBehavior [ RunTime:0.001242s ]
INFO: [ app_end ] --END-- [ RunTime:0.002356s ]

[ 2016-07-26T16:57:58+08:00 ] 127.0.0.1 /index.php/Auth/add
INFO: [ app_init ] --START--
INFO: Run Behavior\BuildLiteBehavior [ RunTime:0.000207s ]
INFO: [ app_init ] --END-- [ RunTime:0.001840s ]
INFO: [ app_begin ] --START--
INFO: Run Behavior\ReadHtmlCacheBehavior [ RunTime:0.001137s ]
INFO: [ app_begin ] --END-- [ RunTime:0.002149s ]
SQL: SHOW COLUMNS FROM `wym_auth` [ RunTime:0.0108s ]
SQL: SHOW COLUMNS FROM `wym_auth` [ RunTime:0.0105s ]
SQL: SELECT * FROM `wym_auth`  [ RunTime:0.0012s ]
INFO: [ view_parse ] --START--
INFO: [ template_filter ] --START--
INFO: Run Behavior\ContentReplaceBehavior [ RunTime:0.000754s ]
INFO: [ template_filter ] --END-- [ RunTime:0.002009s ]
INFO: Run Behavior\ParseTemplateBehavior [ RunTime:0.034275s ]
INFO: [ view_parse ] --END-- [ RunTime:0.035414s ]
INFO: [ view_filter ] --START--
INFO: Run Behavior\WriteHtmlCacheBehavior [ RunTime:0.000861s ]
INFO: [ view_filter ] --END-- [ RunTime:0.001818s ]
INFO: [ app_end ] --START--
INFO: Run Behavior\ShowPageTraceBehavior [ RunTime:0.001335s ]
INFO: [ app_end ] --END-- [ RunTime:0.002466s ]

[ 2016-07-26T16:58:39+08:00 ] 127.0.0.1 /index.php/Auth/add
INFO: [ app_init ] --START--
INFO: Run Behavior\BuildLiteBehavior [ RunTime:0.000212s ]
INFO: [ app_init ] --END-- [ RunTime:0.001978s ]
INFO: [ app_begin ] --START--
INFO: Run Behavior\ReadHtmlCacheBehavior [ RunTime:0.001278s ]
INFO: [ app_begin ] --END-- [ RunTime:0.002262s ]
SQL: SHOW COLUMNS FROM `wym_auth` [ RunTime:0.0059s ]
SQL: SHOW COLUMNS FROM `wym_auth` [ RunTime:0.0052s ]
SQL: SELECT * FROM `wym_auth`  [ RunTime:0.0006s ]
INFO: [ view_parse ] --START--
INFO: [ template_filter ] --START--
INFO: Run Behavior\ContentReplaceBehavior [ RunTime:0.000589s ]
INFO: [ template_filter ] --END-- [ RunTime:0.001600s ]
INFO: Run Behavior\ParseTemplateBehavior [ RunTime:0.028770s ]
INFO: [ view_parse ] --END-- [ RunTime:0.029782s ]
INFO: [ view_filter ] --START--
INFO: Run Behavior\WriteHtmlCacheBehavior [ RunTime:0.001000s ]
INFO: [ view_filter ] --END-- [ RunTime:0.002017s ]
INFO: [ app_end ] --START--
INFO: Run Behavior\ShowPageTraceBehavior [ RunTime:0.001455s ]
INFO: [ app_end ] --END-- [ RunTime:0.002607s ]

[ 2016-07-26T16:59:14+08:00 ] 127.0.0.1 /index.php/auth/add
INFO: [ app_init ] --START--
INFO: Run Behavior\BuildLiteBehavior [ RunTime:0.000244s ]
INFO: [ app_init ] --END-- [ RunTime:0.001882s ]
INFO: [ app_begin ] --START--
INFO: Run Behavior\ReadHtmlCacheBehavior [ RunTime:0.001099s ]
INFO: [ app_begin ] --END-- [ RunTime:0.002181s ]
SQL: SHOW COLUMNS FROM `wym_auth` [ RunTime:0.0061s ]
SQL: SHOW COLUMNS FROM `wym_auth` [ RunTime:0.0057s ]
SQL: INSERT INTO `wym_auth` (`auth_name`,`auth_controller`,`auth_action`,`pid`) VALUES ('角色管理','Role','index','1') [ RunTime:0.0010s ]
SQL: SELECT * FROM `wym_auth` WHERE auth_id=1 LIMIT 1   [ RunTime:0.0006s ]
SQL: UPDATE `wym_auth` SET `auth_id_path`='1-12',`auth_level`='1' WHERE `auth_id` = 12 [ RunTime:0.0008s ]
INFO: [ app_end ] --START--
INFO: Run Behavior\ShowPageTraceBehavior [ RunTime:0.001125s ]
INFO: [ app_end ] --END-- [ RunTime:0.001914s ]

[ 2016-07-26T17:02:34+08:00 ] 127.0.0.1 /index.php/Auth/add
INFO: [ app_init ] --START--
INFO: Run Behavior\BuildLiteBehavior [ RunTime:0.000216s ]
INFO: [ app_init ] --END-- [ RunTime:0.002133s ]
INFO: [ app_begin ] --START--
INFO: Run Behavior\ReadHtmlCacheBehavior [ RunTime:0.001277s ]
INFO: [ app_begin ] --END-- [ RunTime:0.002330s ]
SQL: SHOW COLUMNS FROM `wym_auth` [ RunTime:0.0046s ]
SQL: SHOW COLUMNS FROM `wym_auth` [ RunTime:0.0052s ]
SQL: SELECT * FROM `wym_auth`  [ RunTime:0.0007s ]
INFO: [ view_parse ] --START--
INFO: [ template_filter ] --START--
INFO: Run Behavior\ContentReplaceBehavior [ RunTime:0.000584s ]
INFO: [ template_filter ] --END-- [ RunTime:0.001545s ]
INFO: Run Behavior\ParseTemplateBehavior [ RunTime:0.027034s ]
INFO: [ view_parse ] --END-- [ RunTime:0.028060s ]
INFO: [ view_filter ] --START--
INFO: Run Behavior\WriteHtmlCacheBehavior [ RunTime:0.000911s ]
INFO: [ view_filter ] --END-- [ RunTime:0.001890s ]
INFO: [ app_end ] --START--
INFO: Run Behavior\ShowPageTraceBehavior [ RunTime:0.001148s ]
INFO: [ app_end ] --END-- [ RunTime:0.002162s ]

[ 2016-07-26T17:02:49+08:00 ] 127.0.0.1 /index.php/auth/add
INFO: [ app_init ] --START--
INFO: Run Behavior\BuildLiteBehavior [ RunTime:0.000209s ]
INFO: [ app_init ] --END-- [ RunTime:0.001771s ]
INFO: [ app_begin ] --START--
INFO: Run Behavior\ReadHtmlCacheBehavior [ RunTime:0.001201s ]
INFO: [ app_begin ] --END-- [ RunTime:0.002087s ]
SQL: SHOW COLUMNS FROM `wym_auth` [ RunTime:0.0107s ]
SQL: SHOW COLUMNS FROM `wym_auth` [ RunTime:0.0118s ]
SQL: INSERT INTO `wym_auth` (`auth_name`,`auth_controller`,`auth_action`,`pid`) VALUES ('管理员管理','Adminuser','index','1') [ RunTime:0.0014s ]
SQL: SELECT * FROM `wym_auth` WHERE auth_id=1 LIMIT 1   [ RunTime:0.0008s ]
SQL: UPDATE `wym_auth` SET `auth_id_path`='1-13',`auth_level`='1' WHERE `auth_id` = 13 [ RunTime:0.0013s ]
INFO: [ app_end ] --START--
INFO: Run Behavior\ShowPageTraceBehavior [ RunTime:0.001423s ]
INFO: [ app_end ] --END-- [ RunTime:0.002427s ]

[ 2016-07-26T17:02:52+08:00 ] 127.0.0.1 /index.php/Auth/add
INFO: [ app_init ] --START--
INFO: Run Behavior\BuildLiteBehavior [ RunTime:0.000247s ]
INFO: [ app_init ] --END-- [ RunTime:0.001797s ]
INFO: [ app_begin ] --START--
INFO: Run Behavior\ReadHtmlCacheBehavior [ RunTime:0.001190s ]
INFO: [ app_begin ] --END-- [ RunTime:0.002169s ]
SQL: SHOW COLUMNS FROM `wym_auth` [ RunTime:0.0094s ]
SQL: SHOW COLUMNS FROM `wym_auth` [ RunTime:0.0096s ]
SQL: SELECT * FROM `wym_auth`  [ RunTime:0.0014s ]
INFO: [ view_parse ] --START--
INFO: [ template_filter ] --START--
INFO: Run Behavior\ContentReplaceBehavior [ RunTime:0.000763s ]
INFO: [ template_filter ] --END-- [ RunTime:0.002006s ]
INFO: Run Behavior\ParseTemplateBehavior [ RunTime:0.046351s ]
INFO: [ view_parse ] --END-- [ RunTime:0.048990s ]
INFO: [ view_filter ] --START--
INFO: Run Behavior\WriteHtmlCacheBehavior [ RunTime:0.001430s ]
INFO: [ view_filter ] --END-- [ RunTime:0.003394s ]
INFO: [ app_end ] --START--
INFO: Run Behavior\ShowPageTraceBehavior [ RunTime:0.001543s ]
INFO: [ app_end ] --END-- [ RunTime:0.002745s ]

[ 2016-07-26T17:03:11+08:00 ] 127.0.0.1 /index.php/auth/add
INFO: [ app_init ] --START--
INFO: Run Behavior\BuildLiteBehavior [ RunTime:0.000205s ]
INFO: [ app_init ] --END-- [ RunTime:0.001740s ]
INFO: [ app_begin ] --START--
INFO: Run Behavior\ReadHtmlCacheBehavior [ RunTime:0.001057s ]
INFO: [ app_begin ] --END-- [ RunTime:0.001836s ]
SQL: SHOW COLUMNS FROM `wym_auth` [ RunTime:0.0056s ]
SQL: SHOW COLUMNS FROM `wym_auth` [ RunTime:0.0056s ]
SQL: INSERT INTO `wym_auth` (`auth_name`,`auth_controller`,`auth_action`,`pid`) VALUES ('添加权限','Auth','add','11') [ RunTime:0.0011s ]
SQL: SELECT * FROM `wym_auth` WHERE auth_id=11 LIMIT 1   [ RunTime:0.0007s ]
SQL: UPDATE `wym_auth` SET `auth_id_path`='1-11-14',`auth_level`='2' WHERE `auth_id` = 14 [ RunTime:0.0007s ]
INFO: [ app_end ] --START--
INFO: Run Behavior\ShowPageTraceBehavior [ RunTime:0.001132s ]
INFO: [ app_end ] --END-- [ RunTime:0.001920s ]

[ 2016-07-26T17:03:13+08:00 ] 127.0.0.1 /index.php/Auth/add
INFO: [ app_init ] --START--
INFO: Run Behavior\BuildLiteBehavior [ RunTime:0.000231s ]
INFO: [ app_init ] --END-- [ RunTime:0.002012s ]
INFO: [ app_begin ] --START--
INFO: Run Behavior\ReadHtmlCacheBehavior [ RunTime:0.001173s ]
INFO: [ app_begin ] --END-- [ RunTime:0.002148s ]
SQL: SHOW COLUMNS FROM `wym_auth` [ RunTime:0.0054s ]
SQL: SHOW COLUMNS FROM `wym_auth` [ RunTime:0.0048s ]
SQL: SELECT * FROM `wym_auth`  [ RunTime:0.0009s ]
INFO: [ view_parse ] --START--
INFO: [ template_filter ] --START--
INFO: Run Behavior\ContentReplaceBehavior [ RunTime:0.000593s ]
INFO: [ template_filter ] --END-- [ RunTime:0.001572s ]
INFO: Run Behavior\ParseTemplateBehavior [ RunTime:0.025677s ]
INFO: [ view_parse ] --END-- [ RunTime:0.026858s ]
INFO: [ view_filter ] --START--
INFO: Run Behavior\WriteHtmlCacheBehavior [ RunTime:0.001307s ]
INFO: [ view_filter ] --END-- [ RunTime:0.002449s ]
INFO: [ app_end ] --START--
INFO: Run Behavior\ShowPageTraceBehavior [ RunTime:0.001221s ]
INFO: [ app_end ] --END-- [ RunTime:0.002196s ]

