[ 2016-08-18T09:07:30+08:00 ] 127.0.0.1 /index.php/role/changestatus
INFO: [ app_begin ] --START--
INFO: Run Behavior\ReadHtmlCacheBehavior [ RunTime:0.001097s ]
INFO: [ app_begin ] --END-- [ RunTime:0.002504s ]
SQL: SHOW COLUMNS FROM `wym_role` [ RunTime:0.0046s ]
SQL: SHOW COLUMNS FROM `wym_role` [ RunTime:0.0048s ]
SQL: UPDATE `wym_role` SET `role_status`='0' WHERE `role_id` = 3 [ RunTime:0.0010s ]
INFO: [ app_end ] --START--
INFO: Run Behavior\ShowPageTraceBehavior [ RunTime:0.001195s ]
INFO: [ app_end ] --END-- [ RunTime:0.002067s ]

[ 2016-08-18T09:08:38+08:00 ] 127.0.0.1 /index.php/role/changestatus
INFO: [ app_begin ] --START--
INFO: Run Behavior\ReadHtmlCacheBehavior [ RunTime:0.001058s ]
INFO: [ app_begin ] --END-- [ RunTime:0.002673s ]
SQL: SHOW COLUMNS FROM `wym_role` [ RunTime:0.0097s ]
SQL: SHOW COLUMNS FROM `wym_role` [ RunTime:0.0094s ]
SQL: UPDATE `wym_role` SET `role_status`='1' WHERE `role_id` = 3 [ RunTime:0.0014s ]
INFO: [ app_end ] --START--
INFO: Run Behavior\ShowPageTraceBehavior [ RunTime:0.002323s ]
INFO: [ app_end ] --END-- [ RunTime:0.004086s ]

[ 2016-08-18T09:08:41+08:00 ] 127.0.0.1 /index.php/role/changestatus
INFO: [ app_begin ] --START--
INFO: Run Behavior\ReadHtmlCacheBehavior [ RunTime:0.001002s ]
INFO: [ app_begin ] --END-- [ RunTime:0.002556s ]
SQL: SHOW COLUMNS FROM `wym_role` [ RunTime:0.0107s ]
SQL: SHOW COLUMNS FROM `wym_role` [ RunTime:0.0106s ]
SQL: UPDATE `wym_role` SET `role_status`='0' WHERE `role_id` = 2 [ RunTime:0.0015s ]
INFO: [ app_end ] --START--
INFO: Run Behavior\ShowPageTraceBehavior [ RunTime:0.002339s ]
INFO: [ app_end ] --END-- [ RunTime:0.004075s ]

[ 2016-08-18T09:08:47+08:00 ] 127.0.0.1 /index.php/role/changestatus
INFO: [ app_begin ] --START--
INFO: Run Behavior\ReadHtmlCacheBehavior [ RunTime:0.001066s ]
INFO: [ app_begin ] --END-- [ RunTime:0.002420s ]
SQL: SHOW COLUMNS FROM `wym_role` [ RunTime:0.0062s ]
SQL: SHOW COLUMNS FROM `wym_role` [ RunTime:0.0058s ]
SQL: UPDATE `wym_role` SET `role_status`='1' WHERE `role_id` = 2 [ RunTime:0.0009s ]
INFO: [ app_end ] --START--
INFO: Run Behavior\ShowPageTraceBehavior [ RunTime:0.001649s ]
INFO: [ app_end ] --END-- [ RunTime:0.002661s ]

[ 2016-08-18T14:57:44+08:00 ] 127.0.0.1 /index.php/role/checkaction
INFO: [ app_begin ] --START--
INFO: Run Behavior\ReadHtmlCacheBehavior [ RunTime:0.001180s ]
INFO: [ app_begin ] --END-- [ RunTime:0.003084s ]
SQL: SHOW COLUMNS FROM `wym_auth` [ RunTime:0.0109s ]
SQL: SHOW COLUMNS FROM `wym_auth` [ RunTime:0.0106s ]
SQL: SELECT * FROM `wym_auth` WHERE auth_status=1  [ RunTime:0.0014s ]
INFO: [ app_end ] --START--
INFO: Run Behavior\ShowPageTraceBehavior [ RunTime:0.002505s ]
INFO: [ app_end ] --END-- [ RunTime:0.004279s ]

[ 2016-08-18T14:57:46+08:00 ] 127.0.0.1 /index.php/role/checkaction
INFO: [ app_begin ] --START--
INFO: Run Behavior\ReadHtmlCacheBehavior [ RunTime:0.001032s ]
INFO: [ app_begin ] --END-- [ RunTime:0.002743s ]
SQL: SHOW COLUMNS FROM `wym_auth` [ RunTime:0.0104s ]
SQL: SHOW COLUMNS FROM `wym_auth` [ RunTime:0.0102s ]
SQL: SELECT * FROM `wym_auth` WHERE auth_status=1  [ RunTime:0.0009s ]
INFO: [ app_end ] --START--
INFO: Run Behavior\ShowPageTraceBehavior [ RunTime:0.001348s ]
INFO: [ app_end ] --END-- [ RunTime:0.002530s ]

[ 2016-08-18T14:57:48+08:00 ] 127.0.0.1 /index.php/role/checkaction
INFO: [ app_begin ] --START--
INFO: Run Behavior\ReadHtmlCacheBehavior [ RunTime:0.001588s ]
INFO: [ app_begin ] --END-- [ RunTime:0.003679s ]
SQL: SHOW COLUMNS FROM `wym_auth` [ RunTime:0.0056s ]
SQL: SHOW COLUMNS FROM `wym_auth` [ RunTime:0.0069s ]
SQL: SELECT * FROM `wym_auth` WHERE auth_status=1  [ RunTime:0.0010s ]
INFO: [ app_end ] --START--
INFO: Run Behavior\ShowPageTraceBehavior [ RunTime:0.001730s ]
INFO: [ app_end ] --END-- [ RunTime:0.002887s ]

[ 2016-08-18T14:57:52+08:00 ] 127.0.0.1 /index.php/role/add
INFO: [ app_begin ] --START--
INFO: Run Behavior\ReadHtmlCacheBehavior [ RunTime:0.001029s ]
INFO: [ app_begin ] --END-- [ RunTime:0.002491s ]
SQL: SHOW COLUMNS FROM `wym_role` [ RunTime:0.0104s ]
SQL: SHOW COLUMNS FROM `wym_role` [ RunTime:0.0103s ]
SQL: INSERT INTO `wym_role` (`role_name`,`role_info`,`role_auth_ids`,`role_auth_ca`) VALUES ('系统研发工程师','','1,11,14,16','-,Auth-index,Auth-add,Auth-delete') [ RunTime:0.0020s ]
INFO: [ app_end ] --START--
INFO: Run Behavior\ShowPageTraceBehavior [ RunTime:0.002341s ]
INFO: [ app_end ] --END-- [ RunTime:0.004096s ]

[ 2016-08-18T14:58:51+08:00 ] 127.0.0.1 /index.php/role/checkaction
INFO: [ app_begin ] --START--
INFO: Run Behavior\ReadHtmlCacheBehavior [ RunTime:0.001072s ]
INFO: [ app_begin ] --END-- [ RunTime:0.002442s ]
SQL: SHOW COLUMNS FROM `wym_auth` [ RunTime:0.0051s ]
SQL: SHOW COLUMNS FROM `wym_auth` [ RunTime:0.0056s ]
SQL: SELECT * FROM `wym_auth` WHERE auth_status=1  [ RunTime:0.0009s ]
INFO: [ app_end ] --START--
INFO: Run Behavior\ShowPageTraceBehavior [ RunTime:0.001276s ]
INFO: [ app_end ] --END-- [ RunTime:0.002170s ]

[ 2016-08-18T14:58:53+08:00 ] 127.0.0.1 /index.php/role/checkaction
INFO: [ app_begin ] --START--
INFO: Run Behavior\ReadHtmlCacheBehavior [ RunTime:0.001069s ]
INFO: [ app_begin ] --END-- [ RunTime:0.002383s ]
SQL: SHOW COLUMNS FROM `wym_auth` [ RunTime:0.0050s ]
SQL: SHOW COLUMNS FROM `wym_auth` [ RunTime:0.0057s ]
SQL: SELECT * FROM `wym_auth` WHERE auth_status=1  [ RunTime:0.0008s ]
INFO: [ app_end ] --START--
INFO: Run Behavior\ShowPageTraceBehavior [ RunTime:0.001288s ]
INFO: [ app_end ] --END-- [ RunTime:0.002128s ]

[ 2016-08-18T14:58:55+08:00 ] 127.0.0.1 /index.php/role/checkaction
INFO: [ app_begin ] --START--
INFO: Run Behavior\ReadHtmlCacheBehavior [ RunTime:0.001006s ]
INFO: [ app_begin ] --END-- [ RunTime:0.002346s ]
SQL: SHOW COLUMNS FROM `wym_auth` [ RunTime:0.0098s ]
SQL: SHOW COLUMNS FROM `wym_auth` [ RunTime:0.0100s ]
SQL: SELECT * FROM `wym_auth` WHERE auth_status=1  [ RunTime:0.0014s ]
INFO: [ app_end ] --START--
INFO: Run Behavior\ShowPageTraceBehavior [ RunTime:0.002350s ]
INFO: [ app_end ] --END-- [ RunTime:0.004169s ]

[ 2016-08-18T14:58:58+08:00 ] 127.0.0.1 /index.php/role/add
INFO: [ app_begin ] --START--
INFO: Run Behavior\ReadHtmlCacheBehavior [ RunTime:0.001691s ]
INFO: [ app_begin ] --END-- [ RunTime:0.003272s ]
SQL: SHOW COLUMNS FROM `wym_role` [ RunTime:0.0108s ]
SQL: SHOW COLUMNS FROM `wym_role` [ RunTime:0.0049s ]
SQL: INSERT INTO `wym_role` (`role_name`,`role_info`,`role_auth_ids`,`role_auth_ca`) VALUES ('系统研发工程师','','1,11,14,16','-,Auth-index,Auth-add,Auth-delete') [ RunTime:0.0009s ]
INFO: [ app_end ] --START--
INFO: Run Behavior\ShowPageTraceBehavior [ RunTime:0.001175s ]
INFO: [ app_end ] --END-- [ RunTime:0.001947s ]

[ 2016-08-18T15:01:29+08:00 ] 127.0.0.1 /index.php/role/checkaction
INFO: [ app_begin ] --START--
INFO: Run Behavior\ReadHtmlCacheBehavior [ RunTime:0.001094s ]
INFO: [ app_begin ] --END-- [ RunTime:0.002624s ]
SQL: SHOW COLUMNS FROM `wym_auth` [ RunTime:0.0102s ]
SQL: SHOW COLUMNS FROM `wym_auth` [ RunTime:0.0082s ]
SQL: SELECT * FROM `wym_auth` WHERE auth_status=1  [ RunTime:0.0010s ]
INFO: [ app_end ] --START--
INFO: Run Behavior\ShowPageTraceBehavior [ RunTime:0.001495s ]
INFO: [ app_end ] --END-- [ RunTime:0.002562s ]

[ 2016-08-18T15:01:32+08:00 ] 127.0.0.1 /index.php/role/checkaction
INFO: [ app_begin ] --START--
INFO: Run Behavior\ReadHtmlCacheBehavior [ RunTime:0.001188s ]
INFO: [ app_begin ] --END-- [ RunTime:0.002938s ]
SQL: SHOW COLUMNS FROM `wym_auth` [ RunTime:0.0048s ]
SQL: SHOW COLUMNS FROM `wym_auth` [ RunTime:0.0059s ]
SQL: SELECT * FROM `wym_auth` WHERE auth_status=1  [ RunTime:0.0008s ]
INFO: [ app_end ] --START--
INFO: Run Behavior\ShowPageTraceBehavior [ RunTime:0.001241s ]
INFO: [ app_end ] --END-- [ RunTime:0.002056s ]

[ 2016-08-18T15:01:33+08:00 ] 127.0.0.1 /index.php/role/checkaction
INFO: [ app_begin ] --START--
INFO: Run Behavior\ReadHtmlCacheBehavior [ RunTime:0.001153s ]
INFO: [ app_begin ] --END-- [ RunTime:0.002512s ]
SQL: SHOW COLUMNS FROM `wym_auth` [ RunTime:0.0052s ]
SQL: SHOW COLUMNS FROM `wym_auth` [ RunTime:0.0049s ]
SQL: SELECT * FROM `wym_auth` WHERE auth_status=1  [ RunTime:0.0010s ]
INFO: [ app_end ] --START--
INFO: Run Behavior\ShowPageTraceBehavior [ RunTime:0.001163s ]
INFO: [ app_end ] --END-- [ RunTime:0.001976s ]

[ 2016-08-18T15:02:11+08:00 ] 127.0.0.1 /index.php/role/checkaction
INFO: [ app_begin ] --START--
INFO: Run Behavior\ReadHtmlCacheBehavior [ RunTime:0.001000s ]
INFO: [ app_begin ] --END-- [ RunTime:0.002291s ]
SQL: SHOW COLUMNS FROM `wym_auth` [ RunTime:0.0107s ]
SQL: SHOW COLUMNS FROM `wym_auth` [ RunTime:0.0098s ]
SQL: SELECT * FROM `wym_auth` WHERE auth_status=1  [ RunTime:0.0012s ]
INFO: [ app_end ] --START--
INFO: Run Behavior\ShowPageTraceBehavior [ RunTime:0.001471s ]
INFO: [ app_end ] --END-- [ RunTime:0.002471s ]

[ 2016-08-18T15:02:13+08:00 ] 127.0.0.1 /index.php/role/checkaction
INFO: [ app_begin ] --START--
INFO: Run Behavior\ReadHtmlCacheBehavior [ RunTime:0.001040s ]
INFO: [ app_begin ] --END-- [ RunTime:0.002450s ]
SQL: SHOW COLUMNS FROM `wym_auth` [ RunTime:0.0110s ]
SQL: SHOW COLUMNS FROM `wym_auth` [ RunTime:0.0098s ]
SQL: SELECT * FROM `wym_auth` WHERE auth_status=1  [ RunTime:0.0015s ]
INFO: [ app_end ] --START--
INFO: Run Behavior\ShowPageTraceBehavior [ RunTime:0.002534s ]
INFO: [ app_end ] --END-- [ RunTime:0.004507s ]

[ 2016-08-18T15:02:14+08:00 ] 127.0.0.1 /index.php/role/checkaction
INFO: [ app_begin ] --START--
INFO: Run Behavior\ReadHtmlCacheBehavior [ RunTime:0.000999s ]
INFO: [ app_begin ] --END-- [ RunTime:0.002324s ]
SQL: SHOW COLUMNS FROM `wym_auth` [ RunTime:0.0108s ]
SQL: SHOW COLUMNS FROM `wym_auth` [ RunTime:0.0105s ]
SQL: SELECT * FROM `wym_auth` WHERE auth_status=1  [ RunTime:0.0019s ]
INFO: [ app_end ] --START--
INFO: Run Behavior\ShowPageTraceBehavior [ RunTime:0.001283s ]
INFO: [ app_end ] --END-- [ RunTime:0.002199s ]

[ 2016-08-18T15:03:53+08:00 ] 127.0.0.1 /index.php/role/checkaction
INFO: [ app_begin ] --START--
INFO: Run Behavior\ReadHtmlCacheBehavior [ RunTime:0.000952s ]
INFO: [ app_begin ] --END-- [ RunTime:0.002227s ]
SQL: SHOW COLUMNS FROM `wym_auth` [ RunTime:0.0096s ]
SQL: SHOW COLUMNS FROM `wym_auth` [ RunTime:0.0114s ]
SQL: SELECT * FROM `wym_auth` WHERE auth_status=1  [ RunTime:0.0015s ]
INFO: [ app_end ] --START--
INFO: Run Behavior\ShowPageTraceBehavior [ RunTime:0.002665s ]
INFO: [ app_end ] --END-- [ RunTime:0.004616s ]

[ 2016-08-18T15:03:56+08:00 ] 127.0.0.1 /index.php/role/checkaction
INFO: [ app_begin ] --START--
INFO: Run Behavior\ReadHtmlCacheBehavior [ RunTime:0.001446s ]
INFO: [ app_begin ] --END-- [ RunTime:0.003108s ]
SQL: SHOW COLUMNS FROM `wym_auth` [ RunTime:0.0103s ]
SQL: SHOW COLUMNS FROM `wym_auth` [ RunTime:0.0098s ]
SQL: SELECT * FROM `wym_auth` WHERE auth_status=1  [ RunTime:0.0015s ]
INFO: [ app_end ] --START--
INFO: Run Behavior\ShowPageTraceBehavior [ RunTime:0.002543s ]
INFO: [ app_end ] --END-- [ RunTime:0.004680s ]

[ 2016-08-18T15:04:00+08:00 ] 127.0.0.1 /index.php/role/checkaction
INFO: [ app_begin ] --START--
INFO: Run Behavior\ReadHtmlCacheBehavior [ RunTime:0.001024s ]
INFO: [ app_begin ] --END-- [ RunTime:0.002348s ]
SQL: SHOW COLUMNS FROM `wym_auth` [ RunTime:0.0047s ]
SQL: SHOW COLUMNS FROM `wym_auth` [ RunTime:0.0049s ]
SQL: SELECT * FROM `wym_auth` WHERE auth_status=1  [ RunTime:0.0009s ]
INFO: [ app_end ] --START--
INFO: Run Behavior\ShowPageTraceBehavior [ RunTime:0.001218s ]
INFO: [ app_end ] --END-- [ RunTime:0.002093s ]

[ 2016-08-18T15:04:21+08:00 ] 127.0.0.1 /index.php/role/checkaction
INFO: [ app_begin ] --START--
INFO: Run Behavior\ReadHtmlCacheBehavior [ RunTime:0.001410s ]
INFO: [ app_begin ] --END-- [ RunTime:0.002889s ]
SQL: SHOW COLUMNS FROM `wym_auth` [ RunTime:0.0056s ]
SQL: SHOW COLUMNS FROM `wym_auth` [ RunTime:0.0063s ]
SQL: SELECT * FROM `wym_auth` WHERE auth_status=1  [ RunTime:0.0008s ]
INFO: [ app_end ] --START--
INFO: Run Behavior\ShowPageTraceBehavior [ RunTime:0.001444s ]
INFO: [ app_end ] --END-- [ RunTime:0.002456s ]

[ 2016-08-18T15:04:23+08:00 ] 127.0.0.1 /index.php/role/checkaction
INFO: [ app_begin ] --START--
INFO: Run Behavior\ReadHtmlCacheBehavior [ RunTime:0.001089s ]
INFO: [ app_begin ] --END-- [ RunTime:0.002528s ]
SQL: SHOW COLUMNS FROM `wym_auth` [ RunTime:0.0104s ]
SQL: SHOW COLUMNS FROM `wym_auth` [ RunTime:0.0118s ]
SQL: SELECT * FROM `wym_auth` WHERE auth_status=1  [ RunTime:0.0012s ]
INFO: [ app_end ] --START--
INFO: Run Behavior\ShowPageTraceBehavior [ RunTime:0.001442s ]
INFO: [ app_end ] --END-- [ RunTime:0.002902s ]

[ 2016-08-18T15:04:25+08:00 ] 127.0.0.1 /index.php/role/checkaction
INFO: [ app_begin ] --START--
INFO: Run Behavior\ReadHtmlCacheBehavior [ RunTime:0.001058s ]
INFO: [ app_begin ] --END-- [ RunTime:0.002596s ]
SQL: SHOW COLUMNS FROM `wym_auth` [ RunTime:0.0108s ]
SQL: SHOW COLUMNS FROM `wym_auth` [ RunTime:0.0106s ]
SQL: SELECT * FROM `wym_auth` WHERE auth_status=1  [ RunTime:0.0016s ]
INFO: [ app_end ] --START--
INFO: Run Behavior\ShowPageTraceBehavior [ RunTime:0.002546s ]
INFO: [ app_end ] --END-- [ RunTime:0.004178s ]

[ 2016-08-18T15:04:27+08:00 ] 127.0.0.1 /index.php/role/add
INFO: [ app_begin ] --START--
INFO: Run Behavior\ReadHtmlCacheBehavior [ RunTime:0.001270s ]
INFO: [ app_begin ] --END-- [ RunTime:0.003756s ]
SQL: SHOW COLUMNS FROM `wym_role` [ RunTime:0.0105s ]
SQL: SHOW COLUMNS FROM `wym_role` [ RunTime:0.0101s ]
SQL: INSERT INTO `wym_role` (`role_name`,`role_info`,`role_auth_ids`,`role_auth_ca`) VALUES ('系统研发工程师','权限管理的添加和删除','1,11,14,16','-,Auth-index,Auth-add,Auth-delete') [ RunTime:0.0011s ]
INFO: [ app_end ] --START--
INFO: Run Behavior\ShowPageTraceBehavior [ RunTime:0.001629s ]
INFO: [ app_end ] --END-- [ RunTime:0.002691s ]

[ 2016-08-18T15:36:53+08:00 ] 127.0.0.1 /index.php/role/checkaction
INFO: [ app_begin ] --START--
INFO: Run Behavior\ReadHtmlCacheBehavior [ RunTime:0.001195s ]
INFO: [ app_begin ] --END-- [ RunTime:0.002880s ]
SQL: SHOW COLUMNS FROM `wym_auth` [ RunTime:0.0055s ]
SQL: SHOW COLUMNS FROM `wym_auth` [ RunTime:0.0051s ]
SQL: SELECT * FROM `wym_auth` WHERE auth_status=1  [ RunTime:0.0008s ]
INFO: [ app_end ] --START--
INFO: Run Behavior\ShowPageTraceBehavior [ RunTime:0.001186s ]
INFO: [ app_end ] --END-- [ RunTime:0.001997s ]

[ 2016-08-18T15:36:54+08:00 ] 127.0.0.1 /index.php/role/edi
INFO: [ app_begin ] --START--
INFO: Run Behavior\ReadHtmlCacheBehavior [ RunTime:0.001307s ]
INFO: [ app_begin ] --END-- [ RunTime:0.003031s ]
SQL: SHOW COLUMNS FROM `wym_role` [ RunTime:0.0099s ]
SQL: SHOW COLUMNS FROM `wym_role` [ RunTime:0.0105s ]
INFO: [ app_end ] --START--
INFO: Run Behavior\ShowPageTraceBehavior [ RunTime:0.002313s ]
INFO: [ app_end ] --END-- [ RunTime:0.003775s ]

[ 2016-08-18T15:39:14+08:00 ] 127.0.0.1 /index.php/role/checkaction
INFO: [ app_begin ] --START--
INFO: Run Behavior\ReadHtmlCacheBehavior [ RunTime:0.000985s ]
INFO: [ app_begin ] --END-- [ RunTime:0.002350s ]
SQL: SHOW COLUMNS FROM `wym_auth` [ RunTime:0.0055s ]
SQL: SHOW COLUMNS FROM `wym_auth` [ RunTime:0.0051s ]
SQL: SELECT * FROM `wym_auth` WHERE auth_status=1  [ RunTime:0.0009s ]
INFO: [ app_end ] --START--
INFO: Run Behavior\ShowPageTraceBehavior [ RunTime:0.001504s ]
INFO: [ app_end ] --END-- [ RunTime:0.002328s ]

[ 2016-08-18T15:39:15+08:00 ] 127.0.0.1 /index.php/role/edi
INFO: [ app_begin ] --START--
INFO: Run Behavior\ReadHtmlCacheBehavior [ RunTime:0.001564s ]
INFO: [ app_begin ] --END-- [ RunTime:0.003632s ]
SQL: SHOW COLUMNS FROM `wym_role` [ RunTime:0.0056s ]
SQL: SHOW COLUMNS FROM `wym_role` [ RunTime:0.0048s ]
SQL: UPDATE `wym_role` SET `role_name`='超级管理员',`role_info`='一切权限',`role_auth_ids`='1,11,14,16,12,20,21,22,13,19,23,24,15,25',`role_auth_ca`='-,Auth-index,Auth-add,Auth-delete,Role-index,Role-add,Role-del,Role-edi,Adminuser-index,Adminuser-add,Adminuser-edi,Adminuser-del,-,Users-add' WHERE `role_id` = 0 [ RunTime:0.0009s ]
INFO: [ app_end ] --START--
INFO: Run Behavior\ShowPageTraceBehavior [ RunTime:0.001201s ]
INFO: [ app_end ] --END-- [ RunTime:0.001976s ]

[ 2016-08-18T15:39:41+08:00 ] 127.0.0.1 /index.php/role/checkaction
INFO: [ app_begin ] --START--
INFO: Run Behavior\ReadHtmlCacheBehavior [ RunTime:0.001018s ]
INFO: [ app_begin ] --END-- [ RunTime:0.002428s ]
SQL: SHOW COLUMNS FROM `wym_auth` [ RunTime:0.0113s ]
SQL: SHOW COLUMNS FROM `wym_auth` [ RunTime:0.0099s ]
SQL: SELECT * FROM `wym_auth` WHERE auth_status=1  [ RunTime:0.0018s ]
INFO: [ app_end ] --START--
INFO: Run Behavior\ShowPageTraceBehavior [ RunTime:0.002372s ]
INFO: [ app_end ] --END-- [ RunTime:0.004197s ]

[ 2016-08-18T15:39:42+08:00 ] 127.0.0.1 /index.php/role/edi
INFO: [ app_begin ] --START--
INFO: Run Behavior\ReadHtmlCacheBehavior [ RunTime:0.001156s ]
INFO: [ app_begin ] --END-- [ RunTime:0.002707s ]
SQL: SHOW COLUMNS FROM `wym_role` [ RunTime:0.0102s ]
SQL: SHOW COLUMNS FROM `wym_role` [ RunTime:0.0106s ]
SQL: UPDATE `wym_role` SET `role_name`='超级管理员',`role_info`='一切权限',`role_auth_ids`='1,11,14,16,12,20,21,22,13,19,23,24,15,25',`role_auth_ca`='-,Auth-index,Auth-add,Auth-delete,Role-index,Role-add,Role-del,Role-edi,Adminuser-index,Adminuser-add,Adminuser-edi,Adminuser-del,-,Users-add' WHERE `role_id` = 2 [ RunTime:0.0021s ]
INFO: [ app_end ] --START--
INFO: Run Behavior\ShowPageTraceBehavior [ RunTime:0.001547s ]
INFO: [ app_end ] --END-- [ RunTime:0.002631s ]

[ 2016-08-18T15:40:19+08:00 ] 127.0.0.1 /index.php/role/checkaction
INFO: [ app_begin ] --START--
INFO: Run Behavior\ReadHtmlCacheBehavior [ RunTime:0.001349s ]
INFO: [ app_begin ] --END-- [ RunTime:0.002925s ]
SQL: SHOW COLUMNS FROM `wym_auth` [ RunTime:0.0051s ]
SQL: SHOW COLUMNS FROM `wym_auth` [ RunTime:0.0062s ]
SQL: SELECT * FROM `wym_auth` WHERE auth_status=1  [ RunTime:0.0008s ]
INFO: [ app_end ] --START--
INFO: Run Behavior\ShowPageTraceBehavior [ RunTime:0.001181s ]
INFO: [ app_end ] --END-- [ RunTime:0.002021s ]

[ 2016-08-18T15:40:21+08:00 ] 127.0.0.1 /index.php/role/edi
INFO: [ app_begin ] --START--
INFO: Run Behavior\ReadHtmlCacheBehavior [ RunTime:0.001370s ]
INFO: [ app_begin ] --END-- [ RunTime:0.003250s ]
SQL: SHOW COLUMNS FROM `wym_role` [ RunTime:0.0103s ]
SQL: SHOW COLUMNS FROM `wym_role` [ RunTime:0.0097s ]
SQL: UPDATE `wym_role` SET `role_name`='超级管理员',`role_info`='一切权限',`role_auth_ids`='1,11,14,16,12,20,21,22,13,19,23,24,15',`role_auth_ca`='-,Auth-index,Auth-add,Auth-delete,Role-index,Role-add,Role-del,Role-edi,Adminuser-index,Adminuser-add,Adminuser-edi,Adminuser-del,-' WHERE `role_id` = 2 [ RunTime:0.0013s ]
INFO: [ app_end ] --START--
INFO: Run Behavior\ShowPageTraceBehavior [ RunTime:0.001445s ]
INFO: [ app_end ] --END-- [ RunTime:0.002416s ]

[ 2016-08-18T15:41:41+08:00 ] 127.0.0.1 /index.php/role/checkaction
INFO: [ app_begin ] --START--
INFO: Run Behavior\ReadHtmlCacheBehavior [ RunTime:0.001014s ]
INFO: [ app_begin ] --END-- [ RunTime:0.002288s ]
SQL: SHOW COLUMNS FROM `wym_auth` [ RunTime:0.0048s ]
SQL: SHOW COLUMNS FROM `wym_auth` [ RunTime:0.0048s ]
SQL: SELECT * FROM `wym_auth` WHERE auth_status=1  [ RunTime:0.0007s ]
INFO: [ app_end ] --START--
INFO: Run Behavior\ShowPageTraceBehavior [ RunTime:0.001171s ]
INFO: [ app_end ] --END-- [ RunTime:0.001978s ]

[ 2016-08-18T15:41:42+08:00 ] 127.0.0.1 /index.php/role/edi
INFO: [ app_begin ] --START--
INFO: Run Behavior\ReadHtmlCacheBehavior [ RunTime:0.001064s ]
INFO: [ app_begin ] --END-- [ RunTime:0.002463s ]
SQL: SHOW COLUMNS FROM `wym_role` [ RunTime:0.0047s ]
SQL: SHOW COLUMNS FROM `wym_role` [ RunTime:0.0056s ]
SQL: UPDATE `wym_role` SET `role_name`='超级管理员',`role_info`='一切权限',`role_auth_ids`='1,11,14,16,12,20,21,22,13,19,23,24,15,25',`role_auth_ca`='-,Auth-index,Auth-add,Auth-delete,Role-index,Role-add,Role-del,Role-edi,Adminuser-index,Adminuser-add,Adminuser-edi,Adminuser-del,-,Users-add' WHERE `role_id` = 2 [ RunTime:0.0010s ]
INFO: [ app_end ] --START--
INFO: Run Behavior\ShowPageTraceBehavior [ RunTime:0.001206s ]
INFO: [ app_end ] --END-- [ RunTime:0.001967s ]

[ 2016-08-18T15:41:51+08:00 ] 127.0.0.1 /index.php/role/checkaction
INFO: [ app_begin ] --START--
INFO: Run Behavior\ReadHtmlCacheBehavior [ RunTime:0.000992s ]
INFO: [ app_begin ] --END-- [ RunTime:0.002362s ]
SQL: SHOW COLUMNS FROM `wym_auth` [ RunTime:0.0048s ]
SQL: SHOW COLUMNS FROM `wym_auth` [ RunTime:0.0054s ]
SQL: SELECT * FROM `wym_auth` WHERE auth_status=1  [ RunTime:0.0008s ]
INFO: [ app_end ] --START--
INFO: Run Behavior\ShowPageTraceBehavior [ RunTime:0.001149s ]
INFO: [ app_end ] --END-- [ RunTime:0.001947s ]

[ 2016-08-18T15:41:53+08:00 ] 127.0.0.1 /index.php/role/edi
INFO: [ app_begin ] --START--
INFO: Run Behavior\ReadHtmlCacheBehavior [ RunTime:0.000931s ]
INFO: [ app_begin ] --END-- [ RunTime:0.002247s ]
SQL: SHOW COLUMNS FROM `wym_role` [ RunTime:0.0109s ]
SQL: SHOW COLUMNS FROM `wym_role` [ RunTime:0.0107s ]
SQL: UPDATE `wym_role` SET `role_name`='超级管理员',`role_info`='一切权限',`role_auth_ids`='1,11,14,16,12,20,21,22,13,19,23,24,15',`role_auth_ca`='-,Auth-index,Auth-add,Auth-delete,Role-index,Role-add,Role-del,Role-edi,Adminuser-index,Adminuser-add,Adminuser-edi,Adminuser-del,-' WHERE `role_id` = 2 [ RunTime:0.0015s ]
INFO: [ app_end ] --START--
INFO: Run Behavior\ShowPageTraceBehavior [ RunTime:0.001478s ]
INFO: [ app_end ] --END-- [ RunTime:0.002460s ]

