[ 2016-08-05T16:43:37+08:00 ] 127.0.0.1 /index.php/auth/add
INFO: [ app_begin ] --START--
INFO: Run Behavior\ReadHtmlCacheBehavior [ RunTime:0.001166s ]
INFO: [ app_begin ] --END-- [ RunTime:0.002825s ]
SQL: SHOW COLUMNS FROM `wym_auth` [ RunTime:0.0047s ]
SQL: SHOW COLUMNS FROM `wym_auth` [ RunTime:0.0053s ]
SQL: INSERT INTO `wym_auth` (`auth_name`,`auth_controller`,`auth_action`,`pid`) VALUES ('添加会员','Users','add','15') [ RunTime:0.0157s ]
SQL: SELECT * FROM `wym_auth` WHERE auth_id=15 LIMIT 1   [ RunTime:0.0008s ]
SQL: UPDATE `wym_auth` SET `auth_id_path`='15-25',`auth_level`='1' WHERE `auth_id` = 25 [ RunTime:0.0103s ]
INFO: [ app_end ] --START--
INFO: Run Behavior\ShowPageTraceBehavior [ RunTime:0.001169s ]
INFO: [ app_end ] --END-- [ RunTime:0.001964s ]

[ 2016-08-05T16:48:07+08:00 ] 127.0.0.1 /index.php/auth/del
INFO: [ app_begin ] --START--
INFO: Run Behavior\ReadHtmlCacheBehavior [ RunTime:0.001205s ]
INFO: [ app_begin ] --END-- [ RunTime:0.002969s ]
SQL: SHOW COLUMNS FROM `wym_auth` [ RunTime:0.0055s ]
SQL: SHOW COLUMNS FROM `wym_auth` [ RunTime:0.0054s ]
SQL: SELECT * FROM `wym_auth` WHERE auth_status=1 and pid=1  [ RunTime:0.0007s ]
INFO: [ app_end ] --START--
INFO: Run Behavior\ShowPageTraceBehavior [ RunTime:0.001652s ]
INFO: [ app_end ] --END-- [ RunTime:0.002580s ]

[ 2016-08-05T16:51:20+08:00 ] 127.0.0.1 /index.php/auth/del
INFO: [ app_begin ] --START--
INFO: Run Behavior\ReadHtmlCacheBehavior [ RunTime:0.002117s ]
INFO: [ app_begin ] --END-- [ RunTime:0.004430s ]
SQL: SHOW COLUMNS FROM `wym_auth` [ RunTime:0.0046s ]
SQL: SHOW COLUMNS FROM `wym_auth` [ RunTime:0.0057s ]
SQL: SELECT * FROM `wym_auth` WHERE auth_status=1 and pid=1  [ RunTime:0.0014s ]
INFO: [ app_end ] --START--
INFO: Run Behavior\ShowPageTraceBehavior [ RunTime:0.001529s ]
INFO: [ app_end ] --END-- [ RunTime:0.002425s ]

[ 2016-08-05T16:51:36+08:00 ] 127.0.0.1 /index.php/auth/del
INFO: [ app_begin ] --START--
INFO: Run Behavior\ReadHtmlCacheBehavior [ RunTime:0.001983s ]
INFO: [ app_begin ] --END-- [ RunTime:0.003698s ]
SQL: SHOW COLUMNS FROM `wym_auth` [ RunTime:0.0048s ]
SQL: SHOW COLUMNS FROM `wym_auth` [ RunTime:0.0049s ]
SQL: SELECT * FROM `wym_auth` WHERE auth_status=1 and pid=1  [ RunTime:0.0008s ]
INFO: [ app_end ] --START--
INFO: Run Behavior\ShowPageTraceBehavior [ RunTime:0.001212s ]
INFO: [ app_end ] --END-- [ RunTime:0.002125s ]

[ 2016-08-05T16:52:02+08:00 ] 127.0.0.1 /index.php/Adminuser/index
ERR: 无法加载控制器:Adminuser

[ 2016-08-05T17:03:02+08:00 ] 127.0.0.1 /index.php/auth/del
INFO: [ app_begin ] --START--
INFO: Run Behavior\ReadHtmlCacheBehavior [ RunTime:0.001008s ]
INFO: [ app_begin ] --END-- [ RunTime:0.002470s ]
SQL: SHOW COLUMNS FROM `wym_auth` [ RunTime:0.0047s ]
SQL: SHOW COLUMNS FROM `wym_auth` [ RunTime:0.0058s ]
SQL: SELECT * FROM `wym_auth` WHERE auth_status=1 and pid=1  [ RunTime:0.0007s ]
INFO: [ app_end ] --START--
INFO: Run Behavior\ShowPageTraceBehavior [ RunTime:0.001188s ]
INFO: [ app_end ] --END-- [ RunTime:0.002028s ]

[ 2016-08-05T17:18:35+08:00 ] 127.0.0.1 /index.php/auth/del
INFO: [ app_begin ] --START--
INFO: Run Behavior\ReadHtmlCacheBehavior [ RunTime:0.001719s ]
INFO: [ app_begin ] --END-- [ RunTime:0.004005s ]
SQL: SHOW COLUMNS FROM `wym_auth` [ RunTime:0.0095s ]
SQL: SHOW COLUMNS FROM `wym_auth` [ RunTime:0.0089s ]
SQL: SELECT * FROM `wym_auth` WHERE auth_status=1 and pid=1  [ RunTime:0.0013s ]
INFO: [ app_end ] --START--
INFO: Run Behavior\ShowPageTraceBehavior [ RunTime:0.001941s ]
INFO: [ app_end ] --END-- [ RunTime:0.003679s ]

[ 2016-08-05T17:18:58+08:00 ] 127.0.0.1 /index.php/auth/del
INFO: [ app_begin ] --START--
INFO: Run Behavior\ReadHtmlCacheBehavior [ RunTime:0.002278s ]
INFO: [ app_begin ] --END-- [ RunTime:0.006101s ]
SQL: SHOW COLUMNS FROM `wym_auth` [ RunTime:0.0076s ]
SQL: SHOW COLUMNS FROM `wym_auth` [ RunTime:0.0085s ]
SQL: SELECT * FROM `wym_auth` WHERE auth_status=1 and pid=1  [ RunTime:0.0011s ]
INFO: [ app_end ] --START--
INFO: Run Behavior\ShowPageTraceBehavior [ RunTime:0.001867s ]
INFO: [ app_end ] --END-- [ RunTime:0.003628s ]

[ 2016-08-05T17:22:19+08:00 ] 127.0.0.1 /index.php/auth/del
INFO: [ app_begin ] --START--
INFO: Run Behavior\ReadHtmlCacheBehavior [ RunTime:0.001037s ]
INFO: [ app_begin ] --END-- [ RunTime:0.002544s ]
SQL: SHOW COLUMNS FROM `wym_auth` [ RunTime:0.0045s ]
SQL: SHOW COLUMNS FROM `wym_auth` [ RunTime:0.0053s ]
SQL: SELECT * FROM `wym_auth` WHERE auth_status=1 and pid=1  [ RunTime:0.0009s ]
INFO: [ app_end ] --START--
INFO: Run Behavior\ShowPageTraceBehavior [ RunTime:0.001359s ]
INFO: [ app_end ] --END-- [ RunTime:0.002349s ]

[ 2016-08-05T17:22:48+08:00 ] 127.0.0.1 /index.php/auth/del
INFO: [ app_begin ] --START--
INFO: Run Behavior\ReadHtmlCacheBehavior [ RunTime:0.000985s ]
INFO: [ app_begin ] --END-- [ RunTime:0.002562s ]
SQL: SHOW COLUMNS FROM `wym_auth` [ RunTime:0.0054s ]
SQL: SHOW COLUMNS FROM `wym_auth` [ RunTime:0.0051s ]
SQL: SELECT * FROM `wym_auth` WHERE auth_status=1 and pid=1  [ RunTime:0.0007s ]
INFO: [ app_end ] --START--
INFO: Run Behavior\ShowPageTraceBehavior [ RunTime:0.001151s ]
INFO: [ app_end ] --END-- [ RunTime:0.001965s ]

[ 2016-08-05T17:22:58+08:00 ] 127.0.0.1 /index.php/auth/del
INFO: [ app_begin ] --START--
INFO: Run Behavior\ReadHtmlCacheBehavior [ RunTime:0.001038s ]
INFO: [ app_begin ] --END-- [ RunTime:0.002395s ]
SQL: SHOW COLUMNS FROM `wym_auth` [ RunTime:0.0047s ]
SQL: SHOW COLUMNS FROM `wym_auth` [ RunTime:0.0053s ]
SQL: SELECT * FROM `wym_auth` WHERE auth_status=1 and pid=1  [ RunTime:0.0008s ]
INFO: [ app_end ] --START--
INFO: Run Behavior\ShowPageTraceBehavior [ RunTime:0.001678s ]
INFO: [ app_end ] --END-- [ RunTime:0.002865s ]

[ 2016-08-05T17:23:51+08:00 ] 127.0.0.1 /index.php/auth/del
INFO: [ app_begin ] --START--
INFO: Run Behavior\ReadHtmlCacheBehavior [ RunTime:0.001228s ]
INFO: [ app_begin ] --END-- [ RunTime:0.003075s ]
SQL: SHOW COLUMNS FROM `wym_auth` [ RunTime:0.0046s ]
SQL: SHOW COLUMNS FROM `wym_auth` [ RunTime:0.0048s ]
SQL: SELECT * FROM `wym_auth` WHERE auth_status=1 and pid=1  [ RunTime:0.0007s ]
INFO: [ app_end ] --START--
INFO: Run Behavior\ShowPageTraceBehavior [ RunTime:0.001233s ]
INFO: [ app_end ] --END-- [ RunTime:0.002047s ]

