[ 2016-09-30T08:42:04+08:00 ] 127.0.0.1 /index.php/adminuser/edi
INFO: [ app_begin ] --START--
INFO: Run Behavior\ReadHtmlCacheBehavior [ RunTime:0.001312s ]
INFO: [ app_begin ] --END-- [ RunTime:0.002604s ]
SQL: SHOW COLUMNS FROM `wym_manager` [ RunTime:0.0094s ]
SQL: SHOW COLUMNS FROM `wym_manager` [ RunTime:0.0098s ]
SQL: UPDATE `wym_manager` SET `mg_name`='吴义敏',`mg_status`='0',`mg_role_id`='6' WHERE `mg_id` = 1 [ RunTime:0.0019s ]
INFO: [ app_end ] --START--
INFO: Run Behavior\ShowPageTraceBehavior [ RunTime:0.002555s ]
INFO: [ app_end ] --END-- [ RunTime:0.004424s ]

[ 2016-09-30T08:42:14+08:00 ] 127.0.0.1 /index.php/adminuser/edi
INFO: [ app_begin ] --START--
INFO: Run Behavior\ReadHtmlCacheBehavior [ RunTime:0.001023s ]
INFO: [ app_begin ] --END-- [ RunTime:0.002410s ]
SQL: SHOW COLUMNS FROM `wym_manager` [ RunTime:0.0060s ]
SQL: SHOW COLUMNS FROM `wym_manager` [ RunTime:0.0049s ]
SQL: UPDATE `wym_manager` SET `mg_name`='吴义敏',`mg_status`='1',`mg_role_id`='6' WHERE `mg_id` = 1 [ RunTime:0.0009s ]
INFO: [ app_end ] --START--
INFO: Run Behavior\ShowPageTraceBehavior [ RunTime:0.001214s ]
INFO: [ app_end ] --END-- [ RunTime:0.001963s ]

