[ 2016-07-01T15:47:13+08:00 ] 127.0.0.1 /index.php/Login/index
INFO: [ app_init ] --START--
INFO: Run Behavior\BuildLiteBehavior [ RunTime:0.000243s ]
INFO: [ app_init ] --END-- [ RunTime:0.001971s ]
NOTIC: [8] Undefined offset: 1 E:\WWW\tpcms\ThinkPHP\Library\Think\Dispatcher.class.php 第 71 行.
INFO: [ app_begin ] --START--
INFO: Run Behavior\ReadHtmlCacheBehavior [ RunTime:0.001268s ]
INFO: [ app_begin ] --END-- [ RunTime:0.002266s ]
INFO: [ view_parse ] --START--
INFO: [ template_filter ] --START--
INFO: Run Behavior\ContentReplaceBehavior [ RunTime:0.024572s ]
INFO: [ template_filter ] --END-- [ RunTime:0.029085s ]
INFO: Run Behavior\ParseTemplateBehavior [ RunTime:0.100833s ]
INFO: [ view_parse ] --END-- [ RunTime:0.102360s ]
INFO: [ view_filter ] --START--
INFO: Run Behavior\WriteHtmlCacheBehavior [ RunTime:0.016287s ]
INFO: [ view_filter ] --END-- [ RunTime:0.017281s ]
INFO: [ app_end ] --START--
INFO: Run Behavior\ShowPageTraceBehavior [ RunTime:0.001661s ]
INFO: [ app_end ] --END-- [ RunTime:0.003204s ]

[ 2016-07-01T15:47:14+08:00 ] 127.0.0.1 /index.php/Login/css/style.css
INFO: [ app_init ] --START--
INFO: Run Behavior\BuildLiteBehavior [ RunTime:0.000225s ]
INFO: [ app_init ] --END-- [ RunTime:0.002286s ]
NOTIC: [8] Undefined offset: 1 E:\WWW\tpcms\ThinkPHP\Library\Think\Dispatcher.class.php 第 71 行.
INFO: [ app_begin ] --START--
INFO: Run Behavior\ReadHtmlCacheBehavior [ RunTime:0.001095s ]
INFO: [ app_begin ] --END-- [ RunTime:0.002081s ]
ERR: 非法操作:css

[ 2016-07-01T15:47:15+08:00 ] 127.0.0.1 /index.php/Login/js/jquery.js
INFO: [ app_init ] --START--
INFO: Run Behavior\BuildLiteBehavior [ RunTime:0.000204s ]
INFO: [ app_init ] --END-- [ RunTime:0.001682s ]
NOTIC: [8] Undefined offset: 1 E:\WWW\tpcms\ThinkPHP\Library\Think\Dispatcher.class.php 第 71 行.
INFO: [ app_begin ] --START--
INFO: Run Behavior\ReadHtmlCacheBehavior [ RunTime:0.003319s ]
INFO: [ app_begin ] --END-- [ RunTime:0.004628s ]
ERR: 非法操作:js

[ 2016-07-01T15:47:15+08:00 ] 127.0.0.1 /index.php/Login/js/cloud.js
INFO: [ app_init ] --START--
INFO: Run Behavior\BuildLiteBehavior [ RunTime:0.000218s ]
INFO: [ app_init ] --END-- [ RunTime:0.002072s ]
NOTIC: [8] Undefined offset: 1 E:\WWW\tpcms\ThinkPHP\Library\Think\Dispatcher.class.php 第 71 行.
INFO: [ app_begin ] --START--
INFO: Run Behavior\ReadHtmlCacheBehavior [ RunTime:0.001605s ]
INFO: [ app_begin ] --END-- [ RunTime:0.002848s ]
ERR: 非法操作:js

[ 2016-07-01T15:47:15+08:00 ] 127.0.0.1 /index.php/Login/images/light.png
INFO: [ app_init ] --START--
INFO: Run Behavior\BuildLiteBehavior [ RunTime:0.000237s ]
INFO: [ app_init ] --END-- [ RunTime:0.002669s ]
NOTIC: [8] Undefined offset: 1 E:\WWW\tpcms\ThinkPHP\Library\Think\Dispatcher.class.php 第 71 行.

[ 2016-07-01T16:06:06+08:00 ] 127.0.0.1 /index.php/Login/index
INFO: [ app_init ] --START--
INFO: Run Behavior\BuildLiteBehavior [ RunTime:0.000214s ]
INFO: [ app_init ] --END-- [ RunTime:0.001771s ]
NOTIC: [8] Undefined offset: 1 E:\WWW\tpcms\ThinkPHP\Library\Think\Dispatcher.class.php 第 71 行.
INFO: [ app_begin ] --START--
INFO: Run Behavior\ReadHtmlCacheBehavior [ RunTime:0.001267s ]
INFO: [ app_begin ] --END-- [ RunTime:0.002236s ]
INFO: [ view_parse ] --START--
INFO: [ template_filter ] --START--
INFO: Run Behavior\ContentReplaceBehavior [ RunTime:0.000596s ]
INFO: [ template_filter ] --END-- [ RunTime:0.001566s ]
INFO: Run Behavior\ParseTemplateBehavior [ RunTime:0.029841s ]
INFO: [ view_parse ] --END-- [ RunTime:0.030883s ]
INFO: [ view_filter ] --START--
INFO: Run Behavior\WriteHtmlCacheBehavior [ RunTime:0.000908s ]
INFO: [ view_filter ] --END-- [ RunTime:0.001860s ]
INFO: [ app_end ] --START--
INFO: Run Behavior\ShowPageTraceBehavior [ RunTime:0.002083s ]
INFO: [ app_end ] --END-- [ RunTime:0.003790s ]

[ 2016-07-01T16:06:06+08:00 ] 127.0.0.1 /index.php/Login/images/light.png
INFO: [ app_init ] --START--
INFO: Run Behavior\BuildLiteBehavior [ RunTime:0.000253s ]
INFO: [ app_init ] --END-- [ RunTime:0.003743s ]
NOTIC: [8] Undefined offset: 1 E:\WWW\tpcms\ThinkPHP\Library\Think\Dispatcher.class.php 第 71 行.

[ 2016-07-01T16:12:06+08:00 ] 127.0.0.1 /index.php/Login/index
INFO: [ app_init ] --START--
INFO: Run Behavior\BuildLiteBehavior [ RunTime:0.000244s ]
INFO: [ app_init ] --END-- [ RunTime:0.002035s ]
NOTIC: [8] Undefined offset: 1 E:\WWW\tpcms\ThinkPHP\Library\Think\Dispatcher.class.php 第 71 行.
INFO: [ app_begin ] --START--
INFO: Run Behavior\ReadHtmlCacheBehavior [ RunTime:0.001431s ]
INFO: [ app_begin ] --END-- [ RunTime:0.002581s ]
INFO: [ view_parse ] --START--
INFO: [ template_filter ] --START--
INFO: Run Behavior\ContentReplaceBehavior [ RunTime:0.000629s ]
INFO: [ template_filter ] --END-- [ RunTime:0.001744s ]
INFO: Run Behavior\ParseTemplateBehavior [ RunTime:0.028944s ]
INFO: [ view_parse ] --END-- [ RunTime:0.029920s ]
INFO: [ view_filter ] --START--
INFO: Run Behavior\WriteHtmlCacheBehavior [ RunTime:0.001061s ]
INFO: [ view_filter ] --END-- [ RunTime:0.002073s ]
INFO: [ app_end ] --START--
INFO: Run Behavior\ShowPageTraceBehavior [ RunTime:0.001243s ]
INFO: [ app_end ] --END-- [ RunTime:0.002169s ]

[ 2016-07-01T16:12:06+08:00 ] 127.0.0.1 /index.php/Login/images/light.png
INFO: [ app_init ] --START--
INFO: Run Behavior\BuildLiteBehavior [ RunTime:0.000209s ]
INFO: [ app_init ] --END-- [ RunTime:0.001958s ]
NOTIC: [8] Undefined offset: 1 E:\WWW\tpcms\ThinkPHP\Library\Think\Dispatcher.class.php 第 71 行.

[ 2016-07-01T16:12:12+08:00 ] 127.0.0.1 /index.php/Login/index
INFO: [ app_init ] --START--
INFO: Run Behavior\BuildLiteBehavior [ RunTime:0.000206s ]
INFO: [ app_init ] --END-- [ RunTime:0.002179s ]
NOTIC: [8] Undefined offset: 1 E:\WWW\tpcms\ThinkPHP\Library\Think\Dispatcher.class.php 第 71 行.
INFO: [ app_begin ] --START--
INFO: Run Behavior\ReadHtmlCacheBehavior [ RunTime:0.001401s ]
INFO: [ app_begin ] --END-- [ RunTime:0.002420s ]
INFO: [ view_parse ] --START--
INFO: [ template_filter ] --START--
INFO: Run Behavior\ContentReplaceBehavior [ RunTime:0.000576s ]
INFO: [ template_filter ] --END-- [ RunTime:0.001648s ]
INFO: Run Behavior\ParseTemplateBehavior [ RunTime:0.020833s ]
INFO: [ view_parse ] --END-- [ RunTime:0.021867s ]
INFO: [ view_filter ] --START--
INFO: Run Behavior\WriteHtmlCacheBehavior [ RunTime:0.000862s ]
INFO: [ view_filter ] --END-- [ RunTime:0.001853s ]
INFO: [ app_end ] --START--
INFO: Run Behavior\ShowPageTraceBehavior [ RunTime:0.001497s ]
INFO: [ app_end ] --END-- [ RunTime:0.003707s ]

[ 2016-07-01T16:12:12+08:00 ] 127.0.0.1 /index.php/Login/images/light.png
INFO: [ app_init ] --START--
INFO: Run Behavior\BuildLiteBehavior [ RunTime:0.000212s ]
INFO: [ app_init ] --END-- [ RunTime:0.001967s ]
NOTIC: [8] Undefined offset: 1 E:\WWW\tpcms\ThinkPHP\Library\Think\Dispatcher.class.php 第 71 行.

[ 2016-07-01T16:13:22+08:00 ] 127.0.0.1 /index.php/Login/index
INFO: [ app_init ] --START--
INFO: Run Behavior\BuildLiteBehavior [ RunTime:0.000213s ]
INFO: [ app_init ] --END-- [ RunTime:0.001732s ]
NOTIC: [8] Undefined offset: 1 E:\WWW\tpcms\ThinkPHP\Library\Think\Dispatcher.class.php 第 71 行.
INFO: [ app_begin ] --START--
INFO: Run Behavior\ReadHtmlCacheBehavior [ RunTime:0.001248s ]
INFO: [ app_begin ] --END-- [ RunTime:0.002236s ]
INFO: [ view_parse ] --START--
INFO: [ template_filter ] --START--
INFO: Run Behavior\ContentReplaceBehavior [ RunTime:0.000689s ]
INFO: [ template_filter ] --END-- [ RunTime:0.001802s ]
INFO: Run Behavior\ParseTemplateBehavior [ RunTime:0.019950s ]
INFO: [ view_parse ] --END-- [ RunTime:0.021073s ]
INFO: [ view_filter ] --START--
INFO: Run Behavior\WriteHtmlCacheBehavior [ RunTime:0.001144s ]
INFO: [ view_filter ] --END-- [ RunTime:0.002117s ]
INFO: [ app_end ] --START--
INFO: Run Behavior\ShowPageTraceBehavior [ RunTime:0.001427s ]
INFO: [ app_end ] --END-- [ RunTime:0.002540s ]

[ 2016-07-01T16:13:22+08:00 ] 127.0.0.1 /index.php/Login/images/light.png
INFO: [ app_init ] --START--
INFO: Run Behavior\BuildLiteBehavior [ RunTime:0.000215s ]
INFO: [ app_init ] --END-- [ RunTime:0.002333s ]
NOTIC: [8] Undefined offset: 1 E:\WWW\tpcms\ThinkPHP\Library\Think\Dispatcher.class.php 第 71 行.

[ 2016-07-01T16:13:25+08:00 ] 127.0.0.1 /index.php/Login/index
INFO: [ app_init ] --START--
INFO: Run Behavior\BuildLiteBehavior [ RunTime:0.000201s ]
INFO: [ app_init ] --END-- [ RunTime:0.001946s ]
NOTIC: [8] Undefined offset: 1 E:\WWW\tpcms\ThinkPHP\Library\Think\Dispatcher.class.php 第 71 行.
INFO: [ app_begin ] --START--
INFO: Run Behavior\ReadHtmlCacheBehavior [ RunTime:0.001195s ]
INFO: [ app_begin ] --END-- [ RunTime:0.002157s ]
INFO: [ view_parse ] --START--
INFO: [ template_filter ] --START--
INFO: Run Behavior\ContentReplaceBehavior [ RunTime:0.000645s ]
INFO: [ template_filter ] --END-- [ RunTime:0.001615s ]
INFO: Run Behavior\ParseTemplateBehavior [ RunTime:0.017652s ]
INFO: [ view_parse ] --END-- [ RunTime:0.018788s ]
INFO: [ view_filter ] --START--
INFO: Run Behavior\WriteHtmlCacheBehavior [ RunTime:0.000987s ]
INFO: [ view_filter ] --END-- [ RunTime:0.002008s ]
INFO: [ app_end ] --START--
INFO: Run Behavior\ShowPageTraceBehavior [ RunTime:0.001136s ]
INFO: [ app_end ] --END-- [ RunTime:0.002053s ]

[ 2016-07-01T16:13:26+08:00 ] 127.0.0.1 /index.php/Login/images/light.png
INFO: [ app_init ] --START--
INFO: Run Behavior\BuildLiteBehavior [ RunTime:0.000202s ]
INFO: [ app_init ] --END-- [ RunTime:0.001631s ]
NOTIC: [8] Undefined offset: 1 E:\WWW\tpcms\ThinkPHP\Library\Think\Dispatcher.class.php 第 71 行.

[ 2016-07-01T16:13:42+08:00 ] 127.0.0.1 /index.php/Login/index
INFO: [ app_init ] --START--
INFO: Run Behavior\BuildLiteBehavior [ RunTime:0.000213s ]
INFO: [ app_init ] --END-- [ RunTime:0.001929s ]
NOTIC: [8] Undefined offset: 1 E:\WWW\tpcms\ThinkPHP\Library\Think\Dispatcher.class.php 第 71 行.
INFO: [ app_begin ] --START--
INFO: Run Behavior\ReadHtmlCacheBehavior [ RunTime:0.001593s ]
INFO: [ app_begin ] --END-- [ RunTime:0.002739s ]
INFO: [ view_parse ] --START--
INFO: [ template_filter ] --START--
INFO: Run Behavior\ContentReplaceBehavior [ RunTime:0.000873s ]
INFO: [ template_filter ] --END-- [ RunTime:0.002529s ]
INFO: Run Behavior\ParseTemplateBehavior [ RunTime:0.022522s ]
INFO: [ view_parse ] --END-- [ RunTime:0.023738s ]
INFO: [ view_filter ] --START--
INFO: Run Behavior\WriteHtmlCacheBehavior [ RunTime:0.001520s ]
INFO: [ view_filter ] --END-- [ RunTime:0.003041s ]
INFO: [ app_end ] --START--
INFO: Run Behavior\ShowPageTraceBehavior [ RunTime:0.001459s ]
INFO: [ app_end ] --END-- [ RunTime:0.002957s ]

[ 2016-07-01T16:13:42+08:00 ] 127.0.0.1 /index.php/Login/images/light.png
INFO: [ app_init ] --START--
INFO: Run Behavior\BuildLiteBehavior [ RunTime:0.000376s ]
INFO: [ app_init ] --END-- [ RunTime:0.002771s ]
NOTIC: [8] Undefined offset: 1 E:\WWW\tpcms\ThinkPHP\Library\Think\Dispatcher.class.php 第 71 行.

[ 2016-07-01T16:13:49+08:00 ] 127.0.0.1 /index.php/Login/index
INFO: [ app_init ] --START--
INFO: Run Behavior\BuildLiteBehavior [ RunTime:0.000203s ]
INFO: [ app_init ] --END-- [ RunTime:0.001714s ]
NOTIC: [8] Undefined offset: 1 E:\WWW\tpcms\ThinkPHP\Library\Think\Dispatcher.class.php 第 71 行.
INFO: [ app_begin ] --START--
INFO: Run Behavior\ReadHtmlCacheBehavior [ RunTime:0.001303s ]
INFO: [ app_begin ] --END-- [ RunTime:0.002401s ]
INFO: [ view_parse ] --START--
INFO: [ template_filter ] --START--
INFO: Run Behavior\ContentReplaceBehavior [ RunTime:0.000573s ]
INFO: [ template_filter ] --END-- [ RunTime:0.001545s ]
INFO: Run Behavior\ParseTemplateBehavior [ RunTime:0.018801s ]
INFO: [ view_parse ] --END-- [ RunTime:0.019761s ]
INFO: [ view_filter ] --START--
INFO: Run Behavior\WriteHtmlCacheBehavior [ RunTime:0.000824s ]
INFO: [ view_filter ] --END-- [ RunTime:0.001793s ]
INFO: [ app_end ] --START--
INFO: Run Behavior\ShowPageTraceBehavior [ RunTime:0.001377s ]
INFO: [ app_end ] --END-- [ RunTime:0.002543s ]

[ 2016-07-01T16:13:49+08:00 ] 127.0.0.1 /index.php/Login/images/light.png
INFO: [ app_init ] --START--
INFO: Run Behavior\BuildLiteBehavior [ RunTime:0.000250s ]
INFO: [ app_init ] --END-- [ RunTime:0.002135s ]
NOTIC: [8] Undefined offset: 1 E:\WWW\tpcms\ThinkPHP\Library\Think\Dispatcher.class.php 第 71 行.

[ 2016-07-01T16:15:51+08:00 ] 127.0.0.1 /index.php/Login/index
INFO: [ app_init ] --START--
INFO: Run Behavior\BuildLiteBehavior [ RunTime:0.000249s ]
INFO: [ app_init ] --END-- [ RunTime:0.001754s ]
NOTIC: [8] Undefined offset: 1 E:\WWW\tpcms\ThinkPHP\Library\Think\Dispatcher.class.php 第 71 行.
INFO: [ app_begin ] --START--
INFO: Run Behavior\ReadHtmlCacheBehavior [ RunTime:0.001657s ]
INFO: [ app_begin ] --END-- [ RunTime:0.004572s ]
INFO: [ view_parse ] --START--
INFO: [ template_filter ] --START--
INFO: Run Behavior\ContentReplaceBehavior [ RunTime:0.002073s ]
INFO: [ template_filter ] --END-- [ RunTime:0.005283s ]
INFO: Run Behavior\ParseTemplateBehavior [ RunTime:0.026901s ]
INFO: [ view_parse ] --END-- [ RunTime:0.030145s ]
INFO: [ view_filter ] --START--
INFO: Run Behavior\WriteHtmlCacheBehavior [ RunTime:0.000988s ]
INFO: [ view_filter ] --END-- [ RunTime:0.001969s ]
INFO: [ app_end ] --START--
INFO: Run Behavior\ShowPageTraceBehavior [ RunTime:0.001148s ]
INFO: [ app_end ] --END-- [ RunTime:0.002075s ]

