[ 2016-08-04T15:45:38+08:00 ] 127.0.0.1 /index.php/Adminuser/index
ERR: 无法加载控制器:Adminuser

[ 2016-08-04T15:51:31+08:00 ] 127.0.0.1 /index.php/role/checkaction
INFO: [ app_begin ] --START--
INFO: Run Behavior\ReadHtmlCacheBehavior [ RunTime:0.001253s ]
INFO: [ app_begin ] --END-- [ RunTime:0.002585s ]
SQL: SHOW COLUMNS FROM `wym_auth` [ RunTime:0.0100s ]
SQL: SHOW COLUMNS FROM `wym_auth` [ RunTime:0.0102s ]
SQL: SELECT * FROM `wym_auth` WHERE auth_status=1 and pid In (1)  [ RunTime:0.0015s ]
SQL: SELECT * FROM `wym_auth` WHERE auth_status=1 and pid In (1) and pid In (11,12,13)  [ RunTime:0.0118s ]
NOTIC: [2] Invalid argument supplied for foreach() E:\WWW\tpcms\Application\Common\Model\CommonModel.class.php 第 165 行.
INFO: [ app_end ] --START--
INFO: Run Behavior\ShowPageTraceBehavior [ RunTime:0.002378s ]
INFO: [ app_end ] --END-- [ RunTime:0.004408s ]

[ 2016-08-04T15:51:45+08:00 ] 127.0.0.1 /index.php/role/checkaction
INFO: [ app_begin ] --START--
INFO: Run Behavior\ReadHtmlCacheBehavior [ RunTime:0.001135s ]
INFO: [ app_begin ] --END-- [ RunTime:0.002871s ]
SQL: SHOW COLUMNS FROM `wym_auth` [ RunTime:0.0110s ]
SQL: SHOW COLUMNS FROM `wym_auth` [ RunTime:0.0106s ]
SQL: SELECT * FROM `wym_auth` WHERE auth_status=1 and pid In (11)  [ RunTime:0.0013s ]
SQL: SELECT * FROM `wym_auth` WHERE auth_status=1 and pid In (11) and pid In (14,16)  [ RunTime:0.0008s ]
NOTIC: [2] Invalid argument supplied for foreach() E:\WWW\tpcms\Application\Common\Model\CommonModel.class.php 第 165 行.
INFO: [ app_end ] --START--
INFO: Run Behavior\ShowPageTraceBehavior [ RunTime:0.001406s ]
INFO: [ app_end ] --END-- [ RunTime:0.002424s ]

[ 2016-08-04T15:52:09+08:00 ] 127.0.0.1 /index.php/role/checkaction
INFO: [ app_begin ] --START--
INFO: Run Behavior\ReadHtmlCacheBehavior [ RunTime:0.000967s ]
INFO: [ app_begin ] --END-- [ RunTime:0.002265s ]
SQL: SHOW COLUMNS FROM `wym_auth` [ RunTime:0.0053s ]
SQL: SHOW COLUMNS FROM `wym_auth` [ RunTime:0.0050s ]
SQL: SELECT * FROM `wym_auth` WHERE auth_status=1 and pid In (12)  [ RunTime:0.0007s ]
SQL: SELECT * FROM `wym_auth` WHERE auth_status=1 and pid In (12) and pid In (20,21,22)  [ RunTime:0.0007s ]
NOTIC: [2] Invalid argument supplied for foreach() E:\WWW\tpcms\Application\Common\Model\CommonModel.class.php 第 165 行.
INFO: [ app_end ] --START--
INFO: Run Behavior\ShowPageTraceBehavior [ RunTime:0.001205s ]
INFO: [ app_end ] --END-- [ RunTime:0.002010s ]

[ 2016-08-04T15:52:19+08:00 ] 127.0.0.1 /index.php/role/checkaction
INFO: [ app_begin ] --START--
INFO: Run Behavior\ReadHtmlCacheBehavior [ RunTime:0.001130s ]
INFO: [ app_begin ] --END-- [ RunTime:0.002714s ]
SQL: SHOW COLUMNS FROM `wym_auth` [ RunTime:0.0109s ]
SQL: SHOW COLUMNS FROM `wym_auth` [ RunTime:0.0125s ]
SQL: SELECT * FROM `wym_auth` WHERE auth_status=1 and pid In (1)  [ RunTime:0.0009s ]
SQL: SELECT * FROM `wym_auth` WHERE auth_status=1 and pid In (1) and pid In (11,12,13)  [ RunTime:0.0006s ]
NOTIC: [2] Invalid argument supplied for foreach() E:\WWW\tpcms\Application\Common\Model\CommonModel.class.php 第 165 行.
INFO: [ app_end ] --START--
INFO: Run Behavior\ShowPageTraceBehavior [ RunTime:0.001189s ]
INFO: [ app_end ] --END-- [ RunTime:0.002116s ]

[ 2016-08-04T15:53:45+08:00 ] 127.0.0.1 /index.php/role/checkaction
INFO: [ app_begin ] --START--
INFO: Run Behavior\ReadHtmlCacheBehavior [ RunTime:0.001247s ]
INFO: [ app_begin ] --END-- [ RunTime:0.003050s ]
SQL: SHOW COLUMNS FROM `wym_auth` [ RunTime:0.0106s ]
SQL: SHOW COLUMNS FROM `wym_auth` [ RunTime:0.0060s ]
SQL: SELECT * FROM `wym_auth` WHERE auth_status=1 and pid In (1)  [ RunTime:0.0009s ]
SQL: SELECT * FROM `wym_auth` WHERE auth_status=1 and pid In (1) and pid In (11,12,13)  [ RunTime:0.0008s ]
NOTIC: [2] Invalid argument supplied for foreach() E:\WWW\tpcms\Application\Common\Model\CommonModel.class.php 第 165 行.
INFO: [ app_end ] --START--
INFO: Run Behavior\ShowPageTraceBehavior [ RunTime:0.001501s ]
INFO: [ app_end ] --END-- [ RunTime:0.002542s ]

[ 2016-08-04T16:01:18+08:00 ] 127.0.0.1 /index.php/role/checkaction
INFO: [ app_begin ] --START--
INFO: Run Behavior\ReadHtmlCacheBehavior [ RunTime:0.001343s ]
INFO: [ app_begin ] --END-- [ RunTime:0.003113s ]
SQL: SHOW COLUMNS FROM `wym_auth` [ RunTime:0.0050s ]
SQL: SHOW COLUMNS FROM `wym_auth` [ RunTime:0.0054s ]
SQL: SELECT * FROM `wym_auth` WHERE auth_status=1 and pid In (1)  [ RunTime:0.0009s ]
ERR: Think\Model:getChildrenIds方法不存在！

[ 2016-08-04T16:01:33+08:00 ] 127.0.0.1 /index.php/role/checkaction
INFO: [ app_begin ] --START--
INFO: Run Behavior\ReadHtmlCacheBehavior [ RunTime:0.001414s ]
INFO: [ app_begin ] --END-- [ RunTime:0.002778s ]
SQL: SHOW COLUMNS FROM `wym_auth` [ RunTime:0.0045s ]
SQL: SHOW COLUMNS FROM `wym_auth` [ RunTime:0.0054s ]
SQL: SELECT * FROM `wym_auth` WHERE auth_status=1 and pid In (1)  [ RunTime:0.0007s ]
SQL: SELECT * FROM `wym_auth` WHERE auth_status=1 and pid In (1) and pid In (11)  [ RunTime:0.0006s ]
SQL: SELECT * FROM `wym_auth` WHERE auth_status=1 and pid In (1) and pid In (12)  [ RunTime:0.0005s ]
SQL: SELECT * FROM `wym_auth` WHERE auth_status=1 and pid In (1) and pid In (13)  [ RunTime:0.0008s ]
INFO: [ app_end ] --START--
INFO: Run Behavior\ShowPageTraceBehavior [ RunTime:0.001263s ]
INFO: [ app_end ] --END-- [ RunTime:0.002204s ]

[ 2016-08-04T16:32:39+08:00 ] 127.0.0.1 /index.php/Adminuser/index
ERR: 无法加载控制器:Adminuser

[ 2016-08-04T16:32:45+08:00 ] 127.0.0.1 /index.php/role/checkaction
INFO: [ app_begin ] --START--
INFO: Run Behavior\ReadHtmlCacheBehavior [ RunTime:0.001145s ]
INFO: [ app_begin ] --END-- [ RunTime:0.003054s ]
SQL: SHOW COLUMNS FROM `wym_auth` [ RunTime:0.0102s ]
SQL: SHOW COLUMNS FROM `wym_auth` [ RunTime:0.0106s ]
SQL: SELECT * FROM `wym_auth` WHERE auth_status=1  [ RunTime:0.0008s ]
INFO: [ app_end ] --START--
INFO: Run Behavior\ShowPageTraceBehavior [ RunTime:0.001291s ]
INFO: [ app_end ] --END-- [ RunTime:0.002190s ]

[ 2016-08-04T16:33:04+08:00 ] 127.0.0.1 /index.php/role/checkaction
INFO: [ app_begin ] --START--
INFO: Run Behavior\ReadHtmlCacheBehavior [ RunTime:0.000994s ]
INFO: [ app_begin ] --END-- [ RunTime:0.002315s ]
SQL: SHOW COLUMNS FROM `wym_auth` [ RunTime:0.0094s ]
SQL: SHOW COLUMNS FROM `wym_auth` [ RunTime:0.0103s ]
SQL: SELECT * FROM `wym_auth` WHERE auth_status=1  [ RunTime:0.0015s ]
INFO: [ app_end ] --START--
INFO: Run Behavior\ShowPageTraceBehavior [ RunTime:0.002726s ]
INFO: [ app_end ] --END-- [ RunTime:0.004990s ]

[ 2016-08-04T16:33:09+08:00 ] 127.0.0.1 /index.php/role/checkaction
INFO: [ app_begin ] --START--
INFO: Run Behavior\ReadHtmlCacheBehavior [ RunTime:0.001627s ]
INFO: [ app_begin ] --END-- [ RunTime:0.004170s ]
SQL: SHOW COLUMNS FROM `wym_auth` [ RunTime:0.0102s ]
SQL: SHOW COLUMNS FROM `wym_auth` [ RunTime:0.0102s ]
SQL: SELECT * FROM `wym_auth` WHERE auth_status=1  [ RunTime:0.0015s ]
INFO: [ app_end ] --START--
INFO: Run Behavior\ShowPageTraceBehavior [ RunTime:0.002404s ]
INFO: [ app_end ] --END-- [ RunTime:0.004295s ]

[ 2016-08-04T16:33:13+08:00 ] 127.0.0.1 /index.php/role/checkaction
INFO: [ app_begin ] --START--
INFO: Run Behavior\ReadHtmlCacheBehavior [ RunTime:0.000961s ]
INFO: [ app_begin ] --END-- [ RunTime:0.002313s ]
SQL: SHOW COLUMNS FROM `wym_auth` [ RunTime:0.0101s ]
SQL: SHOW COLUMNS FROM `wym_auth` [ RunTime:0.0100s ]
SQL: SELECT * FROM `wym_auth` WHERE auth_status=1  [ RunTime:0.0010s ]
INFO: [ app_end ] --START--
INFO: Run Behavior\ShowPageTraceBehavior [ RunTime:0.001417s ]
INFO: [ app_end ] --END-- [ RunTime:0.002514s ]

[ 2016-08-04T16:39:42+08:00 ] 127.0.0.1 /index.php/role/checkaction
INFO: [ app_begin ] --START--
INFO: Run Behavior\ReadHtmlCacheBehavior [ RunTime:0.001026s ]
INFO: [ app_begin ] --END-- [ RunTime:0.002578s ]
SQL: SHOW COLUMNS FROM `wym_auth` [ RunTime:0.0097s ]
SQL: SHOW COLUMNS FROM `wym_auth` [ RunTime:0.0108s ]
SQL: SELECT * FROM `wym_auth` WHERE auth_status=1  [ RunTime:0.0009s ]
INFO: [ app_end ] --START--
INFO: Run Behavior\ShowPageTraceBehavior [ RunTime:0.001634s ]
INFO: [ app_end ] --END-- [ RunTime:0.002656s ]

[ 2016-08-04T16:39:53+08:00 ] 127.0.0.1 /index.php/role/checkaction
INFO: [ app_begin ] --START--
INFO: Run Behavior\ReadHtmlCacheBehavior [ RunTime:0.000998s ]
INFO: [ app_begin ] --END-- [ RunTime:0.002294s ]
SQL: SHOW COLUMNS FROM `wym_auth` [ RunTime:0.0108s ]
SQL: SHOW COLUMNS FROM `wym_auth` [ RunTime:0.0104s ]
SQL: SELECT * FROM `wym_auth` WHERE auth_status=1  [ RunTime:0.0010s ]
INFO: [ app_end ] --START--
INFO: Run Behavior\ShowPageTraceBehavior [ RunTime:0.001574s ]
INFO: [ app_end ] --END-- [ RunTime:0.002815s ]

[ 2016-08-04T16:40:09+08:00 ] 127.0.0.1 /index.php/role/checkaction
INFO: [ app_begin ] --START--
INFO: Run Behavior\ReadHtmlCacheBehavior [ RunTime:0.000976s ]
INFO: [ app_begin ] --END-- [ RunTime:0.002479s ]
SQL: SHOW COLUMNS FROM `wym_auth` [ RunTime:0.0053s ]
SQL: SHOW COLUMNS FROM `wym_auth` [ RunTime:0.0049s ]
SQL: SELECT * FROM `wym_auth` WHERE auth_status=1  [ RunTime:0.0008s ]
INFO: [ app_end ] --START--
INFO: Run Behavior\ShowPageTraceBehavior [ RunTime:0.001230s ]
INFO: [ app_end ] --END-- [ RunTime:0.002035s ]

[ 2016-08-04T16:40:14+08:00 ] 127.0.0.1 /index.php/role/checkaction
INFO: [ app_begin ] --START--
INFO: Run Behavior\ReadHtmlCacheBehavior [ RunTime:0.001029s ]
INFO: [ app_begin ] --END-- [ RunTime:0.002856s ]
SQL: SHOW COLUMNS FROM `wym_auth` [ RunTime:0.0105s ]
SQL: SHOW COLUMNS FROM `wym_auth` [ RunTime:0.0110s ]
SQL: SELECT * FROM `wym_auth` WHERE auth_status=1  [ RunTime:0.0014s ]
INFO: [ app_end ] --START--
INFO: Run Behavior\ShowPageTraceBehavior [ RunTime:0.001333s ]
INFO: [ app_end ] --END-- [ RunTime:0.002371s ]

[ 2016-08-04T16:40:41+08:00 ] 127.0.0.1 /index.php/role/checkaction
INFO: [ app_begin ] --START--
INFO: Run Behavior\ReadHtmlCacheBehavior [ RunTime:0.000978s ]
INFO: [ app_begin ] --END-- [ RunTime:0.002369s ]
SQL: SHOW COLUMNS FROM `wym_auth` [ RunTime:0.0092s ]
SQL: SHOW COLUMNS FROM `wym_auth` [ RunTime:0.0108s ]
SQL: SELECT * FROM `wym_auth` WHERE auth_status=1  [ RunTime:0.0008s ]
INFO: [ app_end ] --START--
INFO: Run Behavior\ShowPageTraceBehavior [ RunTime:0.001516s ]
INFO: [ app_end ] --END-- [ RunTime:0.002620s ]

[ 2016-08-04T16:41:41+08:00 ] 127.0.0.1 /index.php/role/checkaction
INFO: [ app_begin ] --START--
INFO: Run Behavior\ReadHtmlCacheBehavior [ RunTime:0.001284s ]
INFO: [ app_begin ] --END-- [ RunTime:0.003034s ]
SQL: SHOW COLUMNS FROM `wym_auth` [ RunTime:0.0049s ]
SQL: SHOW COLUMNS FROM `wym_auth` [ RunTime:0.0055s ]
SQL: SELECT * FROM `wym_auth` WHERE auth_status=1  [ RunTime:0.0008s ]
INFO: [ app_end ] --START--
INFO: Run Behavior\ShowPageTraceBehavior [ RunTime:0.001215s ]
INFO: [ app_end ] --END-- [ RunTime:0.002013s ]

[ 2016-08-04T16:41:45+08:00 ] 127.0.0.1 /index.php/role/checkaction
INFO: [ app_begin ] --START--
INFO: Run Behavior\ReadHtmlCacheBehavior [ RunTime:0.001856s ]
INFO: [ app_begin ] --END-- [ RunTime:0.003723s ]
SQL: SHOW COLUMNS FROM `wym_auth` [ RunTime:0.0106s ]
SQL: SHOW COLUMNS FROM `wym_auth` [ RunTime:0.0104s ]
SQL: SELECT * FROM `wym_auth` WHERE auth_status=1  [ RunTime:0.0014s ]
INFO: [ app_end ] --START--
INFO: Run Behavior\ShowPageTraceBehavior [ RunTime:0.002345s ]
INFO: [ app_end ] --END-- [ RunTime:0.004339s ]

[ 2016-08-04T16:41:47+08:00 ] 127.0.0.1 /index.php/role/checkaction
INFO: [ app_begin ] --START--
INFO: Run Behavior\ReadHtmlCacheBehavior [ RunTime:0.001334s ]
INFO: [ app_begin ] --END-- [ RunTime:0.002827s ]
SQL: SHOW COLUMNS FROM `wym_auth` [ RunTime:0.0106s ]
SQL: SHOW COLUMNS FROM `wym_auth` [ RunTime:0.0105s ]
SQL: SELECT * FROM `wym_auth` WHERE auth_status=1  [ RunTime:0.0016s ]
INFO: [ app_end ] --START--
INFO: Run Behavior\ShowPageTraceBehavior [ RunTime:0.001486s ]
INFO: [ app_end ] --END-- [ RunTime:0.002407s ]

[ 2016-08-04T16:41:54+08:00 ] 127.0.0.1 /index.php/role/checkaction
INFO: [ app_begin ] --START--
INFO: Run Behavior\ReadHtmlCacheBehavior [ RunTime:0.001535s ]
INFO: [ app_begin ] --END-- [ RunTime:0.003734s ]
SQL: SHOW COLUMNS FROM `wym_auth` [ RunTime:0.0080s ]
SQL: SHOW COLUMNS FROM `wym_auth` [ RunTime:0.0086s ]
SQL: SELECT * FROM `wym_auth` WHERE auth_status=1  [ RunTime:0.0011s ]
INFO: [ app_end ] --START--
INFO: Run Behavior\ShowPageTraceBehavior [ RunTime:0.001445s ]
INFO: [ app_end ] --END-- [ RunTime:0.002536s ]

[ 2016-08-04T16:41:56+08:00 ] 127.0.0.1 /index.php/role/checkaction
INFO: [ app_begin ] --START--
INFO: Run Behavior\ReadHtmlCacheBehavior [ RunTime:0.001192s ]
INFO: [ app_begin ] --END-- [ RunTime:0.002830s ]
SQL: SHOW COLUMNS FROM `wym_auth` [ RunTime:0.0101s ]
SQL: SHOW COLUMNS FROM `wym_auth` [ RunTime:0.0096s ]
SQL: SELECT * FROM `wym_auth` WHERE auth_status=1  [ RunTime:0.0011s ]
INFO: [ app_end ] --START--
INFO: Run Behavior\ShowPageTraceBehavior [ RunTime:0.001454s ]
INFO: [ app_end ] --END-- [ RunTime:0.002501s ]

[ 2016-08-04T16:41:59+08:00 ] 127.0.0.1 /index.php/role/checkaction
INFO: [ app_begin ] --START--
INFO: Run Behavior\ReadHtmlCacheBehavior [ RunTime:0.000987s ]
INFO: [ app_begin ] --END-- [ RunTime:0.002511s ]
SQL: SHOW COLUMNS FROM `wym_auth` [ RunTime:0.0104s ]
SQL: SHOW COLUMNS FROM `wym_auth` [ RunTime:0.0103s ]
SQL: SELECT * FROM `wym_auth` WHERE auth_status=1  [ RunTime:0.0014s ]
INFO: [ app_end ] --START--
INFO: Run Behavior\ShowPageTraceBehavior [ RunTime:0.002967s ]
INFO: [ app_end ] --END-- [ RunTime:0.004380s ]

[ 2016-08-04T16:42:01+08:00 ] 127.0.0.1 /index.php/role/checkaction
INFO: [ app_begin ] --START--
INFO: Run Behavior\ReadHtmlCacheBehavior [ RunTime:0.001055s ]
INFO: [ app_begin ] --END-- [ RunTime:0.002439s ]
SQL: SHOW COLUMNS FROM `wym_auth` [ RunTime:0.0065s ]
SQL: SHOW COLUMNS FROM `wym_auth` [ RunTime:0.0059s ]
SQL: SELECT * FROM `wym_auth` WHERE auth_status=1  [ RunTime:0.0011s ]
INFO: [ app_end ] --START--
INFO: Run Behavior\ShowPageTraceBehavior [ RunTime:0.001627s ]
INFO: [ app_end ] --END-- [ RunTime:0.002721s ]

[ 2016-08-04T16:42:07+08:00 ] 127.0.0.1 /index.php/role/checkaction
INFO: [ app_begin ] --START--
INFO: Run Behavior\ReadHtmlCacheBehavior [ RunTime:0.001007s ]
INFO: [ app_begin ] --END-- [ RunTime:0.002299s ]
SQL: SHOW COLUMNS FROM `wym_auth` [ RunTime:0.0110s ]
SQL: SHOW COLUMNS FROM `wym_auth` [ RunTime:0.0099s ]
SQL: SELECT * FROM `wym_auth` WHERE auth_status=1  [ RunTime:0.0008s ]
INFO: [ app_end ] --START--
INFO: Run Behavior\ShowPageTraceBehavior [ RunTime:0.001249s ]
INFO: [ app_end ] --END-- [ RunTime:0.002134s ]

[ 2016-08-04T16:42:11+08:00 ] 127.0.0.1 /index.php/role/checkaction
INFO: [ app_begin ] --START--
INFO: Run Behavior\ReadHtmlCacheBehavior [ RunTime:0.001507s ]
INFO: [ app_begin ] --END-- [ RunTime:0.003635s ]
SQL: SHOW COLUMNS FROM `wym_auth` [ RunTime:0.0103s ]
SQL: SHOW COLUMNS FROM `wym_auth` [ RunTime:0.0105s ]
SQL: SELECT * FROM `wym_auth` WHERE auth_status=1  [ RunTime:0.0015s ]
INFO: [ app_end ] --START--
INFO: Run Behavior\ShowPageTraceBehavior [ RunTime:0.002339s ]
INFO: [ app_end ] --END-- [ RunTime:0.004234s ]

[ 2016-08-04T16:42:14+08:00 ] 127.0.0.1 /index.php/role/checkaction
INFO: [ app_begin ] --START--
INFO: Run Behavior\ReadHtmlCacheBehavior [ RunTime:0.000924s ]
INFO: [ app_begin ] --END-- [ RunTime:0.002190s ]
SQL: SHOW COLUMNS FROM `wym_auth` [ RunTime:0.0125s ]
SQL: SHOW COLUMNS FROM `wym_auth` [ RunTime:0.0096s ]
SQL: SELECT * FROM `wym_auth` WHERE auth_status=1  [ RunTime:0.0011s ]
INFO: [ app_end ] --START--
INFO: Run Behavior\ShowPageTraceBehavior [ RunTime:0.001800s ]
INFO: [ app_end ] --END-- [ RunTime:0.003233s ]

[ 2016-08-04T16:42:20+08:00 ] 127.0.0.1 /index.php/role/checkaction
INFO: [ app_begin ] --START--
INFO: Run Behavior\ReadHtmlCacheBehavior [ RunTime:0.001046s ]
INFO: [ app_begin ] --END-- [ RunTime:0.002591s ]
SQL: SHOW COLUMNS FROM `wym_auth` [ RunTime:0.0136s ]
SQL: SHOW COLUMNS FROM `wym_auth` [ RunTime:0.0061s ]
SQL: SELECT * FROM `wym_auth` WHERE auth_status=1  [ RunTime:0.0009s ]
INFO: [ app_end ] --START--
INFO: Run Behavior\ShowPageTraceBehavior [ RunTime:0.001442s ]
INFO: [ app_end ] --END-- [ RunTime:0.002288s ]

[ 2016-08-04T17:17:51+08:00 ] 127.0.0.1 /index.php/role/checkaction
INFO: [ app_begin ] --START--
INFO: Run Behavior\ReadHtmlCacheBehavior [ RunTime:0.001128s ]
INFO: [ app_begin ] --END-- [ RunTime:0.002621s ]
SQL: SHOW COLUMNS FROM `wym_auth` [ RunTime:0.0059s ]
SQL: SHOW COLUMNS FROM `wym_auth` [ RunTime:0.0054s ]
INFO: [ app_end ] --START--
INFO: Run Behavior\ShowPageTraceBehavior [ RunTime:0.001069s ]
INFO: [ app_end ] --END-- [ RunTime:0.001905s ]

[ 2016-08-04T17:17:55+08:00 ] 127.0.0.1 /index.php/role/checkaction
INFO: [ app_begin ] --START--
INFO: Run Behavior\ReadHtmlCacheBehavior [ RunTime:0.001921s ]
INFO: [ app_begin ] --END-- [ RunTime:0.003429s ]
SQL: SHOW COLUMNS FROM `wym_auth` [ RunTime:0.0047s ]
SQL: SHOW COLUMNS FROM `wym_auth` [ RunTime:0.0049s ]
INFO: [ app_end ] --START--
INFO: Run Behavior\ShowPageTraceBehavior [ RunTime:0.001092s ]
INFO: [ app_end ] --END-- [ RunTime:0.001874s ]

[ 2016-08-04T17:17:58+08:00 ] 127.0.0.1 /index.php/role/add
INFO: [ app_begin ] --START--
INFO: Run Behavior\ReadHtmlCacheBehavior [ RunTime:0.000994s ]
INFO: [ app_begin ] --END-- [ RunTime:0.002397s ]
SQL: SHOW COLUMNS FROM `wym_role` [ RunTime:0.0047s ]
SQL: SHOW COLUMNS FROM `wym_role` [ RunTime:0.0048s ]
SQL: INSERT INTO `wym_role` (`role_name`,`role_auth_ids`,`role_auth_ca`) VALUES ('超级管理员','1,11,14,16,12,20,21,22,13,19,23,24,15','-,Auth-index,Auth-add,Auth-delete,Role-index,Role-add,Role-del,Role-edi,Adminuser-index,Adminuser-add,Adminuser-edi,Adminuser-del,-') [ RunTime:0.0184s ]
INFO: [ app_end ] --START--
INFO: Run Behavior\ShowPageTraceBehavior [ RunTime:0.001279s ]
INFO: [ app_end ] --END-- [ RunTime:0.002092s ]

