[ 2016-08-29T14:39:47+08:00 ] 127.0.0.1 /index.php/role/changestatus
INFO: [ app_begin ] --START--
INFO: Run Behavior\ReadHtmlCacheBehavior [ RunTime:0.000990s ]
INFO: [ app_begin ] --END-- [ RunTime:0.002309s ]
SQL: SHOW COLUMNS FROM `wym_role` [ RunTime:0.0054s ]
SQL: SHOW COLUMNS FROM `wym_role` [ RunTime:0.0103s ]
SQL: UPDATE `wym_role` SET `role_status`='0' WHERE `role_id` = 2 [ RunTime:0.0447s ]
INFO: [ app_end ] --START--
INFO: Run Behavior\ShowPageTraceBehavior [ RunTime:0.001412s ]
INFO: [ app_end ] --END-- [ RunTime:0.002426s ]

[ 2016-08-29T14:43:50+08:00 ] 127.0.0.1 /index.php/Adminuser/index
ERR: 无法加载控制器:Adminuser

[ 2016-08-29T16:26:59+08:00 ] 127.0.0.1 /index.php/role/changestatus
INFO: [ app_begin ] --START--
INFO: Run Behavior\ReadHtmlCacheBehavior [ RunTime:0.001083s ]
INFO: [ app_begin ] --END-- [ RunTime:0.002447s ]
SQL: SHOW COLUMNS FROM `wym_role` [ RunTime:0.0056s ]
SQL: SHOW COLUMNS FROM `wym_role` [ RunTime:0.0067s ]
SQL: UPDATE `wym_role` SET `role_status`='1' WHERE `role_id` = 2 [ RunTime:0.0011s ]
INFO: [ app_end ] --START--
INFO: Run Behavior\ShowPageTraceBehavior [ RunTime:0.001464s ]
INFO: [ app_end ] --END-- [ RunTime:0.002502s ]

