[ 2016-07-28T11:05:23+08:00 ] 127.0.0.1 /index.php/Adminuser/index
ERR: 无法加载控制器:Adminuser

[ 2016-07-28T11:07:36+08:00 ] 127.0.0.1 /index.php/auth/add
INFO: [ app_begin ] --START--
INFO: Run Behavior\ReadHtmlCacheBehavior [ RunTime:0.002622s ]
INFO: [ app_begin ] --END-- [ RunTime:0.005213s ]
SQL: SHOW COLUMNS FROM `wym_auth` [ RunTime:0.0070s ]
SQL: SHOW COLUMNS FROM `wym_auth` [ RunTime:0.0053s ]
SQL: INSERT INTO `wym_auth` (`auth_name`,`auth_controller`,`auth_action`,`pid`) VALUES ('添加角色','Role','add','12') [ RunTime:0.0013s ]
SQL: SELECT * FROM `wym_auth` WHERE auth_id=12 LIMIT 1   [ RunTime:0.0008s ]
SQL: UPDATE `wym_auth` SET `auth_id_path`='1-12-20',`auth_level`='2' WHERE `auth_id` = 20 [ RunTime:0.0010s ]
INFO: [ app_end ] --START--
INFO: Run Behavior\ShowPageTraceBehavior [ RunTime:0.001239s ]
INFO: [ app_end ] --END-- [ RunTime:0.002012s ]

[ 2016-07-28T11:07:56+08:00 ] 127.0.0.1 /index.php/auth/add
INFO: [ app_begin ] --START--
INFO: Run Behavior\ReadHtmlCacheBehavior [ RunTime:0.000960s ]
INFO: [ app_begin ] --END-- [ RunTime:0.002389s ]
SQL: SHOW COLUMNS FROM `wym_auth` [ RunTime:0.0050s ]
SQL: SHOW COLUMNS FROM `wym_auth` [ RunTime:0.0055s ]
SQL: INSERT INTO `wym_auth` (`auth_name`,`auth_controller`,`auth_action`,`pid`) VALUES ('删除角色','Role','del','12') [ RunTime:0.0009s ]
SQL: SELECT * FROM `wym_auth` WHERE auth_id=12 LIMIT 1   [ RunTime:0.0007s ]
SQL: UPDATE `wym_auth` SET `auth_id_path`='1-12-21',`auth_level`='2' WHERE `auth_id` = 21 [ RunTime:0.0007s ]
INFO: [ app_end ] --START--
INFO: Run Behavior\ShowPageTraceBehavior [ RunTime:0.001484s ]
INFO: [ app_end ] --END-- [ RunTime:0.002497s ]

[ 2016-07-28T11:08:52+08:00 ] 127.0.0.1 /index.php/auth/add
INFO: [ app_begin ] --START--
INFO: Run Behavior\ReadHtmlCacheBehavior [ RunTime:0.000994s ]
INFO: [ app_begin ] --END-- [ RunTime:0.002596s ]
SQL: SHOW COLUMNS FROM `wym_auth` [ RunTime:0.0062s ]
SQL: SHOW COLUMNS FROM `wym_auth` [ RunTime:0.0054s ]
SQL: INSERT INTO `wym_auth` (`auth_name`,`auth_controller`,`auth_action`,`pid`) VALUES ('编辑角色','Role','edi','12') [ RunTime:0.0011s ]
SQL: SELECT * FROM `wym_auth` WHERE auth_id=12 LIMIT 1   [ RunTime:0.0007s ]
SQL: UPDATE `wym_auth` SET `auth_id_path`='1-12-22',`auth_level`='2' WHERE `auth_id` = 22 [ RunTime:0.0010s ]
INFO: [ app_end ] --START--
INFO: Run Behavior\ShowPageTraceBehavior [ RunTime:0.001148s ]
INFO: [ app_end ] --END-- [ RunTime:0.002024s ]

[ 2016-07-28T11:14:09+08:00 ] 127.0.0.1 /index.php/auth/add
INFO: [ app_begin ] --START--
INFO: Run Behavior\ReadHtmlCacheBehavior [ RunTime:0.000985s ]
INFO: [ app_begin ] --END-- [ RunTime:0.002374s ]
SQL: SHOW COLUMNS FROM `wym_auth` [ RunTime:0.0049s ]
SQL: SHOW COLUMNS FROM `wym_auth` [ RunTime:0.0053s ]
SQL: INSERT INTO `wym_auth` (`auth_name`,`auth_controller`,`auth_action`,`pid`) VALUES ('编辑管理员','Adminuser','edi','13') [ RunTime:0.0011s ]
SQL: SELECT * FROM `wym_auth` WHERE auth_id=13 LIMIT 1   [ RunTime:0.0009s ]
SQL: UPDATE `wym_auth` SET `auth_id_path`='1-13-23',`auth_level`='2' WHERE `auth_id` = 23 [ RunTime:0.0008s ]
INFO: [ app_end ] --START--
INFO: Run Behavior\ShowPageTraceBehavior [ RunTime:0.001140s ]
INFO: [ app_end ] --END-- [ RunTime:0.001901s ]

[ 2016-07-28T11:14:26+08:00 ] 127.0.0.1 /index.php/auth/add
INFO: [ app_begin ] --START--
INFO: Run Behavior\ReadHtmlCacheBehavior [ RunTime:0.001292s ]
INFO: [ app_begin ] --END-- [ RunTime:0.002605s ]
SQL: SHOW COLUMNS FROM `wym_auth` [ RunTime:0.0044s ]
SQL: SHOW COLUMNS FROM `wym_auth` [ RunTime:0.0053s ]
SQL: INSERT INTO `wym_auth` (`auth_name`,`auth_controller`,`auth_action`,`pid`) VALUES ('删除管理员','Adminuser','del','13') [ RunTime:0.0009s ]
SQL: SELECT * FROM `wym_auth` WHERE auth_id=13 LIMIT 1   [ RunTime:0.0008s ]
SQL: UPDATE `wym_auth` SET `auth_id_path`='1-13-24',`auth_level`='2' WHERE `auth_id` = 24 [ RunTime:0.0010s ]
INFO: [ app_end ] --START--
INFO: Run Behavior\ShowPageTraceBehavior [ RunTime:0.001167s ]
INFO: [ app_end ] --END-- [ RunTime:0.001965s ]

[ 2016-07-28T11:51:42+08:00 ] 127.0.0.1 /index.php/role/add
INFO: [ app_begin ] --START--
INFO: Run Behavior\ReadHtmlCacheBehavior [ RunTime:0.001766s ]
INFO: [ app_begin ] --END-- [ RunTime:0.003718s ]
SQL: SHOW COLUMNS FROM `wym_role` [ RunTime:0.0060s ]
SQL: SHOW COLUMNS FROM `wym_role` [ RunTime:0.0048s ]
SQL: INSERT INTO `wym_role` (`role_name`,`role_auth_ids`,`role_auth_ca`) VALUES ('超级管理员','1,11,14,16,12,20,21,22,13,19,23,24,15','-,Auth-index,Auth-add,Auth-delete,Role-index,Role-add,Role-del,Role-edi,Adminuser-index,Adminuser-add,Adminuser-edi,Adminuser-del,-') [ RunTime:0.0163s ]
INFO: [ app_end ] --START--
INFO: Run Behavior\ShowPageTraceBehavior [ RunTime:0.001339s ]
INFO: [ app_end ] --END-- [ RunTime:0.002233s ]

[ 2016-07-28T14:53:35+08:00 ] 127.0.0.1 /index.php/role/checkaction
INFO: [ app_begin ] --START--
INFO: Run Behavior\ReadHtmlCacheBehavior [ RunTime:0.001827s ]
INFO: [ app_begin ] --END-- [ RunTime:0.004112s ]
SQL: SHOW COLUMNS FROM `wym_auth` [ RunTime:0.0067s ]
SQL: SHOW COLUMNS FROM `wym_auth` [ RunTime:0.0061s ]
SQL: SELECT * FROM `wym_auth` WHERE auth_status=1 and pid=1  [ RunTime:0.0012s ]
SQL: SELECT * FROM `wym_auth` WHERE auth_status=1 and auth_id=1 LIMIT 1   [ RunTime:0.0011s ]
SQL: SELECT * FROM `wym_auth` WHERE auth_status=1 and auth_id=0  [ RunTime:0.0008s ]
NOTIC: [2] array_merge(): Argument #2 is not an array E:\WWW\tpcms\Application\Admin\Controller\RoleController.class.php 第 48 行.
NOTIC: [2] Invalid argument supplied for foreach() E:\WWW\tpcms\Application\Admin\Controller\RoleController.class.php 第 49 行.
INFO: [ app_end ] --START--
INFO: Run Behavior\ShowPageTraceBehavior [ RunTime:0.001877s ]
INFO: [ app_end ] --END-- [ RunTime:0.003047s ]

[ 2016-07-28T14:53:43+08:00 ] 127.0.0.1 /index.php/role/checkaction
INFO: [ app_begin ] --START--
INFO: Run Behavior\ReadHtmlCacheBehavior [ RunTime:0.001153s ]
INFO: [ app_begin ] --END-- [ RunTime:0.003450s ]
SQL: SHOW COLUMNS FROM `wym_auth` [ RunTime:0.0048s ]
SQL: SHOW COLUMNS FROM `wym_auth` [ RunTime:0.0047s ]
SQL: SELECT * FROM `wym_auth` WHERE auth_status=1 and pid=16  [ RunTime:0.0011s ]
SQL: SELECT * FROM `wym_auth` WHERE auth_status=1 and auth_id=16 LIMIT 1   [ RunTime:0.0007s ]
SQL: SELECT * FROM `wym_auth` WHERE auth_status=1 and auth_id=11  [ RunTime:0.0008s ]
NOTIC: [2] array_merge(): Argument #1 is not an array E:\WWW\tpcms\Application\Admin\Controller\RoleController.class.php 第 48 行.
NOTIC: [2] Invalid argument supplied for foreach() E:\WWW\tpcms\Application\Admin\Controller\RoleController.class.php 第 49 行.
INFO: [ app_end ] --START--
INFO: Run Behavior\ShowPageTraceBehavior [ RunTime:0.001147s ]
INFO: [ app_end ] --END-- [ RunTime:0.001958s ]

[ 2016-07-28T14:55:23+08:00 ] 127.0.0.1 /index.php/role/checkaction
INFO: [ app_begin ] --START--
INFO: Run Behavior\ReadHtmlCacheBehavior [ RunTime:0.001738s ]
INFO: [ app_begin ] --END-- [ RunTime:0.004090s ]
SQL: SHOW COLUMNS FROM `wym_auth` [ RunTime:0.0076s ]
SQL: SHOW COLUMNS FROM `wym_auth` [ RunTime:0.0083s ]
SQL: SELECT * FROM `wym_auth` WHERE auth_status=1 and pid=1  [ RunTime:0.0013s ]
INFO: [ app_end ] --START--
INFO: Run Behavior\ShowPageTraceBehavior [ RunTime:0.001862s ]
INFO: [ app_end ] --END-- [ RunTime:0.003525s ]

[ 2016-07-28T14:56:32+08:00 ] 127.0.0.1 /index.php/role/checkaction
INFO: [ app_begin ] --START--
INFO: Run Behavior\ReadHtmlCacheBehavior [ RunTime:0.001949s ]
INFO: [ app_begin ] --END-- [ RunTime:0.005397s ]
SQL: SHOW COLUMNS FROM `wym_auth` [ RunTime:0.0089s ]
SQL: SHOW COLUMNS FROM `wym_auth` [ RunTime:0.0088s ]
SQL: SELECT * FROM `wym_auth` WHERE auth_status=1 and pid=11  [ RunTime:0.0009s ]
SQL: SELECT * FROM `wym_auth` WHERE auth_status=1 and auth_id=11 LIMIT 1   [ RunTime:0.0010s ]
SQL: SELECT * FROM `wym_auth` WHERE auth_status=1 and auth_id=1  [ RunTime:0.0011s ]
INFO: [ app_end ] --START--
INFO: Run Behavior\ShowPageTraceBehavior [ RunTime:0.001748s ]
INFO: [ app_end ] --END-- [ RunTime:0.003070s ]

[ 2016-07-28T14:56:40+08:00 ] 127.0.0.1 /index.php/role/checkaction
INFO: [ app_begin ] --START--
INFO: Run Behavior\ReadHtmlCacheBehavior [ RunTime:0.003085s ]
INFO: [ app_begin ] --END-- [ RunTime:0.005964s ]
SQL: SHOW COLUMNS FROM `wym_auth` [ RunTime:0.0088s ]
SQL: SHOW COLUMNS FROM `wym_auth` [ RunTime:0.0086s ]
SQL: SELECT * FROM `wym_auth` WHERE auth_status=1 and pid=16  [ RunTime:0.0009s ]
SQL: SELECT * FROM `wym_auth` WHERE auth_status=1 and auth_id=16 LIMIT 1   [ RunTime:0.0016s ]
SQL: SELECT * FROM `wym_auth` WHERE auth_status=1 and auth_id=11  [ RunTime:0.0010s ]
INFO: [ app_end ] --START--
INFO: Run Behavior\ShowPageTraceBehavior [ RunTime:0.001879s ]
INFO: [ app_end ] --END-- [ RunTime:0.003298s ]

[ 2016-07-28T14:57:34+08:00 ] 127.0.0.1 /index.php/role/checkaction
INFO: [ app_begin ] --START--
INFO: Run Behavior\ReadHtmlCacheBehavior [ RunTime:0.001598s ]
INFO: [ app_begin ] --END-- [ RunTime:0.003944s ]
SQL: SHOW COLUMNS FROM `wym_auth` [ RunTime:0.0083s ]
SQL: SHOW COLUMNS FROM `wym_auth` [ RunTime:0.0079s ]
SQL: SELECT * FROM `wym_auth` WHERE auth_status=1 and pid=14  [ RunTime:0.0010s ]
SQL: SELECT * FROM `wym_auth` WHERE auth_status=1 and auth_id=14 LIMIT 1   [ RunTime:0.0009s ]
SQL: SELECT * FROM `wym_auth` WHERE auth_status=1 and auth_id=11  [ RunTime:0.0011s ]
NOTIC: [2] array_merge(): Argument #1 is not an array E:\WWW\tpcms\Application\Admin\Controller\RoleController.class.php 第 48 行.
NOTIC: [2] Invalid argument supplied for foreach() E:\WWW\tpcms\Application\Admin\Controller\RoleController.class.php 第 49 行.
INFO: [ app_end ] --START--
INFO: Run Behavior\ShowPageTraceBehavior [ RunTime:0.001731s ]
INFO: [ app_end ] --END-- [ RunTime:0.002963s ]

[ 2016-07-28T15:24:06+08:00 ] 127.0.0.1 /index.php/role/checkaction
INFO: [ app_begin ] --START--
INFO: Run Behavior\ReadHtmlCacheBehavior [ RunTime:0.001593s ]
INFO: [ app_begin ] --END-- [ RunTime:0.004036s ]
SQL: SHOW COLUMNS FROM `wym_role` [ RunTime:0.0082s ]
SQL: SHOW COLUMNS FROM `wym_role` [ RunTime:0.0078s ]
ERR: 1054:Unknown column 'auth_status' in 'where clause'
 [ SQL语句 ] : SELECT * FROM `wym_role` WHERE auth_status=1 and pid In (11) 
ERR: 1054:Unknown column 'auth_status' in 'where clause'
 [ SQL语句 ] : SELECT * FROM `wym_role` WHERE auth_status=1 and pid In (11) 

[ 2016-07-28T15:24:25+08:00 ] 127.0.0.1 /index.php/role/checkaction
INFO: [ app_begin ] --START--
INFO: Run Behavior\ReadHtmlCacheBehavior [ RunTime:0.001516s ]
INFO: [ app_begin ] --END-- [ RunTime:0.004001s ]
SQL: SHOW COLUMNS FROM `wym_role` [ RunTime:0.0076s ]
SQL: SHOW COLUMNS FROM `wym_role` [ RunTime:0.0082s ]
ERR: 1054:Unknown column 'auth_status' in 'where clause'
 [ SQL语句 ] : SELECT * FROM `wym_role` WHERE auth_status=1 and pid In (11) 
ERR: 1054:Unknown column 'auth_status' in 'where clause'
 [ SQL语句 ] : SELECT * FROM `wym_role` WHERE auth_status=1 and pid In (11) 

[ 2016-07-28T15:26:02+08:00 ] 127.0.0.1 /index.php/role/checkaction
INFO: [ app_begin ] --START--
INFO: Run Behavior\ReadHtmlCacheBehavior [ RunTime:0.002158s ]
INFO: [ app_begin ] --END-- [ RunTime:0.005494s ]
SQL: SHOW COLUMNS FROM `wym_role` [ RunTime:0.0091s ]
INFO: [ app_end ] --START--
INFO: Run Behavior\ShowPageTraceBehavior [ RunTime:0.002155s ]
INFO: [ app_end ] --END-- [ RunTime:0.003634s ]

[ 2016-07-28T15:26:50+08:00 ] 127.0.0.1 /index.php/role/checkaction
INFO: [ app_begin ] --START--
INFO: Run Behavior\ReadHtmlCacheBehavior [ RunTime:0.003672s ]
INFO: [ app_begin ] --END-- [ RunTime:0.006843s ]
SQL: SHOW COLUMNS FROM `wym_role` [ RunTime:0.0083s ]
INFO: [ app_end ] --START--
INFO: Run Behavior\ShowPageTraceBehavior [ RunTime:0.001916s ]
INFO: [ app_end ] --END-- [ RunTime:0.003242s ]

[ 2016-07-28T15:28:48+08:00 ] 127.0.0.1 /index.php/role/checkaction
INFO: [ app_begin ] --START--
INFO: Run Behavior\ReadHtmlCacheBehavior [ RunTime:0.001707s ]
INFO: [ app_begin ] --END-- [ RunTime:0.003960s ]
SQL: SHOW COLUMNS FROM `wym_role` [ RunTime:0.0086s ]
SQL: SHOW COLUMNS FROM `wym_role` [ RunTime:0.0095s ]
ERR: 1054:Unknown column 'auth_status' in 'where clause'
 [ SQL语句 ] : SELECT * FROM `wym_role` WHERE auth_status=1 and pid In (11) 
ERR: 1054:Unknown column 'auth_status' in 'where clause'
 [ SQL语句 ] : SELECT * FROM `wym_role` WHERE auth_status=1 and pid In (11) 

[ 2016-07-28T15:28:59+08:00 ] 127.0.0.1 /index.php/role/checkaction
INFO: [ app_begin ] --START--
INFO: Run Behavior\ReadHtmlCacheBehavior [ RunTime:0.001804s ]
INFO: [ app_begin ] --END-- [ RunTime:0.005355s ]
SQL: SHOW COLUMNS FROM `wym_role` [ RunTime:0.0076s ]
SQL: SHOW COLUMNS FROM `wym_role` [ RunTime:0.0082s ]
ERR: 1054:Unknown column 'auth_status' in 'where clause'
 [ SQL语句 ] : SELECT * FROM `wym_role` WHERE auth_status=1 and pid In (11) 
ERR: 1054:Unknown column 'auth_status' in 'where clause'
 [ SQL语句 ] : SELECT * FROM `wym_role` WHERE auth_status=1 and pid In (11) 

[ 2016-07-28T15:31:16+08:00 ] 127.0.0.1 /index.php/role/checkaction
INFO: [ app_begin ] --START--
INFO: Run Behavior\ReadHtmlCacheBehavior [ RunTime:0.002005s ]
INFO: [ app_begin ] --END-- [ RunTime:0.004441s ]
SQL: SHOW COLUMNS FROM `wym_role` [ RunTime:0.0079s ]
SQL: SHOW COLUMNS FROM `wym_role` [ RunTime:0.0072s ]
ERR: 1054:Unknown column 'auth_status' in 'where clause'
 [ SQL语句 ] : SELECT * FROM `wym_role` WHERE auth_status=1 and pid In (12) 
ERR: 1054:Unknown column 'auth_status' in 'where clause'
 [ SQL语句 ] : SELECT * FROM `wym_role` WHERE auth_status=1 and pid In (12) 

[ 2016-07-28T15:31:28+08:00 ] 127.0.0.1 /index.php/role/checkaction
INFO: [ app_begin ] --START--
INFO: Run Behavior\ReadHtmlCacheBehavior [ RunTime:0.002121s ]
INFO: [ app_begin ] --END-- [ RunTime:0.005201s ]
SQL: SHOW COLUMNS FROM `wym_role` [ RunTime:0.0069s ]
SQL: SHOW COLUMNS FROM `wym_role` [ RunTime:0.0065s ]
ERR: 1054:Unknown column 'auth_status' in 'where clause'
 [ SQL语句 ] : SELECT * FROM `wym_role` WHERE auth_status=1 and pid In (11) 
ERR: 1054:Unknown column 'auth_status' in 'where clause'
 [ SQL语句 ] : SELECT * FROM `wym_role` WHERE auth_status=1 and pid In (11) 

[ 2016-07-28T15:32:00+08:00 ] 127.0.0.1 /index.php/role/checkaction
INFO: [ app_begin ] --START--
INFO: Run Behavior\ReadHtmlCacheBehavior [ RunTime:0.001650s ]
INFO: [ app_begin ] --END-- [ RunTime:0.003908s ]
SQL: SHOW COLUMNS FROM `wym_role` [ RunTime:0.0078s ]
SQL: SHOW COLUMNS FROM `wym_role` [ RunTime:0.0081s ]
ERR: Think\Model:getAllList方法不存在！

[ 2016-07-28T15:33:37+08:00 ] 127.0.0.1 /index.php/role/checkaction
INFO: [ app_begin ] --START--
INFO: Run Behavior\ReadHtmlCacheBehavior [ RunTime:0.001547s ]
INFO: [ app_begin ] --END-- [ RunTime:0.003808s ]
SQL: SHOW COLUMNS FROM `wym_role` [ RunTime:0.0074s ]
SQL: SHOW COLUMNS FROM `wym_role` [ RunTime:0.0085s ]
ERR: 1054:Unknown column 'auth_status' in 'where clause'
 [ SQL语句 ] : SELECT * FROM `wym_role` WHERE auth_status=1 and pid In (12) 
ERR: 1054:Unknown column 'auth_status' in 'where clause'
 [ SQL语句 ] : SELECT * FROM `wym_role` WHERE auth_status=1 and pid In (12) 

[ 2016-07-28T15:35:59+08:00 ] 127.0.0.1 /index.php/role/checkaction
INFO: [ app_begin ] --START--
INFO: Run Behavior\ReadHtmlCacheBehavior [ RunTime:0.001597s ]
INFO: [ app_begin ] --END-- [ RunTime:0.003809s ]
SQL: SHOW COLUMNS FROM `wym_role` [ RunTime:0.0069s ]
SQL: SHOW COLUMNS FROM `wym_role` [ RunTime:0.0069s ]
ERR: 1054:Unknown column 'auth_status' in 'where clause'
 [ SQL语句 ] : SELECT * FROM `wym_role` WHERE auth_status=1 and pid In (12) 
ERR: 1054:Unknown column 'auth_status' in 'where clause'
 [ SQL语句 ] : SELECT * FROM `wym_role` WHERE auth_status=1 and pid In (12) 

[ 2016-07-28T15:41:48+08:00 ] 127.0.0.1 /index.php/role/checkaction
INFO: [ app_begin ] --START--
INFO: Run Behavior\ReadHtmlCacheBehavior [ RunTime:0.002209s ]
INFO: [ app_begin ] --END-- [ RunTime:0.005933s ]
SQL: SHOW COLUMNS FROM `wym_role` [ RunTime:0.0072s ]
SQL: SHOW COLUMNS FROM `wym_role` [ RunTime:0.0080s ]
ERR: 1054:Unknown column 'auth_status' in 'where clause'
 [ SQL语句 ] : SELECT * FROM `wym_role` WHERE auth_status=1 and pid In (11) 
ERR: 1054:Unknown column 'auth_status' in 'where clause'
 [ SQL语句 ] : SELECT * FROM `wym_role` WHERE auth_status=1 and pid In (11) 

[ 2016-07-28T15:42:31+08:00 ] 127.0.0.1 /index.php/role/checkaction
INFO: [ app_begin ] --START--
INFO: Run Behavior\ReadHtmlCacheBehavior [ RunTime:0.001996s ]
INFO: [ app_begin ] --END-- [ RunTime:0.004998s ]
SQL: SHOW COLUMNS FROM `wym_role` [ RunTime:0.0081s ]
SQL: SHOW COLUMNS FROM `wym_role` [ RunTime:0.0090s ]
ERR: 1054:Unknown column 'auth_status' in 'where clause'
 [ SQL语句 ] : SELECT * FROM `wym_role` WHERE auth_status=1 and pid In (11) 
ERR: 1054:Unknown column 'auth_status' in 'where clause'
 [ SQL语句 ] : SELECT * FROM `wym_role` WHERE auth_status=1 and pid In (11) 

[ 2016-07-28T15:42:52+08:00 ] 127.0.0.1 /index.php/role/checkaction
ERR: 1064:You have an error in your SQL syntax; check the manual that corresponds to your MySQL server version for the right syntax to use near ')' at line 1
 [ SQL语句 ] : SELECT * FROM `wym_role` WHERE auth_status=1 and pid In () 

[ 2016-07-28T15:43:34+08:00 ] 127.0.0.1 /index.php/role/checkaction
INFO: [ app_begin ] --START--
INFO: Run Behavior\ReadHtmlCacheBehavior [ RunTime:0.001765s ]
INFO: [ app_begin ] --END-- [ RunTime:0.004184s ]
SQL: SHOW COLUMNS FROM `wym_role` [ RunTime:0.0083s ]
SQL: SHOW COLUMNS FROM `wym_role` [ RunTime:0.0083s ]
ERR: 1054:Unknown column 'auth_status' in 'where clause'
 [ SQL语句 ] : SELECT * FROM `wym_role` WHERE auth_status=1 and pid In (12) 
ERR: 1054:Unknown column 'auth_status' in 'where clause'
 [ SQL语句 ] : SELECT * FROM `wym_role` WHERE auth_status=1 and pid In (12) 

[ 2016-07-28T15:45:02+08:00 ] 127.0.0.1 /index.php/role/checkaction
INFO: [ app_begin ] --START--
INFO: Run Behavior\ReadHtmlCacheBehavior [ RunTime:0.002309s ]
INFO: [ app_begin ] --END-- [ RunTime:0.008721s ]
SQL: SHOW COLUMNS FROM `wym_role` [ RunTime:0.0081s ]
SQL: SHOW COLUMNS FROM `wym_role` [ RunTime:0.0083s ]
ERR: 1054:Unknown column 'auth_status' in 'where clause'
 [ SQL语句 ] : SELECT * FROM `wym_role` WHERE auth_status=1 and pid In (13) 
ERR: 1054:Unknown column 'auth_status' in 'where clause'
 [ SQL语句 ] : SELECT * FROM `wym_role` WHERE auth_status=1 and pid In (13) 

[ 2016-07-28T15:45:55+08:00 ] 127.0.0.1 /index.php/role/checkaction
INFO: [ app_begin ] --START--
INFO: Run Behavior\ReadHtmlCacheBehavior [ RunTime:0.002921s ]
INFO: [ app_begin ] --END-- [ RunTime:0.006538s ]
SQL: SHOW COLUMNS FROM `wym_role` [ RunTime:0.0094s ]
INFO: [ app_end ] --START--
INFO: Run Behavior\ShowPageTraceBehavior [ RunTime:0.002284s ]
INFO: [ app_end ] --END-- [ RunTime:0.003585s ]

[ 2016-07-28T15:46:06+08:00 ] 127.0.0.1 /index.php/role/checkaction
INFO: [ app_begin ] --START--
INFO: Run Behavior\ReadHtmlCacheBehavior [ RunTime:0.001983s ]
INFO: [ app_begin ] --END-- [ RunTime:0.005114s ]
SQL: SHOW COLUMNS FROM `wym_role` [ RunTime:0.0071s ]
INFO: [ app_end ] --START--
INFO: Run Behavior\ShowPageTraceBehavior [ RunTime:0.001867s ]
INFO: [ app_end ] --END-- [ RunTime:0.003564s ]

[ 2016-07-28T15:47:14+08:00 ] 127.0.0.1 /index.php/role/checkaction
INFO: [ app_begin ] --START--
INFO: Run Behavior\ReadHtmlCacheBehavior [ RunTime:0.001708s ]
INFO: [ app_begin ] --END-- [ RunTime:0.004145s ]
ERR: Think\Model:getAllList方法不存在！

[ 2016-07-28T15:47:48+08:00 ] 127.0.0.1 /index.php/role/checkaction
INFO: [ app_begin ] --START--
INFO: Run Behavior\ReadHtmlCacheBehavior [ RunTime:0.002056s ]
INFO: [ app_begin ] --END-- [ RunTime:0.004411s ]
SQL: SHOW COLUMNS FROM `wym_auth` [ RunTime:0.0069s ]
SQL: SHOW COLUMNS FROM `wym_auth` [ RunTime:0.0078s ]
SQL: SELECT * FROM `wym_auth` WHERE auth_status=1 and pid In (11)  [ RunTime:0.0011s ]
NOTIC: [8] Undefined index: id E:\WWW\tpcms\Application\Admin\Controller\RoleController.class.php 第 74 行.
NOTIC: [8] Undefined index: id E:\WWW\tpcms\Application\Admin\Controller\RoleController.class.php 第 74 行.
ERR: 1064:You have an error in your SQL syntax; check the manual that corresponds to your MySQL server version for the right syntax to use near ')' at line 1
 [ SQL语句 ] : SELECT * FROM `wym_auth` WHERE auth_status=1 and pid In (11) and pid In (,) 
ERR: 1064:You have an error in your SQL syntax; check the manual that corresponds to your MySQL server version for the right syntax to use near ')' at line 1
 [ SQL语句 ] : SELECT * FROM `wym_auth` WHERE auth_status=1 and pid In (11) and pid In (,) 

[ 2016-07-28T15:49:31+08:00 ] 127.0.0.1 /index.php/role/checkaction
INFO: [ app_begin ] --START--
INFO: Run Behavior\ReadHtmlCacheBehavior [ RunTime:0.005023s ]
INFO: [ app_begin ] --END-- [ RunTime:0.007724s ]
SQL: SHOW COLUMNS FROM `wym_auth` [ RunTime:0.0101s ]
SQL: SHOW COLUMNS FROM `wym_auth` [ RunTime:0.0090s ]
SQL: SELECT * FROM `wym_auth` WHERE auth_status=1 and pid In (12)  [ RunTime:0.0010s ]
INFO: [ app_end ] --START--
INFO: Run Behavior\ShowPageTraceBehavior [ RunTime:0.001838s ]
INFO: [ app_end ] --END-- [ RunTime:0.003173s ]

[ 2016-07-28T15:50:01+08:00 ] 127.0.0.1 /index.php/role/checkaction
INFO: [ app_begin ] --START--
INFO: Run Behavior\ReadHtmlCacheBehavior [ RunTime:0.002047s ]
INFO: [ app_begin ] --END-- [ RunTime:0.005110s ]
SQL: SHOW COLUMNS FROM `wym_auth` [ RunTime:0.0085s ]
SQL: SHOW COLUMNS FROM `wym_auth` [ RunTime:0.0071s ]
SQL: SELECT * FROM `wym_auth` WHERE auth_status=1 and pid In (12)  [ RunTime:0.0011s ]
SQL: SELECT * FROM `wym_auth` WHERE auth_status=1 and pid In (12) and pid In (20,21,22)  [ RunTime:0.0341s ]
NOTIC: [2] Invalid argument supplied for foreach() E:\WWW\tpcms\Application\Admin\Controller\RoleController.class.php 第 71 行.
INFO: [ app_end ] --START--
INFO: Run Behavior\ShowPageTraceBehavior [ RunTime:0.002605s ]
INFO: [ app_end ] --END-- [ RunTime:0.003889s ]

[ 2016-07-28T15:50:51+08:00 ] 127.0.0.1 /index.php/role/checkaction
INFO: [ app_begin ] --START--
INFO: Run Behavior\ReadHtmlCacheBehavior [ RunTime:0.001672s ]
INFO: [ app_begin ] --END-- [ RunTime:0.003797s ]
SQL: SHOW COLUMNS FROM `wym_auth` [ RunTime:0.0046s ]
SQL: SHOW COLUMNS FROM `wym_auth` [ RunTime:0.0063s ]
SQL: SELECT * FROM `wym_auth` WHERE auth_status=1 and pid In (13)  [ RunTime:0.0008s ]
SQL: SELECT * FROM `wym_auth` WHERE auth_status=1 and pid In (13) and pid In (19,23,24)  [ RunTime:0.0006s ]
NOTIC: [2] Invalid argument supplied for foreach() E:\WWW\tpcms\Application\Admin\Controller\RoleController.class.php 第 71 行.
NOTIC: [8] Array to string conversion E:\WWW\tpcms\Application\Admin\Controller\RoleController.class.php 第 79 行.
INFO: [ app_end ] --START--
INFO: Run Behavior\ShowPageTraceBehavior [ RunTime:0.001457s ]
INFO: [ app_end ] --END-- [ RunTime:0.002386s ]

[ 2016-07-28T15:51:05+08:00 ] 127.0.0.1 /index.php/role/checkaction
INFO: [ app_begin ] --START--
INFO: Run Behavior\ReadHtmlCacheBehavior [ RunTime:0.000994s ]
INFO: [ app_begin ] --END-- [ RunTime:0.002366s ]
SQL: SHOW COLUMNS FROM `wym_auth` [ RunTime:0.0104s ]
SQL: SHOW COLUMNS FROM `wym_auth` [ RunTime:0.0098s ]
SQL: SELECT * FROM `wym_auth` WHERE auth_status=1 and pid In (13)  [ RunTime:0.0015s ]
SQL: SELECT * FROM `wym_auth` WHERE auth_status=1 and pid In (13) and pid In (19,23,24)  [ RunTime:0.0012s ]
NOTIC: [2] Invalid argument supplied for foreach() E:\WWW\tpcms\Application\Admin\Controller\RoleController.class.php 第 70 行.
INFO: [ app_end ] --START--
INFO: Run Behavior\ShowPageTraceBehavior [ RunTime:0.001933s ]
INFO: [ app_end ] --END-- [ RunTime:0.003372s ]

[ 2016-07-28T15:54:32+08:00 ] 127.0.0.1 /index.php/role/checkaction
INFO: [ app_begin ] --START--
INFO: Run Behavior\ReadHtmlCacheBehavior [ RunTime:0.000987s ]
INFO: [ app_begin ] --END-- [ RunTime:0.002283s ]
SQL: SHOW COLUMNS FROM `wym_auth` [ RunTime:0.0052s ]
SQL: SHOW COLUMNS FROM `wym_auth` [ RunTime:0.0056s ]
SQL: SELECT * FROM `wym_auth` WHERE auth_status=1 and pid In (11)  [ RunTime:0.0008s ]
SQL: SELECT * FROM `wym_auth` WHERE auth_status=1 and pid In (11) and pid In (14,16)  [ RunTime:0.0006s ]
NOTIC: [2] Invalid argument supplied for foreach() E:\WWW\tpcms\Application\Common\Model\CommonModel.class.php 第 165 行.
INFO: [ app_end ] --START--
INFO: Run Behavior\ShowPageTraceBehavior [ RunTime:0.001220s ]
INFO: [ app_end ] --END-- [ RunTime:0.002042s ]

[ 2016-07-28T15:55:11+08:00 ] 127.0.0.1 /index.php/role/checkaction
INFO: [ app_begin ] --START--
INFO: Run Behavior\ReadHtmlCacheBehavior [ RunTime:0.001077s ]
INFO: [ app_begin ] --END-- [ RunTime:0.003157s ]
SQL: SHOW COLUMNS FROM `wym_auth` [ RunTime:0.0118s ]
SQL: SHOW COLUMNS FROM `wym_auth` [ RunTime:0.0101s ]
SQL: SELECT * FROM `wym_auth` WHERE auth_status=1 and pid In (1)  [ RunTime:0.0008s ]
SQL: SELECT * FROM `wym_auth` WHERE auth_status=1 and pid In (1) and pid In (11,12,13)  [ RunTime:0.0007s ]
NOTIC: [2] Invalid argument supplied for foreach() E:\WWW\tpcms\Application\Common\Model\CommonModel.class.php 第 165 行.
INFO: [ app_end ] --START--
INFO: Run Behavior\ShowPageTraceBehavior [ RunTime:0.001278s ]
INFO: [ app_end ] --END-- [ RunTime:0.002260s ]

