[ 2016-10-13T09:26:28+08:00 ] 127.0.0.1 /index.php/adminuser/edi
INFO: [ app_begin ] --START--
INFO: Run Behavior\ReadHtmlCacheBehavior [ RunTime:0.000506s ]
INFO: [ app_begin ] --END-- [ RunTime:0.001127s ]
SQL: SHOW COLUMNS FROM `wym_role` [ RunTime:0.0006s ]
SQL: SHOW COLUMNS FROM `wym_role` [ RunTime:0.0005s ]
SQL: SELECT * FROM `wym_role` WHERE role_id=2 LIMIT 1   [ RunTime:0.0006s ]
SQL: SHOW COLUMNS FROM `wym_manager` [ RunTime:0.0013s ]
SQL: SHOW COLUMNS FROM `wym_manager` [ RunTime:0.0007s ]
SQL: UPDATE `wym_manager` SET `mg_name`='吴义敏',`mg_status`='1',`mg_role_id`='6' WHERE `mg_id` = 1 [ RunTime:0.0007s ]
INFO: [ app_end ] --START--
INFO: Run Behavior\ShowPageTraceBehavior [ RunTime:0.000848s ]
INFO: [ app_end ] --END-- [ RunTime:0.000989s ]

[ 2016-10-13T09:33:32+08:00 ] 127.0.0.1 /index.php/login/index
INFO: [ app_begin ] --START--
INFO: Run Behavior\ReadHtmlCacheBehavior [ RunTime:0.000907s ]
INFO: [ app_begin ] --END-- [ RunTime:0.002127s ]
SQL: SHOW COLUMNS FROM `wym_manager` [ RunTime:0.0012s ]
SQL: SELECT * FROM `wym_manager` WHERE `mg_name` = '吴义敏' AND `mg_status` = 1 LIMIT 1   [ RunTime:0.0010s ]
INFO: [ app_end ] --START--
INFO: Run Behavior\ShowPageTraceBehavior [ RunTime:0.002064s ]
INFO: [ app_end ] --END-- [ RunTime:0.002541s ]

[ 2016-10-13T10:13:23+08:00 ] 127.0.0.1 /index.php/index/left
ERR: 1582:Incorrect parameter count in the call to native function 'find_in_set'
 [ SQL语句 ] : SELECT * FROM `wym_auth` WHERE auth_level < 2 and auth_status=1 and find_in_set('auth_id',1,11,14,16) 

[ 2016-10-13T10:13:53+08:00 ] 127.0.0.1 /index.php/index/left
ERR: 1582:Incorrect parameter count in the call to native function 'find_in_set'
 [ SQL语句 ] : SELECT * FROM `wym_auth` WHERE auth_level < 2 and auth_status=1 and find_in_set(auth_id,1,11,14,16) 

[ 2016-10-13T10:51:53+08:00 ] 127.0.0.1 /index.php/login/index
INFO: [ app_begin ] --START--
INFO: Run Behavior\ReadHtmlCacheBehavior [ RunTime:0.000781s ]
INFO: [ app_begin ] --END-- [ RunTime:0.001363s ]
SQL: SHOW COLUMNS FROM `wym_manager` [ RunTime:0.0012s ]
SQL: SELECT * FROM `wym_manager` WHERE `mg_name` = '吴义敏' AND `mg_status` = 1 LIMIT 1   [ RunTime:0.0004s ]
INFO: [ app_end ] --START--
INFO: Run Behavior\ShowPageTraceBehavior [ RunTime:0.000922s ]
INFO: [ app_end ] --END-- [ RunTime:0.001059s ]

[ 2016-10-13T10:52:29+08:00 ] 127.0.0.1 /index.php/login/index
INFO: [ app_begin ] --START--
INFO: Run Behavior\ReadHtmlCacheBehavior [ RunTime:0.000990s ]
INFO: [ app_begin ] --END-- [ RunTime:0.001904s ]
SQL: SHOW COLUMNS FROM `wym_manager` [ RunTime:0.0014s ]
SQL: SELECT * FROM `wym_manager` WHERE `mg_name` = '吴义敏' AND `mg_status` = 1 LIMIT 1   [ RunTime:0.0005s ]
INFO: [ app_end ] --START--
INFO: Run Behavior\ShowPageTraceBehavior [ RunTime:0.001589s ]
INFO: [ app_end ] --END-- [ RunTime:0.001786s ]

