[ 2016-10-12T10:00:15+08:00 ] 127.0.0.1 /index.php/index/left
ERR: SQLSTATE[HY000] [1049] Unknown database 'tpcms'

[ 2016-10-12T10:02:46+08:00 ] 127.0.0.1 /index.php/adminuser/edi
INFO: [ app_begin ] --START--
INFO: Run Behavior\ReadHtmlCacheBehavior [ RunTime:0.000876s ]
INFO: [ app_begin ] --END-- [ RunTime:0.001829s ]
SQL: SHOW COLUMNS FROM `wym_manager` [ RunTime:0.0012s ]
SQL: SHOW COLUMNS FROM `wym_manager` [ RunTime:0.0010s ]
SQL: UPDATE `wym_manager` SET `mg_name`='吴义敏',`mg_status`='1',`mg_role_id`='2' WHERE `mg_id` = 1 [ RunTime:0.0007s ]
INFO: [ app_end ] --START--
INFO: Run Behavior\ShowPageTraceBehavior [ RunTime:0.000779s ]
INFO: [ app_end ] --END-- [ RunTime:0.000946s ]

[ 2016-10-12T10:02:47+08:00 ] 127.0.0.1 /index.php/adminuser/edi
INFO: [ app_begin ] --START--
INFO: Run Behavior\ReadHtmlCacheBehavior [ RunTime:0.000749s ]
INFO: [ app_begin ] --END-- [ RunTime:0.001462s ]
SQL: SHOW COLUMNS FROM `wym_manager` [ RunTime:0.0012s ]
SQL: SHOW COLUMNS FROM `wym_manager` [ RunTime:0.0007s ]
SQL: UPDATE `wym_manager` SET `mg_name`='吴义敏',`mg_status`='1',`mg_role_id`='2' WHERE `mg_id` = 1 [ RunTime:0.0006s ]
INFO: [ app_end ] --START--
INFO: Run Behavior\ShowPageTraceBehavior [ RunTime:0.000891s ]
INFO: [ app_end ] --END-- [ RunTime:0.001057s ]

[ 2016-10-12T10:02:52+08:00 ] 127.0.0.1 /index.php/adminuser/edi
INFO: [ app_begin ] --START--
INFO: Run Behavior\ReadHtmlCacheBehavior [ RunTime:0.000514s ]
INFO: [ app_begin ] --END-- [ RunTime:0.001112s ]
SQL: SHOW COLUMNS FROM `wym_manager` [ RunTime:0.0011s ]
SQL: SHOW COLUMNS FROM `wym_manager` [ RunTime:0.0004s ]
SQL: UPDATE `wym_manager` SET `mg_name`='吴义敏',`mg_status`='1',`mg_role_id`='2' WHERE `mg_id` = 1 [ RunTime:0.0004s ]
INFO: [ app_end ] --START--
INFO: Run Behavior\ShowPageTraceBehavior [ RunTime:0.000732s ]
INFO: [ app_end ] --END-- [ RunTime:0.000864s ]

[ 2016-10-12T10:02:58+08:00 ] 127.0.0.1 /index.php/adminuser/edi
INFO: [ app_begin ] --START--
INFO: Run Behavior\ReadHtmlCacheBehavior [ RunTime:0.000534s ]
INFO: [ app_begin ] --END-- [ RunTime:0.001104s ]
SQL: SHOW COLUMNS FROM `wym_manager` [ RunTime:0.0010s ]
SQL: SHOW COLUMNS FROM `wym_manager` [ RunTime:0.0011s ]
SQL: UPDATE `wym_manager` SET `mg_name`='吴义敏',`mg_status`='1',`mg_role_id`='2' WHERE `mg_id` = 1 [ RunTime:0.0007s ]
INFO: [ app_end ] --START--
INFO: Run Behavior\ShowPageTraceBehavior [ RunTime:0.000868s ]
INFO: [ app_end ] --END-- [ RunTime:0.001006s ]

[ 2016-10-12T10:03:05+08:00 ] 127.0.0.1 /index.php/adminuser/edi
INFO: [ app_begin ] --START--
INFO: Run Behavior\ReadHtmlCacheBehavior [ RunTime:0.000572s ]
INFO: [ app_begin ] --END-- [ RunTime:0.001233s ]
SQL: SHOW COLUMNS FROM `wym_manager` [ RunTime:0.0006s ]
SQL: SHOW COLUMNS FROM `wym_manager` [ RunTime:0.0006s ]
SQL: UPDATE `wym_manager` SET `mg_name`='吴义敏',`mg_status`='1',`mg_role_id`='6' WHERE `mg_id` = 1 [ RunTime:0.0005s ]
INFO: [ app_end ] --START--
INFO: Run Behavior\ShowPageTraceBehavior [ RunTime:0.000716s ]
INFO: [ app_end ] --END-- [ RunTime:0.000850s ]

[ 2016-10-12T10:03:19+08:00 ] 127.0.0.1 /index.php/adminuser/edi
INFO: [ app_begin ] --START--
INFO: Run Behavior\ReadHtmlCacheBehavior [ RunTime:0.000539s ]
INFO: [ app_begin ] --END-- [ RunTime:0.001196s ]
SQL: SHOW COLUMNS FROM `wym_manager` [ RunTime:0.0006s ]
SQL: SHOW COLUMNS FROM `wym_manager` [ RunTime:0.0007s ]
SQL: UPDATE `wym_manager` SET `mg_name`='吴义敏',`mg_status`='1',`mg_role_id`='2' WHERE `mg_id` = 1 [ RunTime:0.0005s ]
INFO: [ app_end ] --START--
INFO: Run Behavior\ShowPageTraceBehavior [ RunTime:0.000723s ]
INFO: [ app_end ] --END-- [ RunTime:0.000855s ]

[ 2016-10-12T10:52:33+08:00 ] 127.0.0.1 /
ERR: 模板不存在:./Application/Admin/View/Public/404.html

[ 2016-10-12T14:03:38+08:00 ] 127.0.0.1 /index.php/login/main.html
ERR: 非法操作:main

[ 2016-10-12T14:04:01+08:00 ] 127.0.0.1 /index.php/login/main.html
ERR: 非法操作:main

[ 2016-10-12T14:04:06+08:00 ] 127.0.0.1 /index.php/login/index
INFO: [ app_begin ] --START--
INFO: Run Behavior\ReadHtmlCacheBehavior [ RunTime:0.000825s ]
INFO: [ app_begin ] --END-- [ RunTime:0.001634s ]

[ 2016-10-12T14:04:08+08:00 ] 127.0.0.1 /index.php/login/index
INFO: [ app_begin ] --START--
INFO: Run Behavior\ReadHtmlCacheBehavior [ RunTime:0.000628s ]
INFO: [ app_begin ] --END-- [ RunTime:0.001228s ]

[ 2016-10-12T14:04:09+08:00 ] 127.0.0.1 /index.php/login/index
INFO: [ app_begin ] --START--
INFO: Run Behavior\ReadHtmlCacheBehavior [ RunTime:0.000535s ]
INFO: [ app_begin ] --END-- [ RunTime:0.001110s ]

[ 2016-10-12T14:04:14+08:00 ] 127.0.0.1 /index.php/login/index
INFO: [ app_begin ] --START--
INFO: Run Behavior\ReadHtmlCacheBehavior [ RunTime:0.000519s ]
INFO: [ app_begin ] --END-- [ RunTime:0.001111s ]

[ 2016-10-12T14:04:16+08:00 ] 127.0.0.1 /index.php/login/index
INFO: [ app_begin ] --START--
INFO: Run Behavior\ReadHtmlCacheBehavior [ RunTime:0.001032s ]
INFO: [ app_begin ] --END-- [ RunTime:0.002203s ]

[ 2016-10-12T14:04:18+08:00 ] 127.0.0.1 /index.php/login/index
INFO: [ app_begin ] --START--
INFO: Run Behavior\ReadHtmlCacheBehavior [ RunTime:0.000759s ]
INFO: [ app_begin ] --END-- [ RunTime:0.001398s ]

[ 2016-10-12T14:04:21+08:00 ] 127.0.0.1 /index.php/login/index
INFO: [ app_begin ] --START--
INFO: Run Behavior\ReadHtmlCacheBehavior [ RunTime:0.000516s ]
INFO: [ app_begin ] --END-- [ RunTime:0.001022s ]
INFO: [ app_end ] --START--
INFO: Run Behavior\ShowPageTraceBehavior [ RunTime:0.000905s ]
INFO: [ app_end ] --END-- [ RunTime:0.001070s ]

[ 2016-10-12T14:05:13+08:00 ] 127.0.0.1 /index.php/login/index
INFO: [ app_begin ] --START--
INFO: Run Behavior\ReadHtmlCacheBehavior [ RunTime:0.000875s ]
INFO: [ app_begin ] --END-- [ RunTime:0.001523s ]

[ 2016-10-12T14:05:34+08:00 ] 127.0.0.1 /index.php/login/index
INFO: [ app_begin ] --START--
INFO: Run Behavior\ReadHtmlCacheBehavior [ RunTime:0.000873s ]
INFO: [ app_begin ] --END-- [ RunTime:0.001518s ]

[ 2016-10-12T14:05:37+08:00 ] 127.0.0.1 /index.php/login/index
INFO: [ app_begin ] --START--
INFO: Run Behavior\ReadHtmlCacheBehavior [ RunTime:0.000757s ]
INFO: [ app_begin ] --END-- [ RunTime:0.001729s ]

[ 2016-10-12T14:06:14+08:00 ] 127.0.0.1 /index.php/login/index
INFO: [ app_begin ] --START--
INFO: Run Behavior\ReadHtmlCacheBehavior [ RunTime:0.000632s ]
INFO: [ app_begin ] --END-- [ RunTime:0.001239s ]
INFO: [ app_end ] --START--
INFO: Run Behavior\ShowPageTraceBehavior [ RunTime:0.000670s ]
INFO: [ app_end ] --END-- [ RunTime:0.000813s ]

[ 2016-10-12T14:07:19+08:00 ] 127.0.0.1 /index.php/login/index
INFO: [ app_begin ] --START--
INFO: Run Behavior\ReadHtmlCacheBehavior [ RunTime:0.000574s ]
INFO: [ app_begin ] --END-- [ RunTime:0.001247s ]
INFO: [ app_end ] --START--
INFO: Run Behavior\ShowPageTraceBehavior [ RunTime:0.000561s ]
INFO: [ app_end ] --END-- [ RunTime:0.000710s ]

[ 2016-10-12T14:08:01+08:00 ] 127.0.0.1 /index.php/login/index
INFO: [ app_begin ] --START--
INFO: Run Behavior\ReadHtmlCacheBehavior [ RunTime:0.000702s ]
INFO: [ app_begin ] --END-- [ RunTime:0.001428s ]
INFO: [ app_end ] --START--
INFO: Run Behavior\ShowPageTraceBehavior [ RunTime:0.000820s ]
INFO: [ app_end ] --END-- [ RunTime:0.000975s ]

[ 2016-10-12T14:09:45+08:00 ] 127.0.0.1 /index.php/login/index
INFO: [ app_begin ] --START--
INFO: Run Behavior\ReadHtmlCacheBehavior [ RunTime:0.000759s ]
INFO: [ app_begin ] --END-- [ RunTime:0.001592s ]
INFO: [ app_end ] --START--
INFO: Run Behavior\ShowPageTraceBehavior [ RunTime:0.000598s ]
INFO: [ app_end ] --END-- [ RunTime:0.000737s ]

[ 2016-10-12T14:18:49+08:00 ] 127.0.0.1 /index.php/login/index
INFO: [ app_begin ] --START--
INFO: Run Behavior\ReadHtmlCacheBehavior [ RunTime:0.000666s ]
INFO: [ app_begin ] --END-- [ RunTime:0.001360s ]
SQL: SHOW COLUMNS FROM `wym_manager` [ RunTime:0.0009s ]
SQL: SHOW COLUMNS FROM `wym_manager` [ RunTime:0.0011s ]
ERR: 1054:Unknown column '吴义敏' in 'where clause'
 [ SQL语句 ] : SELECT * FROM `wym_manager` WHERE mg_name=吴义敏 LIMIT 1  
ERR: 1054:Unknown column '吴义敏' in 'where clause'
 [ SQL语句 ] : SELECT * FROM `wym_manager` WHERE mg_name=吴义敏 LIMIT 1  

[ 2016-10-12T14:18:54+08:00 ] 127.0.0.1 /index.php/login/index
INFO: [ app_begin ] --START--
INFO: Run Behavior\ReadHtmlCacheBehavior [ RunTime:0.000518s ]
INFO: [ app_begin ] --END-- [ RunTime:0.001045s ]
SQL: SHOW COLUMNS FROM `wym_manager` [ RunTime:0.0012s ]
SQL: SHOW COLUMNS FROM `wym_manager` [ RunTime:0.0008s ]
ERR: 1054:Unknown column '吴义敏' in 'where clause'
 [ SQL语句 ] : SELECT * FROM `wym_manager` WHERE mg_name=吴义敏 LIMIT 1  
ERR: 1054:Unknown column '吴义敏' in 'where clause'
 [ SQL语句 ] : SELECT * FROM `wym_manager` WHERE mg_name=吴义敏 LIMIT 1  

[ 2016-10-12T14:19:55+08:00 ] 127.0.0.1 /index.php/login/index
INFO: [ app_begin ] --START--
INFO: Run Behavior\ReadHtmlCacheBehavior [ RunTime:0.000674s ]
INFO: [ app_begin ] --END-- [ RunTime:0.001213s ]
SQL: SHOW COLUMNS FROM `wym_manager` [ RunTime:0.0012s ]
SQL: SHOW COLUMNS FROM `wym_manager` [ RunTime:0.0015s ]
ERR: 1054:Unknown column '吴义敏' in 'where clause'
 [ SQL语句 ] : SELECT * FROM `wym_manager` WHERE mg_name=吴义敏 LIMIT 1  
ERR: 1054:Unknown column '吴义敏' in 'where clause'
 [ SQL语句 ] : SELECT * FROM `wym_manager` WHERE mg_name=吴义敏 LIMIT 1  

[ 2016-10-12T14:20:16+08:00 ] 127.0.0.1 /index.php/login/index
INFO: [ app_begin ] --START--
INFO: Run Behavior\ReadHtmlCacheBehavior [ RunTime:0.001237s ]
INFO: [ app_begin ] --END-- [ RunTime:0.002198s ]
INFO: [ app_end ] --START--
INFO: Run Behavior\ShowPageTraceBehavior [ RunTime:0.001129s ]
INFO: [ app_end ] --END-- [ RunTime:0.001314s ]

[ 2016-10-12T14:20:23+08:00 ] 127.0.0.1 /index.php/login/index
INFO: [ app_begin ] --START--
INFO: Run Behavior\ReadHtmlCacheBehavior [ RunTime:0.000654s ]
INFO: [ app_begin ] --END-- [ RunTime:0.001375s ]

[ 2016-10-12T14:20:23+08:00 ] 127.0.0.1 /index.php/index/index.html
INFO: [ app_begin ] --START--
INFO: Run Behavior\ReadHtmlCacheBehavior [ RunTime:0.000532s ]
INFO: [ app_begin ] --END-- [ RunTime:0.001022s ]

[ 2016-10-12T14:21:36+08:00 ] 127.0.0.1 /index.php/login/index
INFO: [ app_begin ] --START--
INFO: Run Behavior\ReadHtmlCacheBehavior [ RunTime:0.000743s ]
INFO: [ app_begin ] --END-- [ RunTime:0.001332s ]

[ 2016-10-12T14:21:40+08:00 ] 127.0.0.1 /index.php/login/index
INFO: [ app_begin ] --START--
INFO: Run Behavior\ReadHtmlCacheBehavior [ RunTime:0.000519s ]
INFO: [ app_begin ] --END-- [ RunTime:0.001154s ]

[ 2016-10-12T14:21:43+08:00 ] 127.0.0.1 /index.php/login/index
INFO: [ app_begin ] --START--
INFO: Run Behavior\ReadHtmlCacheBehavior [ RunTime:0.000581s ]
INFO: [ app_begin ] --END-- [ RunTime:0.001218s ]

[ 2016-10-12T14:21:44+08:00 ] 127.0.0.1 /index.php/login/index
INFO: [ app_begin ] --START--
INFO: Run Behavior\ReadHtmlCacheBehavior [ RunTime:0.001105s ]
INFO: [ app_begin ] --END-- [ RunTime:0.002262s ]

[ 2016-10-12T14:22:57+08:00 ] 127.0.0.1 /index.php/login/index
INFO: [ app_begin ] --START--
INFO: Run Behavior\ReadHtmlCacheBehavior [ RunTime:0.000902s ]
INFO: [ app_begin ] --END-- [ RunTime:0.001764s ]
INFO: [ app_end ] --START--
INFO: Run Behavior\ShowPageTraceBehavior [ RunTime:0.000888s ]
INFO: [ app_end ] --END-- [ RunTime:0.001144s ]

[ 2016-10-12T14:37:47+08:00 ] 127.0.0.1 /index.php/login/index
INFO: [ app_begin ] --START--
INFO: Run Behavior\ReadHtmlCacheBehavior [ RunTime:0.000680s ]
INFO: [ app_begin ] --END-- [ RunTime:0.001242s ]
SQL: SHOW COLUMNS FROM `wym_manager` [ RunTime:0.0007s ]
SQL: SHOW COLUMNS FROM `wym_manager` [ RunTime:0.0007s ]
ERR: 1054:Unknown column '吴义敏' in 'where clause'
 [ SQL语句 ] : SELECT * FROM `wym_manager` WHERE mg_name=吴义敏 and mg_status=1 LIMIT 1  
ERR: 1054:Unknown column '吴义敏' in 'where clause'
 [ SQL语句 ] : SELECT * FROM `wym_manager` WHERE mg_name=吴义敏 and mg_status=1 LIMIT 1  

[ 2016-10-12T14:37:56+08:00 ] 127.0.0.1 /index.php/login/index
INFO: [ app_begin ] --START--
INFO: Run Behavior\ReadHtmlCacheBehavior [ RunTime:0.000926s ]
INFO: [ app_begin ] --END-- [ RunTime:0.001607s ]
SQL: SHOW COLUMNS FROM `wym_manager` [ RunTime:0.0007s ]
SQL: SHOW COLUMNS FROM `wym_manager` [ RunTime:0.0007s ]
ERR: 1054:Unknown column '吴义敏' in 'where clause'
 [ SQL语句 ] : SELECT * FROM `wym_manager` WHERE mg_name=吴义敏 and mg_status=1 LIMIT 1  
ERR: 1054:Unknown column '吴义敏' in 'where clause'
 [ SQL语句 ] : SELECT * FROM `wym_manager` WHERE mg_name=吴义敏 and mg_status=1 LIMIT 1  

[ 2016-10-12T14:37:56+08:00 ] 127.0.0.1 /index.php/login/index
INFO: [ app_begin ] --START--
INFO: Run Behavior\ReadHtmlCacheBehavior [ RunTime:0.000543s ]
INFO: [ app_begin ] --END-- [ RunTime:0.001192s ]
SQL: SHOW COLUMNS FROM `wym_manager` [ RunTime:0.0006s ]
SQL: SHOW COLUMNS FROM `wym_manager` [ RunTime:0.0004s ]
ERR: 1054:Unknown column '吴义敏' in 'where clause'
 [ SQL语句 ] : SELECT * FROM `wym_manager` WHERE mg_name=吴义敏 and mg_status=1 LIMIT 1  
ERR: 1054:Unknown column '吴义敏' in 'where clause'
 [ SQL语句 ] : SELECT * FROM `wym_manager` WHERE mg_name=吴义敏 and mg_status=1 LIMIT 1  

[ 2016-10-12T14:39:18+08:00 ] 127.0.0.1 /index.php/login/index
INFO: [ app_begin ] --START--
INFO: Run Behavior\ReadHtmlCacheBehavior [ RunTime:0.000744s ]
INFO: [ app_begin ] --END-- [ RunTime:0.001301s ]
SQL: SHOW COLUMNS FROM `wym_manager` [ RunTime:0.0007s ]
SQL: SHOW COLUMNS FROM `wym_manager` [ RunTime:0.0004s ]
ERR: 1054:Unknown column '吴义敏' in 'where clause'
 [ SQL语句 ] : SELECT * FROM `wym_manager` WHERE mg_name=吴义敏 and mg_status=1 LIMIT 1  
ERR: 1054:Unknown column '吴义敏' in 'where clause'
 [ SQL语句 ] : SELECT * FROM `wym_manager` WHERE mg_name=吴义敏 and mg_status=1 LIMIT 1  

[ 2016-10-12T14:39:55+08:00 ] 127.0.0.1 /index.php/login/index
INFO: [ app_begin ] --START--
INFO: Run Behavior\ReadHtmlCacheBehavior [ RunTime:0.000663s ]
INFO: [ app_begin ] --END-- [ RunTime:0.001373s ]
SQL: SHOW COLUMNS FROM `wym_manager` [ RunTime:0.0011s ]
SQL: SHOW COLUMNS FROM `wym_manager` [ RunTime:0.0006s ]
ERR: 1054:Unknown column '吴义敏' in 'where clause'
 [ SQL语句 ] : SELECT * FROM `wym_manager` WHERE mg_name=吴义敏 and mg_status=1 LIMIT 1  
ERR: 1054:Unknown column '吴义敏' in 'where clause'
 [ SQL语句 ] : SELECT * FROM `wym_manager` WHERE mg_name=吴义敏 and mg_status=1 LIMIT 1  

[ 2016-10-12T14:42:01+08:00 ] 127.0.0.1 /index.php/login/index
INFO: [ app_begin ] --START--
INFO: Run Behavior\ReadHtmlCacheBehavior [ RunTime:0.001090s ]
INFO: [ app_begin ] --END-- [ RunTime:0.001871s ]
SQL: SHOW COLUMNS FROM `wym_manager` [ RunTime:0.0012s ]
SQL: SHOW COLUMNS FROM `wym_manager` [ RunTime:0.0009s ]
ERR: 1054:Unknown column '吴义敏' in 'where clause'
 [ SQL语句 ] : SELECT * FROM `wym_manager` WHERE mg_name=吴义敏 and mg_status=1 LIMIT 1  
ERR: 1054:Unknown column '吴义敏' in 'where clause'
 [ SQL语句 ] : SELECT * FROM `wym_manager` WHERE mg_name=吴义敏 and mg_status=1 LIMIT 1  

[ 2016-10-12T14:42:44+08:00 ] 127.0.0.1 /index.php/login/index
INFO: [ app_begin ] --START--
INFO: Run Behavior\ReadHtmlCacheBehavior [ RunTime:0.000754s ]
INFO: [ app_begin ] --END-- [ RunTime:0.001448s ]
INFO: [ app_end ] --START--
INFO: Run Behavior\ShowPageTraceBehavior [ RunTime:0.000717s ]
INFO: [ app_end ] --END-- [ RunTime:0.000857s ]

[ 2016-10-12T14:42:50+08:00 ] 127.0.0.1 /index.php/login/index
INFO: [ app_begin ] --START--
INFO: Run Behavior\ReadHtmlCacheBehavior [ RunTime:0.000661s ]
INFO: [ app_begin ] --END-- [ RunTime:0.001329s ]
SQL: SHOW COLUMNS FROM `wym_manager` [ RunTime:0.0006s ]
SQL: SHOW COLUMNS FROM `wym_manager` [ RunTime:0.0007s ]
ERR: 1054:Unknown column '吴义敏' in 'where clause'
 [ SQL语句 ] : SELECT * FROM `wym_manager` WHERE mg_name=吴义敏 and mg_status=1 LIMIT 1  
ERR: 1054:Unknown column '吴义敏' in 'where clause'
 [ SQL语句 ] : SELECT * FROM `wym_manager` WHERE mg_name=吴义敏 and mg_status=1 LIMIT 1  

[ 2016-10-12T14:43:23+08:00 ] 127.0.0.1 /index.php/login/index
INFO: [ app_begin ] --START--
INFO: Run Behavior\ReadHtmlCacheBehavior [ RunTime:0.000971s ]
INFO: [ app_begin ] --END-- [ RunTime:0.001650s ]
SQL: SHOW COLUMNS FROM `wym_manager` [ RunTime:0.0016s ]
SQL: SHOW COLUMNS FROM `wym_manager` [ RunTime:0.0012s ]
ERR: 1054:Unknown column '吴义敏' in 'where clause'
 [ SQL语句 ] : SELECT * FROM `wym_manager` WHERE mg_name=吴义敏 and mg_status=1 LIMIT 1  
ERR: 1054:Unknown column '吴义敏' in 'where clause'
 [ SQL语句 ] : SELECT * FROM `wym_manager` WHERE mg_name=吴义敏 and mg_status=1 LIMIT 1  

[ 2016-10-12T14:43:24+08:00 ] 127.0.0.1 /index.php/login/index
INFO: [ app_begin ] --START--
INFO: Run Behavior\ReadHtmlCacheBehavior [ RunTime:0.000537s ]
INFO: [ app_begin ] --END-- [ RunTime:0.001113s ]
SQL: SHOW COLUMNS FROM `wym_manager` [ RunTime:0.0013s ]
SQL: SHOW COLUMNS FROM `wym_manager` [ RunTime:0.0008s ]
ERR: 1054:Unknown column '吴义敏' in 'where clause'
 [ SQL语句 ] : SELECT * FROM `wym_manager` WHERE mg_name=吴义敏 and mg_status=1 LIMIT 1  
ERR: 1054:Unknown column '吴义敏' in 'where clause'
 [ SQL语句 ] : SELECT * FROM `wym_manager` WHERE mg_name=吴义敏 and mg_status=1 LIMIT 1  

[ 2016-10-12T14:43:30+08:00 ] 127.0.0.1 /index.php/login/index
INFO: [ app_begin ] --START--
INFO: Run Behavior\ReadHtmlCacheBehavior [ RunTime:0.000893s ]
INFO: [ app_begin ] --END-- [ RunTime:0.001614s ]
INFO: [ app_end ] --START--
INFO: Run Behavior\ShowPageTraceBehavior [ RunTime:0.001273s ]
INFO: [ app_end ] --END-- [ RunTime:0.001516s ]

[ 2016-10-12T14:43:39+08:00 ] 127.0.0.1 /index.php/login/index
INFO: [ app_begin ] --START--
INFO: Run Behavior\ReadHtmlCacheBehavior [ RunTime:0.000827s ]
INFO: [ app_begin ] --END-- [ RunTime:0.001577s ]
SQL: SHOW COLUMNS FROM `wym_manager` [ RunTime:0.0007s ]
SQL: SHOW COLUMNS FROM `wym_manager` [ RunTime:0.0007s ]
ERR: 1054:Unknown column '吴义敏' in 'where clause'
 [ SQL语句 ] : SELECT * FROM `wym_manager` WHERE mg_name=吴义敏 and mg_status=1 LIMIT 1  
ERR: 1054:Unknown column '吴义敏' in 'where clause'
 [ SQL语句 ] : SELECT * FROM `wym_manager` WHERE mg_name=吴义敏 and mg_status=1 LIMIT 1  

[ 2016-10-12T14:44:03+08:00 ] 127.0.0.1 /index.php/login/index
INFO: [ app_begin ] --START--
INFO: Run Behavior\ReadHtmlCacheBehavior [ RunTime:0.000746s ]
INFO: [ app_begin ] --END-- [ RunTime:0.001292s ]
INFO: [ app_end ] --START--
INFO: Run Behavior\ShowPageTraceBehavior [ RunTime:0.000633s ]
INFO: [ app_end ] --END-- [ RunTime:0.000776s ]

[ 2016-10-12T14:44:22+08:00 ] 127.0.0.1 /index.php/login/index
INFO: [ app_begin ] --START--
INFO: Run Behavior\ReadHtmlCacheBehavior [ RunTime:0.000516s ]
INFO: [ app_begin ] --END-- [ RunTime:0.001035s ]

[ 2016-10-12T14:44:33+08:00 ] 127.0.0.1 /index.php/login/index
INFO: [ app_begin ] --START--
INFO: Run Behavior\ReadHtmlCacheBehavior [ RunTime:0.000890s ]
INFO: [ app_begin ] --END-- [ RunTime:0.001760s ]

[ 2016-10-12T14:45:33+08:00 ] 127.0.0.1 /index.php/login/index
INFO: [ app_begin ] --START--
INFO: Run Behavior\ReadHtmlCacheBehavior [ RunTime:0.000781s ]
INFO: [ app_begin ] --END-- [ RunTime:0.001888s ]
SQL: SHOW COLUMNS FROM `wym_manager` [ RunTime:0.0006s ]
SQL: SHOW COLUMNS FROM `wym_manager` [ RunTime:0.0007s ]
ERR: 1054:Unknown column '吴义敏' in 'where clause'
 [ SQL语句 ] : SELECT * FROM `wym_manager` WHERE mg_name=吴义敏 and mg_status=1 LIMIT 1  
ERR: 1054:Unknown column '吴义敏' in 'where clause'
 [ SQL语句 ] : SELECT * FROM `wym_manager` WHERE mg_name=吴义敏 and mg_status=1 LIMIT 1  

[ 2016-10-12T14:45:34+08:00 ] 127.0.0.1 /index.php/login/index
INFO: [ app_begin ] --START--
INFO: Run Behavior\ReadHtmlCacheBehavior [ RunTime:0.001268s ]
INFO: [ app_begin ] --END-- [ RunTime:0.002229s ]
SQL: SHOW COLUMNS FROM `wym_manager` [ RunTime:0.0014s ]
SQL: SHOW COLUMNS FROM `wym_manager` [ RunTime:0.0010s ]
ERR: 1054:Unknown column '吴义敏' in 'where clause'
 [ SQL语句 ] : SELECT * FROM `wym_manager` WHERE mg_name=吴义敏 and mg_status=1 LIMIT 1  
ERR: 1054:Unknown column '吴义敏' in 'where clause'
 [ SQL语句 ] : SELECT * FROM `wym_manager` WHERE mg_name=吴义敏 and mg_status=1 LIMIT 1  

[ 2016-10-12T15:03:00+08:00 ] 127.0.0.1 /index.php/login/index
INFO: [ app_begin ] --START--
INFO: Run Behavior\ReadHtmlCacheBehavior [ RunTime:0.000981s ]
INFO: [ app_begin ] --END-- [ RunTime:0.001869s ]
SQL: SHOW COLUMNS FROM `wym_manager` [ RunTime:0.0012s ]
SQL: SELECT * FROM `wym_manager` WHERE `mg_name` = '吴义敏' AND `mg_status` = 1 LIMIT 1   [ RunTime:0.0005s ]
NOTIC: [8] Undefined offset: 0 E:\wamp64\www\tpcms\Application\Admin\Controller\LoginController.class.php 第 27 行.
INFO: [ app_end ] --START--
INFO: Run Behavior\ShowPageTraceBehavior [ RunTime:0.000905s ]
INFO: [ app_end ] --END-- [ RunTime:0.001047s ]

[ 2016-10-12T15:04:26+08:00 ] 127.0.0.1 /index.php/login/index
INFO: [ app_begin ] --START--
INFO: Run Behavior\ReadHtmlCacheBehavior [ RunTime:0.000736s ]
INFO: [ app_begin ] --END-- [ RunTime:0.001308s ]
SQL: SHOW COLUMNS FROM `wym_manager` [ RunTime:0.0007s ]
SQL: SELECT * FROM `wym_manager` WHERE `mg_name` = '吴义敏' AND `mg_status` = 1 LIMIT 1   [ RunTime:0.0012s ]

[ 2016-10-12T15:04:58+08:00 ] 127.0.0.1 /index.php/login/index
INFO: [ app_begin ] --START--
INFO: Run Behavior\ReadHtmlCacheBehavior [ RunTime:0.000633s ]
INFO: [ app_begin ] --END-- [ RunTime:0.001288s ]
SQL: SHOW COLUMNS FROM `wym_manager` [ RunTime:0.0007s ]
SQL: SELECT * FROM `wym_manager` WHERE `mg_name` = '吴义敏' AND `mg_status` = 1 LIMIT 1   [ RunTime:0.0003s ]

[ 2016-10-12T15:05:00+08:00 ] 127.0.0.1 /index.php/login/index
INFO: [ app_begin ] --START--
INFO: Run Behavior\ReadHtmlCacheBehavior [ RunTime:0.000548s ]
INFO: [ app_begin ] --END-- [ RunTime:0.001137s ]
SQL: SHOW COLUMNS FROM `wym_manager` [ RunTime:0.0006s ]
SQL: SELECT * FROM `wym_manager` WHERE `mg_name` = '吴义敏' AND `mg_status` = 1 LIMIT 1   [ RunTime:0.0005s ]

[ 2016-10-12T15:05:28+08:00 ] 127.0.0.1 /index.php/login/index
INFO: [ app_begin ] --START--
INFO: Run Behavior\ReadHtmlCacheBehavior [ RunTime:0.000753s ]
INFO: [ app_begin ] --END-- [ RunTime:0.001639s ]
SQL: SHOW COLUMNS FROM `wym_manager` [ RunTime:0.0008s ]
SQL: SELECT * FROM `wym_manager` WHERE `mg_name` = '吴义敏' AND `mg_status` = 1 LIMIT 1   [ RunTime:0.0007s ]
INFO: [ app_end ] --START--
INFO: Run Behavior\ShowPageTraceBehavior [ RunTime:0.001191s ]
INFO: [ app_end ] --END-- [ RunTime:0.001429s ]

[ 2016-10-12T15:05:41+08:00 ] 127.0.0.1 /index.php/login/index
INFO: [ app_begin ] --START--
INFO: Run Behavior\ReadHtmlCacheBehavior [ RunTime:0.000520s ]
INFO: [ app_begin ] --END-- [ RunTime:0.001108s ]
SQL: SHOW COLUMNS FROM `wym_manager` [ RunTime:0.0006s ]
SQL: SELECT * FROM `wym_manager` WHERE `mg_name` = '吴义敏' AND `mg_status` = 1 LIMIT 1   [ RunTime:0.0004s ]
INFO: [ app_end ] --START--
INFO: Run Behavior\ShowPageTraceBehavior [ RunTime:0.000725s ]
INFO: [ app_end ] --END-- [ RunTime:0.000857s ]

[ 2016-10-12T15:05:43+08:00 ] 127.0.0.1 /index.php/login/index
INFO: [ app_begin ] --START--
INFO: Run Behavior\ReadHtmlCacheBehavior [ RunTime:0.000620s ]
INFO: [ app_begin ] --END-- [ RunTime:0.001177s ]
SQL: SHOW COLUMNS FROM `wym_manager` [ RunTime:0.0009s ]
SQL: SELECT * FROM `wym_manager` WHERE `mg_name` = '吴义敏' AND `mg_status` = 1 LIMIT 1   [ RunTime:0.0004s ]
INFO: [ app_end ] --START--
INFO: Run Behavior\ShowPageTraceBehavior [ RunTime:0.000750s ]
INFO: [ app_end ] --END-- [ RunTime:0.000884s ]

[ 2016-10-12T15:05:50+08:00 ] 127.0.0.1 /index.php/login/index
INFO: [ app_begin ] --START--
INFO: Run Behavior\ReadHtmlCacheBehavior [ RunTime:0.000564s ]
INFO: [ app_begin ] --END-- [ RunTime:0.001218s ]
SQL: SHOW COLUMNS FROM `wym_manager` [ RunTime:0.0007s ]
SQL: SELECT * FROM `wym_manager` WHERE `mg_name` = '吴义敏' AND `mg_status` = 1 LIMIT 1   [ RunTime:0.0006s ]
INFO: [ app_end ] --START--
INFO: Run Behavior\ShowPageTraceBehavior [ RunTime:0.000761s ]
INFO: [ app_end ] --END-- [ RunTime:0.000908s ]

[ 2016-10-12T15:06:08+08:00 ] 127.0.0.1 /index.php/login/index
INFO: [ app_begin ] --START--
INFO: Run Behavior\ReadHtmlCacheBehavior [ RunTime:0.000629s ]
INFO: [ app_begin ] --END-- [ RunTime:0.001190s ]
SQL: SHOW COLUMNS FROM `wym_manager` [ RunTime:0.0007s ]
SQL: SELECT * FROM `wym_manager` WHERE `mg_name` = '吴义敏2' AND `mg_status` = 1 LIMIT 1   [ RunTime:0.0007s ]
INFO: [ app_end ] --START--
INFO: Run Behavior\ShowPageTraceBehavior [ RunTime:0.000957s ]
INFO: [ app_end ] --END-- [ RunTime:0.001094s ]

[ 2016-10-12T15:06:09+08:00 ] 127.0.0.1 /index.php/login/index
INFO: [ app_begin ] --START--
INFO: Run Behavior\ReadHtmlCacheBehavior [ RunTime:0.001148s ]
INFO: [ app_begin ] --END-- [ RunTime:0.002435s ]
SQL: SHOW COLUMNS FROM `wym_manager` [ RunTime:0.0013s ]
SQL: SELECT * FROM `wym_manager` WHERE `mg_name` = '吴义敏2' AND `mg_status` = 1 LIMIT 1   [ RunTime:0.0005s ]
INFO: [ app_end ] --START--
INFO: Run Behavior\ShowPageTraceBehavior [ RunTime:0.000973s ]
INFO: [ app_end ] --END-- [ RunTime:0.001138s ]

[ 2016-10-12T15:07:26+08:00 ] 127.0.0.1 /index.php/login/index
INFO: [ app_begin ] --START--
INFO: Run Behavior\ReadHtmlCacheBehavior [ RunTime:0.001125s ]
INFO: [ app_begin ] --END-- [ RunTime:0.001942s ]
INFO: [ app_end ] --START--
INFO: Run Behavior\ShowPageTraceBehavior [ RunTime:0.000603s ]
INFO: [ app_end ] --END-- [ RunTime:0.000747s ]

[ 2016-10-12T15:07:34+08:00 ] 127.0.0.1 /index.php/login/index
INFO: [ app_begin ] --START--
INFO: Run Behavior\ReadHtmlCacheBehavior [ RunTime:0.000620s ]
INFO: [ app_begin ] --END-- [ RunTime:0.001264s ]
SQL: SHOW COLUMNS FROM `wym_manager` [ RunTime:0.0006s ]
SQL: SELECT * FROM `wym_manager` WHERE `mg_name` = 'www' AND `mg_status` = 1 LIMIT 1   [ RunTime:0.0004s ]
INFO: [ app_end ] --START--
INFO: Run Behavior\ShowPageTraceBehavior [ RunTime:0.001248s ]
INFO: [ app_end ] --END-- [ RunTime:0.001467s ]

[ 2016-10-12T15:07:52+08:00 ] 127.0.0.1 /index.php/login/index
INFO: [ app_begin ] --START--
INFO: Run Behavior\ReadHtmlCacheBehavior [ RunTime:0.000731s ]
INFO: [ app_begin ] --END-- [ RunTime:0.001343s ]
SQL: SHOW COLUMNS FROM `wym_manager` [ RunTime:0.0007s ]
SQL: SELECT * FROM `wym_manager` WHERE `mg_name` = 'www' AND `mg_status` = 1 LIMIT 1   [ RunTime:0.0004s ]

[ 2016-10-12T15:08:26+08:00 ] 127.0.0.1 /index.php/login/index
INFO: [ app_begin ] --START--
INFO: Run Behavior\ReadHtmlCacheBehavior [ RunTime:0.000517s ]
INFO: [ app_begin ] --END-- [ RunTime:0.001135s ]
SQL: SHOW COLUMNS FROM `wym_manager` [ RunTime:0.0009s ]
SQL: SELECT * FROM `wym_manager` WHERE `mg_name` = '吴义敏' AND `mg_status` = 1 LIMIT 1   [ RunTime:0.0005s ]
INFO: [ app_end ] --START--
INFO: Run Behavior\ShowPageTraceBehavior [ RunTime:0.001036s ]
INFO: [ app_end ] --END-- [ RunTime:0.001193s ]

[ 2016-10-12T15:08:51+08:00 ] 127.0.0.1 /index.php/login/index
INFO: [ app_begin ] --START--
INFO: Run Behavior\ReadHtmlCacheBehavior [ RunTime:0.001497s ]
INFO: [ app_begin ] --END-- [ RunTime:0.002437s ]
SQL: SHOW COLUMNS FROM `wym_manager` [ RunTime:0.0009s ]
SQL: SELECT * FROM `wym_manager` WHERE `mg_name` = '吴义敏' AND `mg_status` = 1 LIMIT 1   [ RunTime:0.0009s ]
INFO: [ app_end ] --START--
INFO: Run Behavior\ShowPageTraceBehavior [ RunTime:0.001348s ]
INFO: [ app_end ] --END-- [ RunTime:0.001587s ]

[ 2016-10-12T15:08:52+08:00 ] 127.0.0.1 /index.php/login/index
INFO: [ app_begin ] --START--
INFO: Run Behavior\ReadHtmlCacheBehavior [ RunTime:0.000519s ]
INFO: [ app_begin ] --END-- [ RunTime:0.001131s ]
SQL: SHOW COLUMNS FROM `wym_manager` [ RunTime:0.0009s ]
SQL: SELECT * FROM `wym_manager` WHERE `mg_name` = '吴义敏' AND `mg_status` = 1 LIMIT 1   [ RunTime:0.0006s ]
INFO: [ app_end ] --START--
INFO: Run Behavior\ShowPageTraceBehavior [ RunTime:0.000891s ]
INFO: [ app_end ] --END-- [ RunTime:0.001026s ]

[ 2016-10-12T15:09:18+08:00 ] 127.0.0.1 /index.php/login/index
INFO: [ app_begin ] --START--
INFO: Run Behavior\ReadHtmlCacheBehavior [ RunTime:0.000546s ]
INFO: [ app_begin ] --END-- [ RunTime:0.001099s ]
SQL: SHOW COLUMNS FROM `wym_manager` [ RunTime:0.0013s ]
SQL: SELECT * FROM `wym_manager` WHERE `mg_name` = '吴义敏' AND `mg_status` = 1 LIMIT 1   [ RunTime:0.0005s ]
INFO: [ app_end ] --START--
INFO: Run Behavior\ShowPageTraceBehavior [ RunTime:0.000908s ]
INFO: [ app_end ] --END-- [ RunTime:0.001042s ]

[ 2016-10-12T15:09:39+08:00 ] 127.0.0.1 /index.php/login/index
INFO: [ app_begin ] --START--
INFO: Run Behavior\ReadHtmlCacheBehavior [ RunTime:0.000584s ]
INFO: [ app_begin ] --END-- [ RunTime:0.001170s ]
SQL: SHOW COLUMNS FROM `wym_manager` [ RunTime:0.0006s ]
SQL: SELECT * FROM `wym_manager` WHERE `mg_name` = '吴义敏' AND `mg_status` = 1 LIMIT 1   [ RunTime:0.0005s ]
INFO: [ app_end ] --START--
INFO: Run Behavior\ShowPageTraceBehavior [ RunTime:0.000731s ]
INFO: [ app_end ] --END-- [ RunTime:0.000867s ]

[ 2016-10-12T15:09:41+08:00 ] 127.0.0.1 /index.php/login/index
INFO: [ app_begin ] --START--
INFO: Run Behavior\ReadHtmlCacheBehavior [ RunTime:0.001056s ]
INFO: [ app_begin ] --END-- [ RunTime:0.002321s ]
SQL: SHOW COLUMNS FROM `wym_manager` [ RunTime:0.0006s ]
SQL: SELECT * FROM `wym_manager` WHERE `mg_name` = '吴义敏' AND `mg_status` = 1 LIMIT 1   [ RunTime:0.0006s ]
INFO: [ app_end ] --START--
INFO: Run Behavior\ShowPageTraceBehavior [ RunTime:0.000742s ]
INFO: [ app_end ] --END-- [ RunTime:0.000875s ]

[ 2016-10-12T15:09:49+08:00 ] 127.0.0.1 /index.php/login/index
INFO: [ app_begin ] --START--
INFO: Run Behavior\ReadHtmlCacheBehavior [ RunTime:0.000516s ]
INFO: [ app_begin ] --END-- [ RunTime:0.001108s ]
SQL: SHOW COLUMNS FROM `wym_manager` [ RunTime:0.0007s ]
SQL: SELECT * FROM `wym_manager` WHERE `mg_name` = '吴义敏' AND `mg_status` = 1 LIMIT 1   [ RunTime:0.0005s ]
INFO: [ app_end ] --START--
INFO: Run Behavior\ShowPageTraceBehavior [ RunTime:0.000737s ]
INFO: [ app_end ] --END-- [ RunTime:0.000870s ]

[ 2016-10-12T15:09:57+08:00 ] 127.0.0.1 /index.php/login/index
INFO: [ app_begin ] --START--
INFO: Run Behavior\ReadHtmlCacheBehavior [ RunTime:0.000658s ]
INFO: [ app_begin ] --END-- [ RunTime:0.001260s ]
SQL: SHOW COLUMNS FROM `wym_manager` [ RunTime:0.0010s ]
SQL: SELECT * FROM `wym_manager` WHERE `mg_name` = '吴义敏' AND `mg_status` = 1 LIMIT 1   [ RunTime:0.0008s ]
INFO: [ app_end ] --START--
INFO: Run Behavior\ShowPageTraceBehavior [ RunTime:0.001292s ]
INFO: [ app_end ] --END-- [ RunTime:0.001564s ]

[ 2016-10-12T15:10:25+08:00 ] 127.0.0.1 /index.php/login/index
INFO: [ app_begin ] --START--
INFO: Run Behavior\ReadHtmlCacheBehavior [ RunTime:0.000671s ]
INFO: [ app_begin ] --END-- [ RunTime:0.001301s ]
SQL: SHOW COLUMNS FROM `wym_manager` [ RunTime:0.0007s ]
SQL: SELECT * FROM `wym_manager` WHERE `mg_name` = '吴义敏' AND `mg_status` = 1 LIMIT 1   [ RunTime:0.0003s ]
INFO: [ app_end ] --START--
INFO: Run Behavior\ShowPageTraceBehavior [ RunTime:0.000939s ]
INFO: [ app_end ] --END-- [ RunTime:0.001074s ]

[ 2016-10-12T15:10:26+08:00 ] 127.0.0.1 /index.php/login/index
INFO: [ app_begin ] --START--
INFO: Run Behavior\ReadHtmlCacheBehavior [ RunTime:0.000516s ]
INFO: [ app_begin ] --END-- [ RunTime:0.001138s ]
SQL: SHOW COLUMNS FROM `wym_manager` [ RunTime:0.0007s ]
SQL: SELECT * FROM `wym_manager` WHERE `mg_name` = '吴义敏' AND `mg_status` = 1 LIMIT 1   [ RunTime:0.0003s ]
INFO: [ app_end ] --START--
INFO: Run Behavior\ShowPageTraceBehavior [ RunTime:0.000732s ]
INFO: [ app_end ] --END-- [ RunTime:0.000867s ]

[ 2016-10-12T15:10:45+08:00 ] 127.0.0.1 /index.php/login/index
INFO: [ app_begin ] --START--
INFO: Run Behavior\ReadHtmlCacheBehavior [ RunTime:0.000624s ]
INFO: [ app_begin ] --END-- [ RunTime:0.001189s ]
SQL: SHOW COLUMNS FROM `wym_manager` [ RunTime:0.0006s ]
SQL: SELECT * FROM `wym_manager` WHERE `mg_name` = '吴义敏' AND `mg_status` = 1 LIMIT 1   [ RunTime:0.0005s ]
INFO: [ app_end ] --START--
INFO: Run Behavior\ShowPageTraceBehavior [ RunTime:0.001062s ]
INFO: [ app_end ] --END-- [ RunTime:0.001239s ]

[ 2016-10-12T15:10:59+08:00 ] 127.0.0.1 /index.php/login/index
INFO: [ app_begin ] --START--
INFO: Run Behavior\ReadHtmlCacheBehavior [ RunTime:0.000559s ]
INFO: [ app_begin ] --END-- [ RunTime:0.001237s ]
SQL: SHOW COLUMNS FROM `wym_manager` [ RunTime:0.0011s ]
SQL: SELECT * FROM `wym_manager` WHERE `mg_name` = '吴义敏' AND `mg_status` = 1 LIMIT 1   [ RunTime:0.0009s ]
INFO: [ app_end ] --START--
INFO: Run Behavior\ShowPageTraceBehavior [ RunTime:0.000960s ]
INFO: [ app_end ] --END-- [ RunTime:0.001123s ]

[ 2016-10-12T15:11:55+08:00 ] 127.0.0.1 /index.php/login/index
INFO: [ app_begin ] --START--
INFO: Run Behavior\ReadHtmlCacheBehavior [ RunTime:0.000532s ]
INFO: [ app_begin ] --END-- [ RunTime:0.001065s ]
SQL: SHOW COLUMNS FROM `wym_manager` [ RunTime:0.0012s ]
SQL: SELECT * FROM `wym_manager` WHERE `mg_name` = '吴义敏' AND `mg_status` = 1 LIMIT 1   [ RunTime:0.0008s ]
INFO: [ app_end ] --START--
INFO: Run Behavior\ShowPageTraceBehavior [ RunTime:0.000973s ]
INFO: [ app_end ] --END-- [ RunTime:0.001109s ]

[ 2016-10-12T15:12:19+08:00 ] 127.0.0.1 /index.php/login/index
INFO: [ app_begin ] --START--
INFO: Run Behavior\ReadHtmlCacheBehavior [ RunTime:0.000543s ]
INFO: [ app_begin ] --END-- [ RunTime:0.001059s ]
SQL: SHOW COLUMNS FROM `wym_manager` [ RunTime:0.0011s ]
SQL: SELECT * FROM `wym_manager` WHERE `mg_name` = '吴义敏' AND `mg_status` = 1 LIMIT 1   [ RunTime:0.0006s ]
INFO: [ app_end ] --START--
INFO: Run Behavior\ShowPageTraceBehavior [ RunTime:0.000859s ]
INFO: [ app_end ] --END-- [ RunTime:0.000999s ]

[ 2016-10-12T15:12:50+08:00 ] 127.0.0.1 /index.php/login/index
INFO: [ app_begin ] --START--
INFO: Run Behavior\ReadHtmlCacheBehavior [ RunTime:0.000521s ]
INFO: [ app_begin ] --END-- [ RunTime:0.001030s ]
SQL: SHOW COLUMNS FROM `wym_manager` [ RunTime:0.0006s ]
SQL: SELECT * FROM `wym_manager` WHERE `mg_name` = '吴义敏' AND `mg_status` = 1 LIMIT 1   [ RunTime:0.0005s ]

[ 2016-10-12T15:13:35+08:00 ] 127.0.0.1 /index.php/login/index
INFO: [ app_begin ] --START--
INFO: Run Behavior\ReadHtmlCacheBehavior [ RunTime:0.000525s ]
INFO: [ app_begin ] --END-- [ RunTime:0.001095s ]
SQL: SHOW COLUMNS FROM `wym_manager` [ RunTime:0.0007s ]
SQL: SELECT * FROM `wym_manager` WHERE `mg_name` = '吴义敏' AND `mg_status` = 1 LIMIT 1   [ RunTime:0.0004s ]

[ 2016-10-12T15:14:07+08:00 ] 127.0.0.1 /index.php/login/index
INFO: [ app_begin ] --START--
INFO: Run Behavior\ReadHtmlCacheBehavior [ RunTime:0.000813s ]
INFO: [ app_begin ] --END-- [ RunTime:0.001673s ]
SQL: SHOW COLUMNS FROM `wym_manager` [ RunTime:0.0007s ]
SQL: SELECT * FROM `wym_manager` WHERE `mg_name` = '吴义敏' AND `mg_status` = 1 LIMIT 1   [ RunTime:0.0008s ]

[ 2016-10-12T15:14:17+08:00 ] 127.0.0.1 /index.php/login/index
INFO: [ app_begin ] --START--
INFO: Run Behavior\ReadHtmlCacheBehavior [ RunTime:0.001263s ]
INFO: [ app_begin ] --END-- [ RunTime:0.002173s ]
SQL: SHOW COLUMNS FROM `wym_manager` [ RunTime:0.0006s ]
SQL: SELECT * FROM `wym_manager` WHERE `mg_name` = '吴义敏' AND `mg_status` = 1 LIMIT 1   [ RunTime:0.0006s ]
INFO: [ app_end ] --START--
INFO: Run Behavior\ShowPageTraceBehavior [ RunTime:0.000821s ]
INFO: [ app_end ] --END-- [ RunTime:0.000956s ]

[ 2016-10-12T15:14:23+08:00 ] 127.0.0.1 /index.php/login/index
INFO: [ app_begin ] --START--
INFO: Run Behavior\ReadHtmlCacheBehavior [ RunTime:0.001018s ]
INFO: [ app_begin ] --END-- [ RunTime:0.001931s ]
SQL: SHOW COLUMNS FROM `wym_manager` [ RunTime:0.0007s ]
SQL: SELECT * FROM `wym_manager` WHERE `mg_name` = '吴义敏' AND `mg_status` = 1 LIMIT 1   [ RunTime:0.0005s ]

[ 2016-10-12T15:14:24+08:00 ] 127.0.0.1 /index.php/login/index
INFO: [ app_begin ] --START--
INFO: Run Behavior\ReadHtmlCacheBehavior [ RunTime:0.000831s ]
INFO: [ app_begin ] --END-- [ RunTime:0.001718s ]
SQL: SHOW COLUMNS FROM `wym_manager` [ RunTime:0.0006s ]
SQL: SELECT * FROM `wym_manager` WHERE `mg_name` = '吴义敏' AND `mg_status` = 1 LIMIT 1   [ RunTime:0.0005s ]

[ 2016-10-12T15:14:30+08:00 ] 127.0.0.1 /index.php/login/index
INFO: [ app_begin ] --START--
INFO: Run Behavior\ReadHtmlCacheBehavior [ RunTime:0.000932s ]
INFO: [ app_begin ] --END-- [ RunTime:0.001904s ]
SQL: SHOW COLUMNS FROM `wym_manager` [ RunTime:0.0008s ]
SQL: SELECT * FROM `wym_manager` WHERE `mg_name` = '吴义敏' AND `mg_status` = 1 LIMIT 1   [ RunTime:0.0006s ]
INFO: [ app_end ] --START--
INFO: Run Behavior\ShowPageTraceBehavior [ RunTime:0.000796s ]
INFO: [ app_end ] --END-- [ RunTime:0.000929s ]

[ 2016-10-12T15:14:50+08:00 ] 127.0.0.1 /index.php/login/index
INFO: [ app_begin ] --START--
INFO: Run Behavior\ReadHtmlCacheBehavior [ RunTime:0.000522s ]
INFO: [ app_begin ] --END-- [ RunTime:0.001128s ]
SQL: SHOW COLUMNS FROM `wym_manager` [ RunTime:0.0009s ]
SQL: SELECT * FROM `wym_manager` WHERE `mg_name` = '吴义敏' AND `mg_status` = 1 LIMIT 1   [ RunTime:0.0005s ]
INFO: [ app_end ] --START--
INFO: Run Behavior\ShowPageTraceBehavior [ RunTime:0.000732s ]
INFO: [ app_end ] --END-- [ RunTime:0.000862s ]

[ 2016-10-12T15:15:14+08:00 ] 127.0.0.1 /index.php/login/index
INFO: [ app_begin ] --START--
INFO: Run Behavior\ReadHtmlCacheBehavior [ RunTime:0.001266s ]
INFO: [ app_begin ] --END-- [ RunTime:0.002240s ]
SQL: SHOW COLUMNS FROM `wym_manager` [ RunTime:0.0010s ]
SQL: SELECT * FROM `wym_manager` WHERE `mg_name` = '吴义敏' AND `mg_status` = 1 LIMIT 1   [ RunTime:0.0009s ]
INFO: [ app_end ] --START--
INFO: Run Behavior\ShowPageTraceBehavior [ RunTime:0.000916s ]
INFO: [ app_end ] --END-- [ RunTime:0.001088s ]

